#! /usr/local/bin/vvp
:ivl_version "11.0 (stable)" "(v11_0-132-gb2f2414f4)";
:ivl_delay_selection "TYPICAL";
:vpi_time_precision - 12;
:vpi_module "/usr/local/lib/ivl/system.vpi";
:vpi_module "/usr/local/lib/ivl/vhdl_sys.vpi";
:vpi_module "/usr/local/lib/ivl/vhdl_textio.vpi";
:vpi_module "/usr/local/lib/ivl/v2005_math.vpi";
:vpi_module "/usr/local/lib/ivl/va_math.vpi";
S_0x6344e98be280 .scope module, "pipeline_processor_tb" "pipeline_processor_tb" 2 1099;
 .timescale -9 -12;
v0x6344e98e5a90_0 .var "clk", 0 0;
v0x6344e98e5b50_0 .net "done", 0 0, L_0x6344e98fb210;  1 drivers
v0x6344e98e5c10_0 .var "reset", 0 0;
S_0x6344e98854c0 .scope module, "DUT" "pipelined_processor" 2 1105, 2 8 0, S_0x6344e98be280;
 .timescale -9 -12;
    .port_info 0 /INPUT 1 "clk";
    .port_info 1 /INPUT 1 "reset";
    .port_info 2 /INPUT 32 "initial_pc";
    .port_info 3 /OUTPUT 1 "done";
L_0x6344e98f7040 .functor OR 1, L_0x6344e98f7400, L_0x6344e98f7580, C4<0>, C4<0>;
L_0x6344e98aa310 .functor AND 1, L_0x6344e98f7310, L_0x6344e98f7040, C4<1>, C4<1>;
L_0x6344e98f85f0 .functor AND 1, L_0x6344e98f8330, L_0x6344e98f8500, C4<1>, C4<1>;
L_0x6344e98f8700 .functor BUFZ 32, L_0x6344e98bb990, C4<00000000000000000000000000000000>, C4<00000000000000000000000000000000>, C4<00000000000000000000000000000000>;
L_0x6344e98f8770 .functor OR 1, v0x6344e98d1ef0_0, L_0x6344e98f7f90, C4<0>, C4<0>;
L_0x6344e98f8f50 .functor OR 1, L_0x6344e98f8c30, L_0x6344e98f8e20, C4<0>, C4<0>;
L_0x6344e98f9bf0 .functor AND 1, v0x6344e98d5900_0, L_0x6344e98fa020, C4<1>, C4<1>;
L_0x6344e98faf80 .functor OR 1, v0x6344e98d9070_0, v0x6344e98d8d50_0, C4<0>, C4<0>;
L_0x6344e98fb130 .functor BUFZ 1, L_0x6344e98f9bf0, C4<0>, C4<0>, C4<0>;
L_0x6344e98fb1a0 .functor BUFZ 32, L_0x6344e98fa240, C4<00000000000000000000000000000000>, C4<00000000000000000000000000000000>, C4<00000000000000000000000000000000>;
L_0x6344e98fb280 .functor OR 1, L_0x6344e98fb130, L_0x6344e98f7f90, C4<0>, C4<0>;
L_0x6344e98fb3d0 .functor OR 1, L_0x6344e98fb280, L_0x6344e98f85f0, C4<0>, C4<0>;
L_0x6344e98fb210 .functor BUFZ 1, v0x6344e98d8c10_0, C4<0>, C4<0>, C4<0>;
v0x6344e98de300_0 .net "ALUOp_id", 3 0, v0x6344e98bbab0_0;  1 drivers
v0x6344e98de3e0_0 .net "ALUSrc_id", 0 0, v0x6344e98bbb50_0;  1 drivers
v0x6344e98de4f0_0 .net "Branch_id", 0 0, v0x6344e98978a0_0;  1 drivers
v0x6344e98de5e0_0 .net "ExtOp_id", 0 0, v0x6344e9897940_0;  1 drivers
v0x6344e98de680_0 .net "ForwardA", 1 0, v0x6344e98d3d00_0;  1 drivers
v0x6344e98de770_0 .net "ForwardB", 1 0, v0x6344e98d3da0_0;  1 drivers
v0x6344e98de810_0 .net "MemRead_id", 0 0, v0x6344e98aa430_0;  1 drivers
v0x6344e98de900_0 .net "MemToReg_id", 0 0, v0x6344e98aa530_0;  1 drivers
v0x6344e98de9f0_0 .net "MemWrite_id", 0 0, v0x6344e985e980_0;  1 drivers
v0x6344e98deb20_0 .net "RegDst_id", 0 0, v0x6344e98d1e30_0;  1 drivers
v0x6344e98dec10_0 .net "RegWrite_id", 0 0, v0x6344e98d1ef0_0;  1 drivers
L_0x735ee1a3b018 .functor BUFT 1, C4<00000000000000000000000000000001>, C4<0>, C4<0>, C4<0>;
v0x6344e98decb0_0 .net/2u *"_ivl_0", 31 0, L_0x735ee1a3b018;  1 drivers
L_0x735ee1a3b4e0 .functor BUFT 1, C4<00000000000000000000000000000000>, C4<0>, C4<0>, C4<0>;
v0x6344e98ded50_0 .net/2u *"_ivl_114", 31 0, L_0x735ee1a3b4e0;  1 drivers
v0x6344e98dedf0_0 .net *"_ivl_122", 31 0, L_0x6344e98fa930;  1 drivers
L_0x735ee1a3b5b8 .functor BUFT 1, C4<11111>, C4<0>, C4<0>, C4<0>;
v0x6344e98deed0_0 .net/2u *"_ivl_126", 4 0, L_0x735ee1a3b5b8;  1 drivers
v0x6344e98defb0_0 .net *"_ivl_136", 0 0, L_0x6344e98fb280;  1 drivers
L_0x735ee1a3b138 .functor BUFT 1, C4<0000000000000000>, C4<0>, C4<0>, C4<0>;
v0x6344e98df090_0 .net/2u *"_ivl_22", 15 0, L_0x735ee1a3b138;  1 drivers
v0x6344e98df280_0 .net *"_ivl_24", 31 0, L_0x6344e98f6c40;  1 drivers
v0x6344e98df360_0 .net *"_ivl_27", 0 0, L_0x6344e98f6de0;  1 drivers
v0x6344e98df440_0 .net *"_ivl_28", 15 0, L_0x6344e98f6e80;  1 drivers
v0x6344e98df520_0 .net *"_ivl_30", 31 0, L_0x6344e98f70b0;  1 drivers
L_0x735ee1a3b180 .functor BUFT 1, C4<000000>, C4<0>, C4<0>, C4<0>;
v0x6344e98df600_0 .net/2u *"_ivl_34", 5 0, L_0x735ee1a3b180;  1 drivers
v0x6344e98df6e0_0 .net *"_ivl_36", 0 0, L_0x6344e98f7310;  1 drivers
L_0x735ee1a3b1c8 .functor BUFT 1, C4<000000>, C4<0>, C4<0>, C4<0>;
v0x6344e98df7a0_0 .net/2u *"_ivl_38", 5 0, L_0x735ee1a3b1c8;  1 drivers
v0x6344e98df880_0 .net *"_ivl_40", 0 0, L_0x6344e98f7400;  1 drivers
L_0x735ee1a3b210 .functor BUFT 1, C4<000010>, C4<0>, C4<0>, C4<0>;
v0x6344e98df940_0 .net/2u *"_ivl_42", 5 0, L_0x735ee1a3b210;  1 drivers
v0x6344e98dfa20_0 .net *"_ivl_44", 0 0, L_0x6344e98f7580;  1 drivers
v0x6344e98dfae0_0 .net *"_ivl_47", 0 0, L_0x6344e98f7040;  1 drivers
v0x6344e98dfba0_0 .net *"_ivl_5", 5 0, L_0x6344e98f5ec0;  1 drivers
L_0x735ee1a3b258 .functor BUFT 1, C4<000000000000000000000000000>, C4<0>, C4<0>, C4<0>;
v0x6344e98dfc80_0 .net/2u *"_ivl_50", 26 0, L_0x735ee1a3b258;  1 drivers
v0x6344e98dfd60_0 .net *"_ivl_53", 4 0, L_0x6344e98f7880;  1 drivers
v0x6344e98dfe40_0 .net *"_ivl_59", 5 0, L_0x6344e98f7920;  1 drivers
L_0x735ee1a3b060 .functor BUFT 1, C4<111111>, C4<0>, C4<0>, C4<0>;
v0x6344e98dff20_0 .net/2u *"_ivl_6", 5 0, L_0x735ee1a3b060;  1 drivers
L_0x735ee1a3b2a0 .functor BUFT 1, C4<111111>, C4<0>, C4<0>, C4<0>;
v0x6344e98e0210_0 .net/2u *"_ivl_60", 5 0, L_0x735ee1a3b2a0;  1 drivers
L_0x735ee1a3b2e8 .functor BUFT 1, C4<000011>, C4<0>, C4<0>, C4<0>;
v0x6344e98e02f0_0 .net/2u *"_ivl_64", 5 0, L_0x735ee1a3b2e8;  1 drivers
L_0x735ee1a3b330 .functor BUFT 1, C4<000000>, C4<0>, C4<0>, C4<0>;
v0x6344e98e03d0_0 .net/2u *"_ivl_68", 5 0, L_0x735ee1a3b330;  1 drivers
v0x6344e98e04b0_0 .net *"_ivl_71", 25 0, L_0x6344e98f8080;  1 drivers
L_0x735ee1a3b378 .functor BUFT 1, C4<000000>, C4<0>, C4<0>, C4<0>;
v0x6344e98e0590_0 .net/2u *"_ivl_74", 5 0, L_0x735ee1a3b378;  1 drivers
v0x6344e98e0670_0 .net *"_ivl_76", 0 0, L_0x6344e98f8330;  1 drivers
L_0x735ee1a3b3c0 .functor BUFT 1, C4<001000>, C4<0>, C4<0>, C4<0>;
v0x6344e98e0730_0 .net/2u *"_ivl_78", 5 0, L_0x735ee1a3b3c0;  1 drivers
v0x6344e98e0810_0 .net *"_ivl_80", 0 0, L_0x6344e98f8500;  1 drivers
L_0x735ee1a3b408 .functor BUFT 1, C4<0110>, C4<0>, C4<0>, C4<0>;
v0x6344e98e08d0_0 .net/2u *"_ivl_92", 3 0, L_0x735ee1a3b408;  1 drivers
v0x6344e98e09b0_0 .net *"_ivl_94", 0 0, L_0x6344e98f8c30;  1 drivers
L_0x735ee1a3b450 .functor BUFT 1, C4<0111>, C4<0>, C4<0>, C4<0>;
v0x6344e98e0a70_0 .net/2u *"_ivl_96", 3 0, L_0x735ee1a3b450;  1 drivers
v0x6344e98e0b50_0 .net *"_ivl_98", 0 0, L_0x6344e98f8e20;  1 drivers
v0x6344e98e0c10_0 .net "alu_input_A", 31 0, v0x6344e98e0db0_0;  1 drivers
v0x6344e98e0cf0_0 .net "alu_input_A_final", 31 0, L_0x6344e98f90a0;  1 drivers
v0x6344e98e0db0_0 .var "alu_input_A_reg", 31 0;
v0x6344e98e0e70_0 .net "alu_input_B", 31 0, L_0x6344e98f8aa0;  1 drivers
v0x6344e98e0f30_0 .net "alu_input_B_pre", 31 0, v0x6344e98e0ff0_0;  1 drivers
v0x6344e98e0ff0_0 .var "alu_input_Bpre_reg", 31 0;
v0x6344e98e10d0_0 .net "alu_result_ex", 31 0, v0x6344e98da4e0_0;  1 drivers
v0x6344e98e11e0_0 .net "branch_decision", 0 0, L_0x6344e98fa020;  1 drivers
v0x6344e98e12a0_0 .net "branch_taken", 0 0, L_0x6344e98f9bf0;  1 drivers
v0x6344e98e1360_0 .net "branch_taken_ex", 0 0, L_0x6344e98fb130;  1 drivers
v0x6344e98e1420_0 .net "branch_target", 31 0, L_0x6344e98fa240;  1 drivers
v0x6344e98e1500_0 .net "branch_target_ex", 31 0, L_0x6344e98fb1a0;  1 drivers
v0x6344e98e15e0_0 .net "clk", 0 0, v0x6344e98e5a90_0;  1 drivers
v0x6344e98e1680_0 .net "done", 0 0, L_0x6344e98fb210;  alias, 1 drivers
v0x6344e98e1740_0 .net "exmem_Halt_out", 0 0, v0x6344e98d2670_0;  1 drivers
v0x6344e98e1830_0 .net "exmem_JAL_out", 0 0, v0x6344e98d27d0_0;  1 drivers
v0x6344e98e1920_0 .net "exmem_MemRead_out", 0 0, v0x6344e98d29a0_0;  1 drivers
v0x6344e98e19c0_0 .net "exmem_MemToReg_out", 0 0, v0x6344e98d2b20_0;  1 drivers
v0x6344e98e1ab0_0 .net "exmem_MemWrite_out", 0 0, v0x6344e98d2ca0_0;  1 drivers
v0x6344e98e1ba0_0 .net "exmem_RegWrite_out", 0 0, v0x6344e98d2e20_0;  1 drivers
v0x6344e98e2050_0 .net "exmem_alu_result_out", 31 0, v0x6344e98d2fc0_0;  1 drivers
v0x6344e98e20f0_0 .net "exmem_link_out", 31 0, v0x6344e98d3240_0;  1 drivers
v0x6344e98e2200_0 .net "exmem_write_data_out", 31 0, v0x6344e98d34c0_0;  1 drivers
v0x6344e98e2310_0 .net "exmem_write_reg_out", 4 0, v0x6344e98d3680_0;  1 drivers
v0x6344e98e23d0_0 .net "flush_ifid", 0 0, L_0x6344e98fb3d0;  1 drivers
v0x6344e98e2470_0 .net "forward_from_memwb", 31 0, L_0x6344e98f9d10;  1 drivers
v0x6344e98e2530_0 .net "halt_id", 0 0, L_0x6344e98f7d40;  1 drivers
v0x6344e98e25d0_0 .net "halt_if", 0 0, L_0x6344e98f5ff0;  1 drivers
v0x6344e98e2670_0 .net "id_funct", 5 0, L_0x6344e98f6250;  1 drivers
v0x6344e98e2730_0 .net "id_imm", 15 0, L_0x6344e98f6640;  1 drivers
v0x6344e98e27f0_0 .net "id_opcode", 5 0, L_0x6344e98f60e0;  1 drivers
v0x6344e98e28b0_0 .net "id_rd", 4 0, L_0x6344e98f6550;  1 drivers
v0x6344e98e2950_0 .net "id_rs", 4 0, L_0x6344e98f6340;  1 drivers
v0x6344e98e2a40_0 .net "id_rt", 4 0, L_0x6344e98f64b0;  1 drivers
v0x6344e98e2b50_0 .net "idex_ALUOp", 3 0, v0x6344e98d55e0_0;  1 drivers
v0x6344e98e2c60_0 .net "idex_ALUSrc", 0 0, v0x6344e98d5770_0;  1 drivers
v0x6344e98e2d00_0 .net "idex_Branch", 0 0, v0x6344e98d5900_0;  1 drivers
v0x6344e98e2da0_0 .net "idex_Halt_out", 0 0, v0x6344e98d5a40_0;  1 drivers
v0x6344e98e2e90_0 .net "idex_JAL_out", 0 0, v0x6344e98d5c40_0;  1 drivers
v0x6344e98e2f80_0 .net "idex_MemRead", 0 0, v0x6344e98d5de0_0;  1 drivers
v0x6344e98e3020_0 .net "idex_MemToReg", 0 0, v0x6344e98d5f20_0;  1 drivers
v0x6344e98e3110_0 .net "idex_MemWrite", 0 0, v0x6344e98d60c0_0;  1 drivers
v0x6344e98e3200_0 .net "idex_RegDst", 0 0, v0x6344e98d6370_0;  1 drivers
v0x6344e98e32a0_0 .net "idex_RegWrite", 0 0, v0x6344e98d64b0_0;  1 drivers
v0x6344e98e3390_0 .net "idex_imm_out", 31 0, v0x6344e98d66f0_0;  1 drivers
v0x6344e98e3430_0 .net "idex_link_out", 31 0, v0x6344e98d6830_0;  1 drivers
v0x6344e98e3520_0 .net "idex_next_pc_out", 31 0, v0x6344e98d69d0_0;  1 drivers
v0x6344e98e35c0_0 .net "idex_rd_out", 4 0, v0x6344e98d6b70_0;  1 drivers
v0x6344e98e3660_0 .net "idex_regdata1_out", 31 0, v0x6344e98d6d30_0;  1 drivers
v0x6344e98e3700_0 .net "idex_regdata2_out", 31 0, v0x6344e98d6ef0_0;  1 drivers
v0x6344e98e37f0_0 .net "idex_rs_out", 4 0, v0x6344e98d7360_0;  1 drivers
v0x6344e98e38e0_0 .net "idex_rt_out", 4 0, v0x6344e98d7510_0;  1 drivers
v0x6344e98e39a0_0 .net "idex_write_reg", 4 0, L_0x6344e98f87e0;  1 drivers
v0x6344e98e3a60_0 .net "ifid_instr_out", 31 0, v0x6344e98d8110_0;  1 drivers
v0x6344e98e3b00_0 .net "ifid_next_pc_out", 31 0, v0x6344e98d8320_0;  1 drivers
v0x6344e98e3ba0_0 .net "imm_ext_id", 31 0, L_0x6344e98f7150;  1 drivers
v0x6344e98e3c80_0 .net "imm_or_shamt", 31 0, L_0x6344e98f7ab0;  1 drivers
L_0x735ee1a3b600 .functor BUFT 1, C4<00000000000000000000000000101000>, C4<0>, C4<0>, C4<0>;
v0x6344e98e3d40_0 .net "initial_pc", 31 0, L_0x735ee1a3b600;  1 drivers
v0x6344e98e3e00_0 .net "instr_if", 31 0, v0x6344e98dbe80_0;  1 drivers
v0x6344e98e3f10_0 .net "is_jal", 0 0, L_0x6344e98f7f90;  1 drivers
v0x6344e98e3fb0_0 .net "is_jr", 0 0, L_0x6344e98f85f0;  1 drivers
v0x6344e98e4050_0 .net "is_shift_ex", 0 0, L_0x6344e98f8f50;  1 drivers
v0x6344e98e4110_0 .net "is_shift_id", 0 0, L_0x6344e98aa310;  1 drivers
v0x6344e98e41d0_0 .net "jal_target", 31 0, L_0x6344e98f81f0;  1 drivers
v0x6344e98e42b0_0 .net "jr_target", 31 0, L_0x6344e98f8700;  1 drivers
v0x6344e98e4390_0 .net "mem_read_data_mem", 31 0, L_0x6344e98fa2e0;  1 drivers
v0x6344e98e44a0_0 .net "memwb_Halt_out", 0 0, v0x6344e98d8c10_0;  1 drivers
v0x6344e98e4540_0 .net "memwb_JAL_out", 0 0, v0x6344e98d8d50_0;  1 drivers
v0x6344e98e45e0_0 .net "memwb_MemToReg_out", 0 0, v0x6344e98d8ee0_0;  1 drivers
v0x6344e98e4680_0 .net "memwb_RegWrite_out", 0 0, v0x6344e98d9070_0;  1 drivers
v0x6344e98e4770_0 .net "memwb_aluout_out", 31 0, v0x6344e98d91b0_0;  1 drivers
v0x6344e98e4810_0 .net "memwb_link_out", 31 0, v0x6344e98d93e0_0;  1 drivers
v0x6344e98e48b0_0 .net "memwb_memread_out", 31 0, v0x6344e98d9580_0;  1 drivers
v0x6344e98e4980_0 .net "memwb_writereg_out", 4 0, v0x6344e98d97c0_0;  1 drivers
v0x6344e98e4a70_0 .net "next_pc_if", 31 0, L_0x6344e98f5d80;  1 drivers
v0x6344e98e4b10_0 .var "pc", 31 0;
v0x6344e98e4be0_0 .net "reg_read1_id", 31 0, L_0x6344e98bb990;  1 drivers
v0x6344e98e4cd0_0 .net "reg_read2_id", 31 0, L_0x6344e9893f40;  1 drivers
v0x6344e98e4dc0_0 .net "reset", 0 0, v0x6344e98e5c10_0;  1 drivers
v0x6344e98e4e60_0 .net "shamt_ext_id", 31 0, L_0x6344e98f79c0;  1 drivers
v0x6344e98e4f40_0 .net "stall", 0 0, L_0x6344e98f9950;  1 drivers
v0x6344e98e4fe0_0 .net "writeback_data_wb", 31 0, L_0x6344e98fab10;  1 drivers
v0x6344e98e50a0_0 .net "writeback_enable_wb", 0 0, L_0x6344e98faf80;  1 drivers
v0x6344e98e5140_0 .net "writeback_reg_wb", 4 0, L_0x6344e98facf0;  1 drivers
E_0x6344e98548c0/0 .event edge, v0x6344e98d3d00_0, v0x6344e98d2fc0_0, v0x6344e98e2470_0, v0x6344e98d6d30_0;
E_0x6344e98548c0/1 .event edge, v0x6344e98d3da0_0, v0x6344e98d33e0_0;
E_0x6344e98548c0 .event/or E_0x6344e98548c0/0, E_0x6344e98548c0/1;
L_0x6344e98f5d80 .arith/sum 32, v0x6344e98e4b10_0, L_0x735ee1a3b018;
L_0x6344e98f5ec0 .part v0x6344e98dbe80_0, 26, 6;
L_0x6344e98f5ff0 .cmp/eq 6, L_0x6344e98f5ec0, L_0x735ee1a3b060;
L_0x6344e98f60e0 .part v0x6344e98d8110_0, 26, 6;
L_0x6344e98f6250 .part v0x6344e98d8110_0, 0, 6;
L_0x6344e98f6340 .part v0x6344e98d8110_0, 21, 5;
L_0x6344e98f64b0 .part v0x6344e98d8110_0, 16, 5;
L_0x6344e98f6550 .part v0x6344e98d8110_0, 11, 5;
L_0x6344e98f6640 .part v0x6344e98d8110_0, 0, 16;
L_0x6344e98f6c40 .concat [ 16 16 0 0], L_0x6344e98f6640, L_0x735ee1a3b138;
L_0x6344e98f6de0 .part L_0x6344e98f6640, 15, 1;
LS_0x6344e98f6e80_0_0 .concat [ 1 1 1 1], L_0x6344e98f6de0, L_0x6344e98f6de0, L_0x6344e98f6de0, L_0x6344e98f6de0;
LS_0x6344e98f6e80_0_4 .concat [ 1 1 1 1], L_0x6344e98f6de0, L_0x6344e98f6de0, L_0x6344e98f6de0, L_0x6344e98f6de0;
LS_0x6344e98f6e80_0_8 .concat [ 1 1 1 1], L_0x6344e98f6de0, L_0x6344e98f6de0, L_0x6344e98f6de0, L_0x6344e98f6de0;
LS_0x6344e98f6e80_0_12 .concat [ 1 1 1 1], L_0x6344e98f6de0, L_0x6344e98f6de0, L_0x6344e98f6de0, L_0x6344e98f6de0;
L_0x6344e98f6e80 .concat [ 4 4 4 4], LS_0x6344e98f6e80_0_0, LS_0x6344e98f6e80_0_4, LS_0x6344e98f6e80_0_8, LS_0x6344e98f6e80_0_12;
L_0x6344e98f70b0 .concat [ 16 16 0 0], L_0x6344e98f6640, L_0x6344e98f6e80;
L_0x6344e98f7150 .functor MUXZ 32, L_0x6344e98f70b0, L_0x6344e98f6c40, v0x6344e9897940_0, C4<>;
L_0x6344e98f7310 .cmp/eq 6, L_0x6344e98f60e0, L_0x735ee1a3b180;
L_0x6344e98f7400 .cmp/eq 6, L_0x6344e98f6250, L_0x735ee1a3b1c8;
L_0x6344e98f7580 .cmp/eq 6, L_0x6344e98f6250, L_0x735ee1a3b210;
L_0x6344e98f7880 .part v0x6344e98d8110_0, 6, 5;
L_0x6344e98f79c0 .concat [ 5 27 0 0], L_0x6344e98f7880, L_0x735ee1a3b258;
L_0x6344e98f7ab0 .functor MUXZ 32, L_0x6344e98f7150, L_0x6344e98f79c0, L_0x6344e98aa310, C4<>;
L_0x6344e98f7920 .part v0x6344e98d8110_0, 26, 6;
L_0x6344e98f7d40 .cmp/eq 6, L_0x6344e98f7920, L_0x735ee1a3b2a0;
L_0x6344e98f7f90 .cmp/eq 6, L_0x6344e98f60e0, L_0x735ee1a3b2e8;
L_0x6344e98f8080 .part v0x6344e98d8110_0, 0, 26;
L_0x6344e98f81f0 .concat [ 26 6 0 0], L_0x6344e98f8080, L_0x735ee1a3b330;
L_0x6344e98f8330 .cmp/eq 6, L_0x6344e98f60e0, L_0x735ee1a3b378;
L_0x6344e98f8500 .cmp/eq 6, L_0x6344e98f6250, L_0x735ee1a3b3c0;
L_0x6344e98f87e0 .functor MUXZ 5, v0x6344e98d7510_0, v0x6344e98d6b70_0, v0x6344e98d6370_0, C4<>;
L_0x6344e98f8aa0 .functor MUXZ 32, v0x6344e98e0ff0_0, v0x6344e98d66f0_0, v0x6344e98d5770_0, C4<>;
L_0x6344e98f8c30 .cmp/eq 4, v0x6344e98d55e0_0, L_0x735ee1a3b408;
L_0x6344e98f8e20 .cmp/eq 4, v0x6344e98d55e0_0, L_0x735ee1a3b450;
L_0x6344e98f90a0 .functor MUXZ 32, v0x6344e98e0db0_0, v0x6344e98e0ff0_0, L_0x6344e98f8f50, C4<>;
L_0x6344e98f9a10 .part v0x6344e98d8110_0, 21, 5;
L_0x6344e98f9b00 .part v0x6344e98d8110_0, 16, 5;
L_0x6344e98f9d10 .functor MUXZ 32, v0x6344e98d91b0_0, v0x6344e98d9580_0, v0x6344e98d8ee0_0, C4<>;
L_0x6344e98fa020 .cmp/eq 32, v0x6344e98da4e0_0, L_0x735ee1a3b4e0;
L_0x6344e98fa240 .arith/sum 32, v0x6344e98d69d0_0, v0x6344e98d66f0_0;
L_0x6344e98fa930 .functor MUXZ 32, v0x6344e98d91b0_0, v0x6344e98d9580_0, v0x6344e98d8ee0_0, C4<>;
L_0x6344e98fab10 .functor MUXZ 32, L_0x6344e98fa930, v0x6344e98d93e0_0, v0x6344e98d8d50_0, C4<>;
L_0x6344e98facf0 .functor MUXZ 5, v0x6344e98d97c0_0, L_0x735ee1a3b5b8, v0x6344e98d8d50_0, C4<>;
S_0x6344e98b2010 .scope module, "CU" "control_unit" 2 86, 2 946 0, S_0x6344e98854c0;
 .timescale -9 -12;
    .port_info 0 /INPUT 6 "opcode";
    .port_info 1 /INPUT 6 "funct";
    .port_info 2 /OUTPUT 1 "RegWrite";
    .port_info 3 /OUTPUT 1 "MemRead";
    .port_info 4 /OUTPUT 1 "MemWrite";
    .port_info 5 /OUTPUT 1 "MemToReg";
    .port_info 6 /OUTPUT 1 "ALUSrc";
    .port_info 7 /OUTPUT 1 "RegDst";
    .port_info 8 /OUTPUT 1 "Branch";
    .port_info 9 /OUTPUT 4 "ALUOp";
    .port_info 10 /OUTPUT 1 "ExtOp";
v0x6344e98bbab0_0 .var "ALUOp", 3 0;
v0x6344e98bbb50_0 .var "ALUSrc", 0 0;
v0x6344e98978a0_0 .var "Branch", 0 0;
v0x6344e9897940_0 .var "ExtOp", 0 0;
v0x6344e98aa430_0 .var "MemRead", 0 0;
v0x6344e98aa530_0 .var "MemToReg", 0 0;
v0x6344e985e980_0 .var "MemWrite", 0 0;
v0x6344e98d1e30_0 .var "RegDst", 0 0;
v0x6344e98d1ef0_0 .var "RegWrite", 0 0;
v0x6344e98d1fb0_0 .net "funct", 5 0, L_0x6344e98f6250;  alias, 1 drivers
v0x6344e98d2090_0 .net "opcode", 5 0, L_0x6344e98f60e0;  alias, 1 drivers
E_0x6344e9818c80 .event edge, v0x6344e98d2090_0, v0x6344e98d1fb0_0;
S_0x6344e98bd380 .scope module, "EXMEM" "EX_MEM_reg" 2 298, 2 831 0, S_0x6344e98854c0;
 .timescale -9 -12;
    .port_info 0 /INPUT 1 "clk";
    .port_info 1 /INPUT 1 "reset";
    .port_info 2 /INPUT 1 "Halt_in";
    .port_info 3 /INPUT 1 "JAL_in";
    .port_info 4 /INPUT 32 "link_in";
    .port_info 5 /INPUT 32 "alu_result_in";
    .port_info 6 /INPUT 32 "write_data_in";
    .port_info 7 /INPUT 5 "write_reg_in";
    .port_info 8 /INPUT 1 "RegWrite_in";
    .port_info 9 /INPUT 1 "MemRead_in";
    .port_info 10 /INPUT 1 "MemWrite_in";
    .port_info 11 /INPUT 1 "MemToReg_in";
    .port_info 12 /OUTPUT 32 "alu_result_out";
    .port_info 13 /OUTPUT 32 "write_data_out";
    .port_info 14 /OUTPUT 5 "write_reg_out";
    .port_info 15 /OUTPUT 1 "RegWrite_out";
    .port_info 16 /OUTPUT 1 "MemRead_out";
    .port_info 17 /OUTPUT 1 "MemWrite_out";
    .port_info 18 /OUTPUT 1 "MemToReg_out";
    .port_info 19 /OUTPUT 1 "Halt_out";
    .port_info 20 /OUTPUT 1 "JAL_out";
    .port_info 21 /OUTPUT 32 "link_out";
v0x6344e98d2590_0 .net "Halt_in", 0 0, v0x6344e98d5a40_0;  alias, 1 drivers
v0x6344e98d2670_0 .var "Halt_out", 0 0;
v0x6344e98d2730_0 .net "JAL_in", 0 0, v0x6344e98d5c40_0;  alias, 1 drivers
v0x6344e98d27d0_0 .var "JAL_out", 0 0;
v0x6344e98d2890_0 .net "MemRead_in", 0 0, v0x6344e98d5de0_0;  alias, 1 drivers
v0x6344e98d29a0_0 .var "MemRead_out", 0 0;
v0x6344e98d2a60_0 .net "MemToReg_in", 0 0, v0x6344e98d5f20_0;  alias, 1 drivers
v0x6344e98d2b20_0 .var "MemToReg_out", 0 0;
v0x6344e98d2be0_0 .net "MemWrite_in", 0 0, v0x6344e98d60c0_0;  alias, 1 drivers
v0x6344e98d2ca0_0 .var "MemWrite_out", 0 0;
v0x6344e98d2d60_0 .net "RegWrite_in", 0 0, v0x6344e98d64b0_0;  alias, 1 drivers
v0x6344e98d2e20_0 .var "RegWrite_out", 0 0;
v0x6344e98d2ee0_0 .net "alu_result_in", 31 0, v0x6344e98da4e0_0;  alias, 1 drivers
v0x6344e98d2fc0_0 .var "alu_result_out", 31 0;
v0x6344e98d30a0_0 .net "clk", 0 0, v0x6344e98e5a90_0;  alias, 1 drivers
v0x6344e98d3160_0 .net "link_in", 31 0, v0x6344e98d6830_0;  alias, 1 drivers
v0x6344e98d3240_0 .var "link_out", 31 0;
v0x6344e98d3320_0 .net "reset", 0 0, v0x6344e98e5c10_0;  alias, 1 drivers
v0x6344e98d33e0_0 .net "write_data_in", 31 0, v0x6344e98d6ef0_0;  alias, 1 drivers
v0x6344e98d34c0_0 .var "write_data_out", 31 0;
v0x6344e98d35a0_0 .net "write_reg_in", 4 0, L_0x6344e98f87e0;  alias, 1 drivers
v0x6344e98d3680_0 .var "write_reg_out", 4 0;
E_0x6344e981ff60 .event posedge, v0x6344e98d3320_0, v0x6344e98d30a0_0;
S_0x6344e98bd700 .scope module, "FU" "forwarding_unit" 2 235, 2 1039 0, S_0x6344e98854c0;
 .timescale -9 -12;
    .port_info 0 /INPUT 1 "EX_MEM_RegWrite";
    .port_info 1 /INPUT 5 "EX_MEM_Rd";
    .port_info 2 /INPUT 1 "MEM_WB_RegWrite";
    .port_info 3 /INPUT 5 "MEM_WB_Rd";
    .port_info 4 /INPUT 5 "ID_EX_Rs";
    .port_info 5 /INPUT 5 "ID_EX_Rt";
    .port_info 6 /OUTPUT 2 "ForwardA";
    .port_info 7 /OUTPUT 2 "ForwardB";
v0x6344e98d3b80_0 .net "EX_MEM_Rd", 4 0, v0x6344e98d3680_0;  alias, 1 drivers
v0x6344e98d3c60_0 .net "EX_MEM_RegWrite", 0 0, v0x6344e98d2e20_0;  alias, 1 drivers
v0x6344e98d3d00_0 .var "ForwardA", 1 0;
v0x6344e98d3da0_0 .var "ForwardB", 1 0;
v0x6344e98d3e60_0 .net "ID_EX_Rs", 4 0, v0x6344e98d7360_0;  alias, 1 drivers
v0x6344e98d3f90_0 .net "ID_EX_Rt", 4 0, v0x6344e98d7510_0;  alias, 1 drivers
v0x6344e98d4070_0 .net "MEM_WB_Rd", 4 0, v0x6344e98d97c0_0;  alias, 1 drivers
v0x6344e98d4150_0 .net "MEM_WB_RegWrite", 0 0, v0x6344e98d9070_0;  alias, 1 drivers
E_0x6344e9855fe0/0 .event edge, v0x6344e98d2e20_0, v0x6344e98d3680_0, v0x6344e98d3e60_0, v0x6344e98d4150_0;
E_0x6344e9855fe0/1 .event edge, v0x6344e98d4070_0, v0x6344e98d3f90_0;
E_0x6344e9855fe0 .event/or E_0x6344e9855fe0/0, E_0x6344e9855fe0/1;
S_0x6344e98d4360 .scope module, "HZ" "hazard_unit" 2 247, 2 1076 0, S_0x6344e98854c0;
 .timescale -9 -12;
    .port_info 0 /INPUT 1 "ID_EX_MemRead";
    .port_info 1 /INPUT 5 "ID_EX_Rt";
    .port_info 2 /INPUT 5 "IF_ID_Rs";
    .port_info 3 /INPUT 5 "IF_ID_Rt";
    .port_info 4 /OUTPUT 1 "stall";
L_0x6344e98f9340 .functor BUFZ 1, v0x6344e98d5de0_0, C4<0>, C4<0>, C4<0>;
L_0x6344e98f9730 .functor OR 1, L_0x6344e98f95f0, L_0x6344e98f9690, C4<0>, C4<0>;
L_0x6344e98f9840 .functor AND 1, L_0x6344e98f9340, L_0x6344e98f9550, C4<1>, C4<1>;
L_0x6344e98f9950 .functor AND 1, L_0x6344e98f9840, L_0x6344e98f9730, C4<1>, C4<1>;
v0x6344e98d44f0_0 .net "ID_EX_MemRead", 0 0, v0x6344e98d5de0_0;  alias, 1 drivers
v0x6344e98d45e0_0 .net "ID_EX_Rt", 4 0, v0x6344e98d7510_0;  alias, 1 drivers
v0x6344e98d46b0_0 .net "IF_ID_Rs", 4 0, L_0x6344e98f9a10;  1 drivers
v0x6344e98d4780_0 .net "IF_ID_Rt", 4 0, L_0x6344e98f9b00;  1 drivers
v0x6344e98d4860_0 .net *"_ivl_13", 0 0, L_0x6344e98f9840;  1 drivers
L_0x735ee1a3b498 .functor BUFT 1, C4<00000>, C4<0>, C4<0>, C4<0>;
v0x6344e98d4970_0 .net/2u *"_ivl_2", 4 0, L_0x735ee1a3b498;  1 drivers
v0x6344e98d4a50_0 .net "is_load", 0 0, L_0x6344e98f9340;  1 drivers
v0x6344e98d4b10_0 .net "reg_hazard", 0 0, L_0x6344e98f9730;  1 drivers
v0x6344e98d4bd0_0 .net "rs_match", 0 0, L_0x6344e98f95f0;  1 drivers
v0x6344e98d4c90_0 .net "rt_match", 0 0, L_0x6344e98f9690;  1 drivers
v0x6344e98d4d50_0 .net "stall", 0 0, L_0x6344e98f9950;  alias, 1 drivers
v0x6344e98d4e10_0 .net "valid_dest", 0 0, L_0x6344e98f9550;  1 drivers
L_0x6344e98f9550 .cmp/ne 5, v0x6344e98d7510_0, L_0x735ee1a3b498;
L_0x6344e98f95f0 .cmp/eq 5, v0x6344e98d7510_0, L_0x6344e98f9a10;
L_0x6344e98f9690 .cmp/eq 5, v0x6344e98d7510_0, L_0x6344e98f9b00;
S_0x6344e98d4f70 .scope module, "IDEX" "ID_EX_reg" 2 166, 2 712 0, S_0x6344e98854c0;
 .timescale -9 -12;
    .port_info 0 /INPUT 1 "clk";
    .port_info 1 /INPUT 1 "reset";
    .port_info 2 /INPUT 1 "stall";
    .port_info 3 /INPUT 1 "Halt_in";
    .port_info 4 /INPUT 32 "next_pc_in";
    .port_info 5 /INPUT 32 "regdata1_in";
    .port_info 6 /INPUT 32 "regdata2_in";
    .port_info 7 /INPUT 32 "imm_in";
    .port_info 8 /INPUT 5 "rs_in";
    .port_info 9 /INPUT 5 "rt_in";
    .port_info 10 /INPUT 5 "rd_in";
    .port_info 11 /INPUT 1 "RegWrite_in";
    .port_info 12 /INPUT 1 "MemRead_in";
    .port_info 13 /INPUT 1 "MemWrite_in";
    .port_info 14 /INPUT 1 "MemToReg_in";
    .port_info 15 /INPUT 1 "RegDst_in";
    .port_info 16 /INPUT 1 "Branch_in";
    .port_info 17 /INPUT 1 "ALUSrc_in";
    .port_info 18 /INPUT 4 "ALUOp_in";
    .port_info 19 /INPUT 1 "JAL_in";
    .port_info 20 /INPUT 32 "link_in";
    .port_info 21 /OUTPUT 32 "next_pc_out";
    .port_info 22 /OUTPUT 32 "regdata1_out";
    .port_info 23 /OUTPUT 32 "regdata2_out";
    .port_info 24 /OUTPUT 32 "imm_out";
    .port_info 25 /OUTPUT 5 "rs_out";
    .port_info 26 /OUTPUT 5 "rt_out";
    .port_info 27 /OUTPUT 5 "rd_out";
    .port_info 28 /OUTPUT 1 "RegWrite_out";
    .port_info 29 /OUTPUT 1 "MemRead_out";
    .port_info 30 /OUTPUT 1 "MemWrite_out";
    .port_info 31 /OUTPUT 1 "MemToReg_out";
    .port_info 32 /OUTPUT 1 "RegDst_out";
    .port_info 33 /OUTPUT 1 "Branch_out";
    .port_info 34 /OUTPUT 1 "ALUSrc_out";
    .port_info 35 /OUTPUT 4 "ALUOp_out";
    .port_info 36 /OUTPUT 1 "Halt_out";
    .port_info 37 /OUTPUT 1 "JAL_out";
    .port_info 38 /OUTPUT 32 "link_out";
v0x6344e98d5500_0 .net "ALUOp_in", 3 0, v0x6344e98bbab0_0;  alias, 1 drivers
v0x6344e98d55e0_0 .var "ALUOp_out", 3 0;
v0x6344e98d56a0_0 .net "ALUSrc_in", 0 0, v0x6344e98bbb50_0;  alias, 1 drivers
v0x6344e98d5770_0 .var "ALUSrc_out", 0 0;
v0x6344e98d5810_0 .net "Branch_in", 0 0, v0x6344e98978a0_0;  alias, 1 drivers
v0x6344e98d5900_0 .var "Branch_out", 0 0;
v0x6344e98d59a0_0 .net "Halt_in", 0 0, L_0x6344e98f7d40;  alias, 1 drivers
v0x6344e98d5a40_0 .var "Halt_out", 0 0;
v0x6344e98d5b10_0 .net "JAL_in", 0 0, L_0x6344e98f7f90;  alias, 1 drivers
v0x6344e98d5c40_0 .var "JAL_out", 0 0;
v0x6344e98d5d10_0 .net "MemRead_in", 0 0, v0x6344e98aa430_0;  alias, 1 drivers
v0x6344e98d5de0_0 .var "MemRead_out", 0 0;
v0x6344e98d5e80_0 .net "MemToReg_in", 0 0, v0x6344e98aa530_0;  alias, 1 drivers
v0x6344e98d5f20_0 .var "MemToReg_out", 0 0;
v0x6344e98d5ff0_0 .net "MemWrite_in", 0 0, v0x6344e985e980_0;  alias, 1 drivers
v0x6344e98d60c0_0 .var "MemWrite_out", 0 0;
v0x6344e98d6190_0 .net "RegDst_in", 0 0, v0x6344e98d1e30_0;  alias, 1 drivers
v0x6344e98d6370_0 .var "RegDst_out", 0 0;
v0x6344e98d6410_0 .net "RegWrite_in", 0 0, L_0x6344e98f8770;  1 drivers
v0x6344e98d64b0_0 .var "RegWrite_out", 0 0;
v0x6344e98d6580_0 .net "clk", 0 0, v0x6344e98e5a90_0;  alias, 1 drivers
v0x6344e98d6650_0 .net "imm_in", 31 0, L_0x6344e98f7ab0;  alias, 1 drivers
v0x6344e98d66f0_0 .var "imm_out", 31 0;
v0x6344e98d6790_0 .net "link_in", 31 0, v0x6344e98d8320_0;  alias, 1 drivers
v0x6344e98d6830_0 .var "link_out", 31 0;
v0x6344e98d6900_0 .net "next_pc_in", 31 0, v0x6344e98d8320_0;  alias, 1 drivers
v0x6344e98d69d0_0 .var "next_pc_out", 31 0;
v0x6344e98d6a90_0 .net "rd_in", 4 0, L_0x6344e98f6550;  alias, 1 drivers
v0x6344e98d6b70_0 .var "rd_out", 4 0;
v0x6344e98d6c50_0 .net "regdata1_in", 31 0, L_0x6344e98bb990;  alias, 1 drivers
v0x6344e98d6d30_0 .var "regdata1_out", 31 0;
v0x6344e98d6e10_0 .net "regdata2_in", 31 0, L_0x6344e9893f40;  alias, 1 drivers
v0x6344e98d6ef0_0 .var "regdata2_out", 31 0;
v0x6344e98d71f0_0 .net "reset", 0 0, v0x6344e98e5c10_0;  alias, 1 drivers
v0x6344e98d72c0_0 .net "rs_in", 4 0, L_0x6344e98f6340;  alias, 1 drivers
v0x6344e98d7360_0 .var "rs_out", 4 0;
v0x6344e98d7450_0 .net "rt_in", 4 0, L_0x6344e98f64b0;  alias, 1 drivers
v0x6344e98d7510_0 .var "rt_out", 4 0;
v0x6344e98d7620_0 .net "stall", 0 0, L_0x6344e98f9950;  alias, 1 drivers
S_0x6344e98d7b80 .scope module, "IFID" "IF_ID_reg" 2 39, 2 662 0, S_0x6344e98854c0;
 .timescale -9 -12;
    .port_info 0 /INPUT 1 "clk";
    .port_info 1 /INPUT 1 "reset";
    .port_info 2 /INPUT 1 "stall";
    .port_info 3 /INPUT 1 "flush";
    .port_info 4 /INPUT 32 "instr_in";
    .port_info 5 /INPUT 32 "next_pc_in";
    .port_info 6 /OUTPUT 32 "instr_out";
    .port_info 7 /OUTPUT 32 "next_pc_out";
v0x6344e98d7e80_0 .net "clk", 0 0, v0x6344e98e5a90_0;  alias, 1 drivers
v0x6344e98d7f90_0 .net "flush", 0 0, L_0x6344e98fb3d0;  alias, 1 drivers
v0x6344e98d8050_0 .net "instr_in", 31 0, v0x6344e98dbe80_0;  alias, 1 drivers
v0x6344e98d8110_0 .var "instr_out", 31 0;
v0x6344e98d81f0_0 .net "next_pc_in", 31 0, L_0x6344e98f5d80;  alias, 1 drivers
v0x6344e98d8320_0 .var "next_pc_out", 31 0;
v0x6344e98d8430_0 .net "reset", 0 0, v0x6344e98e5c10_0;  alias, 1 drivers
v0x6344e98d8520_0 .net "stall", 0 0, L_0x6344e98f9950;  alias, 1 drivers
S_0x6344e98d8760 .scope module, "MEMWB" "MEM_WB_reg" 2 345, 2 900 0, S_0x6344e98854c0;
 .timescale -9 -12;
    .port_info 0 /INPUT 1 "clk";
    .port_info 1 /INPUT 1 "reset";
    .port_info 2 /INPUT 1 "Halt_in";
    .port_info 3 /INPUT 1 "JAL_in";
    .port_info 4 /INPUT 32 "link_in";
    .port_info 5 /INPUT 32 "mem_read_in";
    .port_info 6 /INPUT 32 "alu_result_in";
    .port_info 7 /INPUT 5 "write_reg_in";
    .port_info 8 /INPUT 1 "RegWrite_in";
    .port_info 9 /INPUT 1 "MemToReg_in";
    .port_info 10 /OUTPUT 32 "mem_read_out";
    .port_info 11 /OUTPUT 32 "alu_result_out";
    .port_info 12 /OUTPUT 5 "write_reg_out";
    .port_info 13 /OUTPUT 1 "RegWrite_out";
    .port_info 14 /OUTPUT 1 "MemToReg_out";
    .port_info 15 /OUTPUT 1 "Halt_out";
    .port_info 16 /OUTPUT 1 "JAL_out";
    .port_info 17 /OUTPUT 32 "link_out";
v0x6344e98d8b50_0 .net "Halt_in", 0 0, v0x6344e98d2670_0;  alias, 1 drivers
v0x6344e98d8c10_0 .var "Halt_out", 0 0;
v0x6344e98d8cb0_0 .net "JAL_in", 0 0, v0x6344e98d27d0_0;  alias, 1 drivers
v0x6344e98d8d50_0 .var "JAL_out", 0 0;
v0x6344e98d8df0_0 .net "MemToReg_in", 0 0, v0x6344e98d2b20_0;  alias, 1 drivers
v0x6344e98d8ee0_0 .var "MemToReg_out", 0 0;
v0x6344e98d8f80_0 .net "RegWrite_in", 0 0, v0x6344e98d2e20_0;  alias, 1 drivers
v0x6344e98d9070_0 .var "RegWrite_out", 0 0;
v0x6344e98d9110_0 .net "alu_result_in", 31 0, v0x6344e98d2fc0_0;  alias, 1 drivers
v0x6344e98d91b0_0 .var "alu_result_out", 31 0;
v0x6344e98d9250_0 .net "clk", 0 0, v0x6344e98e5a90_0;  alias, 1 drivers
v0x6344e98d92f0_0 .net "link_in", 31 0, v0x6344e98d3240_0;  alias, 1 drivers
v0x6344e98d93e0_0 .var "link_out", 31 0;
v0x6344e98d94a0_0 .net "mem_read_in", 31 0, L_0x6344e98fa2e0;  alias, 1 drivers
v0x6344e98d9580_0 .var "mem_read_out", 31 0;
v0x6344e98d9660_0 .net "reset", 0 0, v0x6344e98e5c10_0;  alias, 1 drivers
v0x6344e98d9700_0 .net "write_reg_in", 4 0, v0x6344e98d3680_0;  alias, 1 drivers
v0x6344e98d97c0_0 .var "write_reg_out", 4 0;
S_0x6344e98d9b40 .scope module, "alu_ex" "alu" 2 281, 2 410 0, S_0x6344e98854c0;
 .timescale -9 -12;
    .port_info 0 /INPUT 32 "A";
    .port_info 1 /INPUT 32 "B";
    .port_info 2 /INPUT 4 "ALU_Sel";
    .port_info 3 /OUTPUT 32 "ALU_Out";
P_0x6344e98d9d20 .param/l "ADD" 0 2 411, C4<0000>;
P_0x6344e98d9d60 .param/l "AND" 0 2 413, C4<0010>;
P_0x6344e98d9da0 .param/l "MUL" 0 2 412, C4<0001>;
P_0x6344e98d9de0 .param/l "NOR" 0 2 416, C4<0101>;
P_0x6344e98d9e20 .param/l "OR" 0 2 414, C4<0011>;
P_0x6344e98d9e60 .param/l "SLL" 0 2 417, C4<0110>;
P_0x6344e98d9ea0 .param/l "SLT" 0 2 420, C4<1010>;
P_0x6344e98d9ee0 .param/l "SRL" 0 2 418, C4<0111>;
P_0x6344e98d9f20 .param/l "SUB" 0 2 419, C4<1000>;
P_0x6344e98d9f60 .param/l "XOR" 0 2 415, C4<0100>;
v0x6344e98d88f0_0 .net "A", 31 0, L_0x6344e98f90a0;  alias, 1 drivers
v0x6344e98da4e0_0 .var "ALU_Out", 31 0;
v0x6344e98da5d0_0 .net "ALU_Sel", 3 0, v0x6344e98d55e0_0;  alias, 1 drivers
v0x6344e98da6d0_0 .net "B", 31 0, L_0x6344e98f8aa0;  alias, 1 drivers
E_0x6344e97eb4f0 .event edge, v0x6344e98d55e0_0, v0x6344e98d88f0_0, v0x6344e98da6d0_0;
S_0x6344e98da820 .scope module, "data_mem" "memoryFile" 2 329, 2 471 0, S_0x6344e98854c0;
 .timescale -9 -12;
    .port_info 0 /INPUT 1 "clk";
    .port_info 1 /INPUT 32 "addr";
    .port_info 2 /INPUT 1 "writeEnable";
    .port_info 3 /INPUT 32 "writeData";
    .port_info 4 /OUTPUT 32 "readData";
L_0x6344e98fa2e0 .functor BUFZ 32, L_0x6344e98fa3a0, C4<00000000000000000000000000000000>, C4<00000000000000000000000000000000>, C4<00000000000000000000000000000000>;
v0x6344e98daa40_0 .net *"_ivl_0", 31 0, L_0x6344e98fa3a0;  1 drivers
v0x6344e98dab40_0 .net *"_ivl_10", 9 0, L_0x6344e98fa750;  1 drivers
L_0x735ee1a3b570 .functor BUFT 1, C4<00>, C4<0>, C4<0>, C4<0>;
v0x6344e98dac20_0 .net *"_ivl_13", 1 0, L_0x735ee1a3b570;  1 drivers
v0x6344e98dad10_0 .net *"_ivl_3", 7 0, L_0x6344e98fa440;  1 drivers
v0x6344e98dadf0_0 .net *"_ivl_4", 7 0, L_0x6344e98fa610;  1 drivers
v0x6344e98daed0_0 .net *"_ivl_6", 5 0, L_0x6344e98fa570;  1 drivers
L_0x735ee1a3b528 .functor BUFT 1, C4<00>, C4<0>, C4<0>, C4<0>;
v0x6344e98dafb0_0 .net *"_ivl_8", 1 0, L_0x735ee1a3b528;  1 drivers
v0x6344e98db090_0 .net "addr", 31 0, v0x6344e98d2fc0_0;  alias, 1 drivers
v0x6344e98db1a0_0 .net "clk", 0 0, v0x6344e98e5a90_0;  alias, 1 drivers
v0x6344e98db360_0 .var/i "i", 31 0;
v0x6344e98db440 .array "mem", 255 0, 31 0;
v0x6344e98db500_0 .net "readData", 31 0, L_0x6344e98fa2e0;  alias, 1 drivers
v0x6344e98db5c0_0 .net "writeData", 31 0, v0x6344e98d34c0_0;  alias, 1 drivers
v0x6344e98db660_0 .net "writeEnable", 0 0, v0x6344e98d2ca0_0;  alias, 1 drivers
E_0x6344e98c1420 .event posedge, v0x6344e98d30a0_0;
L_0x6344e98fa3a0 .array/port v0x6344e98db440, L_0x6344e98fa750;
L_0x6344e98fa440 .part v0x6344e98d2fc0_0, 0, 8;
L_0x6344e98fa570 .part L_0x6344e98fa440, 2, 6;
L_0x6344e98fa610 .concat [ 6 2 0 0], L_0x6344e98fa570, L_0x735ee1a3b528;
L_0x6344e98fa750 .concat [ 8 2 0 0], L_0x6344e98fa610, L_0x735ee1a3b570;
S_0x6344e98db7c0 .scope module, "prog_mem" "programMem" 2 23, 2 494 0, S_0x6344e98854c0;
 .timescale -9 -12;
    .port_info 0 /INPUT 32 "pc";
    .port_info 1 /OUTPUT 32 "instruction";
v0x6344e98dbda0_0 .net "instruction", 31 0, v0x6344e98dbe80_0;  alias, 1 drivers
v0x6344e98dbe80_0 .var "instruction_reg", 31 0;
v0x6344e98dbf40 .array "instructions", 0 127, 31 0;
v0x6344e98dd010_0 .net "pc", 31 0, v0x6344e98e4b10_0;  1 drivers
v0x6344e98dbf40_0 .array/port v0x6344e98dbf40, 0;
v0x6344e98dbf40_1 .array/port v0x6344e98dbf40, 1;
v0x6344e98dbf40_2 .array/port v0x6344e98dbf40, 2;
E_0x6344e98c1860/0 .event edge, v0x6344e98dd010_0, v0x6344e98dbf40_0, v0x6344e98dbf40_1, v0x6344e98dbf40_2;
v0x6344e98dbf40_3 .array/port v0x6344e98dbf40, 3;
v0x6344e98dbf40_4 .array/port v0x6344e98dbf40, 4;
v0x6344e98dbf40_5 .array/port v0x6344e98dbf40, 5;
v0x6344e98dbf40_6 .array/port v0x6344e98dbf40, 6;
E_0x6344e98c1860/1 .event edge, v0x6344e98dbf40_3, v0x6344e98dbf40_4, v0x6344e98dbf40_5, v0x6344e98dbf40_6;
v0x6344e98dbf40_7 .array/port v0x6344e98dbf40, 7;
v0x6344e98dbf40_8 .array/port v0x6344e98dbf40, 8;
v0x6344e98dbf40_9 .array/port v0x6344e98dbf40, 9;
v0x6344e98dbf40_10 .array/port v0x6344e98dbf40, 10;
E_0x6344e98c1860/2 .event edge, v0x6344e98dbf40_7, v0x6344e98dbf40_8, v0x6344e98dbf40_9, v0x6344e98dbf40_10;
v0x6344e98dbf40_11 .array/port v0x6344e98dbf40, 11;
v0x6344e98dbf40_12 .array/port v0x6344e98dbf40, 12;
v0x6344e98dbf40_13 .array/port v0x6344e98dbf40, 13;
v0x6344e98dbf40_14 .array/port v0x6344e98dbf40, 14;
E_0x6344e98c1860/3 .event edge, v0x6344e98dbf40_11, v0x6344e98dbf40_12, v0x6344e98dbf40_13, v0x6344e98dbf40_14;
v0x6344e98dbf40_15 .array/port v0x6344e98dbf40, 15;
v0x6344e98dbf40_16 .array/port v0x6344e98dbf40, 16;
v0x6344e98dbf40_17 .array/port v0x6344e98dbf40, 17;
v0x6344e98dbf40_18 .array/port v0x6344e98dbf40, 18;
E_0x6344e98c1860/4 .event edge, v0x6344e98dbf40_15, v0x6344e98dbf40_16, v0x6344e98dbf40_17, v0x6344e98dbf40_18;
v0x6344e98dbf40_19 .array/port v0x6344e98dbf40, 19;
v0x6344e98dbf40_20 .array/port v0x6344e98dbf40, 20;
v0x6344e98dbf40_21 .array/port v0x6344e98dbf40, 21;
v0x6344e98dbf40_22 .array/port v0x6344e98dbf40, 22;
E_0x6344e98c1860/5 .event edge, v0x6344e98dbf40_19, v0x6344e98dbf40_20, v0x6344e98dbf40_21, v0x6344e98dbf40_22;
v0x6344e98dbf40_23 .array/port v0x6344e98dbf40, 23;
v0x6344e98dbf40_24 .array/port v0x6344e98dbf40, 24;
v0x6344e98dbf40_25 .array/port v0x6344e98dbf40, 25;
v0x6344e98dbf40_26 .array/port v0x6344e98dbf40, 26;
E_0x6344e98c1860/6 .event edge, v0x6344e98dbf40_23, v0x6344e98dbf40_24, v0x6344e98dbf40_25, v0x6344e98dbf40_26;
v0x6344e98dbf40_27 .array/port v0x6344e98dbf40, 27;
v0x6344e98dbf40_28 .array/port v0x6344e98dbf40, 28;
v0x6344e98dbf40_29 .array/port v0x6344e98dbf40, 29;
v0x6344e98dbf40_30 .array/port v0x6344e98dbf40, 30;
E_0x6344e98c1860/7 .event edge, v0x6344e98dbf40_27, v0x6344e98dbf40_28, v0x6344e98dbf40_29, v0x6344e98dbf40_30;
v0x6344e98dbf40_31 .array/port v0x6344e98dbf40, 31;
v0x6344e98dbf40_32 .array/port v0x6344e98dbf40, 32;
v0x6344e98dbf40_33 .array/port v0x6344e98dbf40, 33;
v0x6344e98dbf40_34 .array/port v0x6344e98dbf40, 34;
E_0x6344e98c1860/8 .event edge, v0x6344e98dbf40_31, v0x6344e98dbf40_32, v0x6344e98dbf40_33, v0x6344e98dbf40_34;
v0x6344e98dbf40_35 .array/port v0x6344e98dbf40, 35;
v0x6344e98dbf40_36 .array/port v0x6344e98dbf40, 36;
v0x6344e98dbf40_37 .array/port v0x6344e98dbf40, 37;
v0x6344e98dbf40_38 .array/port v0x6344e98dbf40, 38;
E_0x6344e98c1860/9 .event edge, v0x6344e98dbf40_35, v0x6344e98dbf40_36, v0x6344e98dbf40_37, v0x6344e98dbf40_38;
v0x6344e98dbf40_39 .array/port v0x6344e98dbf40, 39;
v0x6344e98dbf40_40 .array/port v0x6344e98dbf40, 40;
v0x6344e98dbf40_41 .array/port v0x6344e98dbf40, 41;
v0x6344e98dbf40_42 .array/port v0x6344e98dbf40, 42;
E_0x6344e98c1860/10 .event edge, v0x6344e98dbf40_39, v0x6344e98dbf40_40, v0x6344e98dbf40_41, v0x6344e98dbf40_42;
v0x6344e98dbf40_43 .array/port v0x6344e98dbf40, 43;
v0x6344e98dbf40_44 .array/port v0x6344e98dbf40, 44;
v0x6344e98dbf40_45 .array/port v0x6344e98dbf40, 45;
v0x6344e98dbf40_46 .array/port v0x6344e98dbf40, 46;
E_0x6344e98c1860/11 .event edge, v0x6344e98dbf40_43, v0x6344e98dbf40_44, v0x6344e98dbf40_45, v0x6344e98dbf40_46;
v0x6344e98dbf40_47 .array/port v0x6344e98dbf40, 47;
v0x6344e98dbf40_48 .array/port v0x6344e98dbf40, 48;
v0x6344e98dbf40_49 .array/port v0x6344e98dbf40, 49;
v0x6344e98dbf40_50 .array/port v0x6344e98dbf40, 50;
E_0x6344e98c1860/12 .event edge, v0x6344e98dbf40_47, v0x6344e98dbf40_48, v0x6344e98dbf40_49, v0x6344e98dbf40_50;
v0x6344e98dbf40_51 .array/port v0x6344e98dbf40, 51;
v0x6344e98dbf40_52 .array/port v0x6344e98dbf40, 52;
v0x6344e98dbf40_53 .array/port v0x6344e98dbf40, 53;
v0x6344e98dbf40_54 .array/port v0x6344e98dbf40, 54;
E_0x6344e98c1860/13 .event edge, v0x6344e98dbf40_51, v0x6344e98dbf40_52, v0x6344e98dbf40_53, v0x6344e98dbf40_54;
v0x6344e98dbf40_55 .array/port v0x6344e98dbf40, 55;
v0x6344e98dbf40_56 .array/port v0x6344e98dbf40, 56;
v0x6344e98dbf40_57 .array/port v0x6344e98dbf40, 57;
v0x6344e98dbf40_58 .array/port v0x6344e98dbf40, 58;
E_0x6344e98c1860/14 .event edge, v0x6344e98dbf40_55, v0x6344e98dbf40_56, v0x6344e98dbf40_57, v0x6344e98dbf40_58;
v0x6344e98dbf40_59 .array/port v0x6344e98dbf40, 59;
v0x6344e98dbf40_60 .array/port v0x6344e98dbf40, 60;
v0x6344e98dbf40_61 .array/port v0x6344e98dbf40, 61;
v0x6344e98dbf40_62 .array/port v0x6344e98dbf40, 62;
E_0x6344e98c1860/15 .event edge, v0x6344e98dbf40_59, v0x6344e98dbf40_60, v0x6344e98dbf40_61, v0x6344e98dbf40_62;
v0x6344e98dbf40_63 .array/port v0x6344e98dbf40, 63;
v0x6344e98dbf40_64 .array/port v0x6344e98dbf40, 64;
v0x6344e98dbf40_65 .array/port v0x6344e98dbf40, 65;
v0x6344e98dbf40_66 .array/port v0x6344e98dbf40, 66;
E_0x6344e98c1860/16 .event edge, v0x6344e98dbf40_63, v0x6344e98dbf40_64, v0x6344e98dbf40_65, v0x6344e98dbf40_66;
v0x6344e98dbf40_67 .array/port v0x6344e98dbf40, 67;
v0x6344e98dbf40_68 .array/port v0x6344e98dbf40, 68;
v0x6344e98dbf40_69 .array/port v0x6344e98dbf40, 69;
v0x6344e98dbf40_70 .array/port v0x6344e98dbf40, 70;
E_0x6344e98c1860/17 .event edge, v0x6344e98dbf40_67, v0x6344e98dbf40_68, v0x6344e98dbf40_69, v0x6344e98dbf40_70;
v0x6344e98dbf40_71 .array/port v0x6344e98dbf40, 71;
v0x6344e98dbf40_72 .array/port v0x6344e98dbf40, 72;
v0x6344e98dbf40_73 .array/port v0x6344e98dbf40, 73;
v0x6344e98dbf40_74 .array/port v0x6344e98dbf40, 74;
E_0x6344e98c1860/18 .event edge, v0x6344e98dbf40_71, v0x6344e98dbf40_72, v0x6344e98dbf40_73, v0x6344e98dbf40_74;
v0x6344e98dbf40_75 .array/port v0x6344e98dbf40, 75;
v0x6344e98dbf40_76 .array/port v0x6344e98dbf40, 76;
v0x6344e98dbf40_77 .array/port v0x6344e98dbf40, 77;
v0x6344e98dbf40_78 .array/port v0x6344e98dbf40, 78;
E_0x6344e98c1860/19 .event edge, v0x6344e98dbf40_75, v0x6344e98dbf40_76, v0x6344e98dbf40_77, v0x6344e98dbf40_78;
v0x6344e98dbf40_79 .array/port v0x6344e98dbf40, 79;
v0x6344e98dbf40_80 .array/port v0x6344e98dbf40, 80;
v0x6344e98dbf40_81 .array/port v0x6344e98dbf40, 81;
v0x6344e98dbf40_82 .array/port v0x6344e98dbf40, 82;
E_0x6344e98c1860/20 .event edge, v0x6344e98dbf40_79, v0x6344e98dbf40_80, v0x6344e98dbf40_81, v0x6344e98dbf40_82;
v0x6344e98dbf40_83 .array/port v0x6344e98dbf40, 83;
v0x6344e98dbf40_84 .array/port v0x6344e98dbf40, 84;
v0x6344e98dbf40_85 .array/port v0x6344e98dbf40, 85;
v0x6344e98dbf40_86 .array/port v0x6344e98dbf40, 86;
E_0x6344e98c1860/21 .event edge, v0x6344e98dbf40_83, v0x6344e98dbf40_84, v0x6344e98dbf40_85, v0x6344e98dbf40_86;
v0x6344e98dbf40_87 .array/port v0x6344e98dbf40, 87;
v0x6344e98dbf40_88 .array/port v0x6344e98dbf40, 88;
v0x6344e98dbf40_89 .array/port v0x6344e98dbf40, 89;
v0x6344e98dbf40_90 .array/port v0x6344e98dbf40, 90;
E_0x6344e98c1860/22 .event edge, v0x6344e98dbf40_87, v0x6344e98dbf40_88, v0x6344e98dbf40_89, v0x6344e98dbf40_90;
v0x6344e98dbf40_91 .array/port v0x6344e98dbf40, 91;
v0x6344e98dbf40_92 .array/port v0x6344e98dbf40, 92;
v0x6344e98dbf40_93 .array/port v0x6344e98dbf40, 93;
v0x6344e98dbf40_94 .array/port v0x6344e98dbf40, 94;
E_0x6344e98c1860/23 .event edge, v0x6344e98dbf40_91, v0x6344e98dbf40_92, v0x6344e98dbf40_93, v0x6344e98dbf40_94;
v0x6344e98dbf40_95 .array/port v0x6344e98dbf40, 95;
v0x6344e98dbf40_96 .array/port v0x6344e98dbf40, 96;
v0x6344e98dbf40_97 .array/port v0x6344e98dbf40, 97;
v0x6344e98dbf40_98 .array/port v0x6344e98dbf40, 98;
E_0x6344e98c1860/24 .event edge, v0x6344e98dbf40_95, v0x6344e98dbf40_96, v0x6344e98dbf40_97, v0x6344e98dbf40_98;
v0x6344e98dbf40_99 .array/port v0x6344e98dbf40, 99;
v0x6344e98dbf40_100 .array/port v0x6344e98dbf40, 100;
v0x6344e98dbf40_101 .array/port v0x6344e98dbf40, 101;
v0x6344e98dbf40_102 .array/port v0x6344e98dbf40, 102;
E_0x6344e98c1860/25 .event edge, v0x6344e98dbf40_99, v0x6344e98dbf40_100, v0x6344e98dbf40_101, v0x6344e98dbf40_102;
v0x6344e98dbf40_103 .array/port v0x6344e98dbf40, 103;
v0x6344e98dbf40_104 .array/port v0x6344e98dbf40, 104;
v0x6344e98dbf40_105 .array/port v0x6344e98dbf40, 105;
v0x6344e98dbf40_106 .array/port v0x6344e98dbf40, 106;
E_0x6344e98c1860/26 .event edge, v0x6344e98dbf40_103, v0x6344e98dbf40_104, v0x6344e98dbf40_105, v0x6344e98dbf40_106;
v0x6344e98dbf40_107 .array/port v0x6344e98dbf40, 107;
v0x6344e98dbf40_108 .array/port v0x6344e98dbf40, 108;
v0x6344e98dbf40_109 .array/port v0x6344e98dbf40, 109;
v0x6344e98dbf40_110 .array/port v0x6344e98dbf40, 110;
E_0x6344e98c1860/27 .event edge, v0x6344e98dbf40_107, v0x6344e98dbf40_108, v0x6344e98dbf40_109, v0x6344e98dbf40_110;
v0x6344e98dbf40_111 .array/port v0x6344e98dbf40, 111;
v0x6344e98dbf40_112 .array/port v0x6344e98dbf40, 112;
v0x6344e98dbf40_113 .array/port v0x6344e98dbf40, 113;
v0x6344e98dbf40_114 .array/port v0x6344e98dbf40, 114;
E_0x6344e98c1860/28 .event edge, v0x6344e98dbf40_111, v0x6344e98dbf40_112, v0x6344e98dbf40_113, v0x6344e98dbf40_114;
v0x6344e98dbf40_115 .array/port v0x6344e98dbf40, 115;
v0x6344e98dbf40_116 .array/port v0x6344e98dbf40, 116;
v0x6344e98dbf40_117 .array/port v0x6344e98dbf40, 117;
v0x6344e98dbf40_118 .array/port v0x6344e98dbf40, 118;
E_0x6344e98c1860/29 .event edge, v0x6344e98dbf40_115, v0x6344e98dbf40_116, v0x6344e98dbf40_117, v0x6344e98dbf40_118;
v0x6344e98dbf40_119 .array/port v0x6344e98dbf40, 119;
v0x6344e98dbf40_120 .array/port v0x6344e98dbf40, 120;
v0x6344e98dbf40_121 .array/port v0x6344e98dbf40, 121;
v0x6344e98dbf40_122 .array/port v0x6344e98dbf40, 122;
E_0x6344e98c1860/30 .event edge, v0x6344e98dbf40_119, v0x6344e98dbf40_120, v0x6344e98dbf40_121, v0x6344e98dbf40_122;
v0x6344e98dbf40_123 .array/port v0x6344e98dbf40, 123;
v0x6344e98dbf40_124 .array/port v0x6344e98dbf40, 124;
v0x6344e98dbf40_125 .array/port v0x6344e98dbf40, 125;
v0x6344e98dbf40_126 .array/port v0x6344e98dbf40, 126;
E_0x6344e98c1860/31 .event edge, v0x6344e98dbf40_123, v0x6344e98dbf40_124, v0x6344e98dbf40_125, v0x6344e98dbf40_126;
v0x6344e98dbf40_127 .array/port v0x6344e98dbf40, 127;
E_0x6344e98c1860/32 .event edge, v0x6344e98dbf40_127;
E_0x6344e98c1860 .event/or E_0x6344e98c1860/0, E_0x6344e98c1860/1, E_0x6344e98c1860/2, E_0x6344e98c1860/3, E_0x6344e98c1860/4, E_0x6344e98c1860/5, E_0x6344e98c1860/6, E_0x6344e98c1860/7, E_0x6344e98c1860/8, E_0x6344e98c1860/9, E_0x6344e98c1860/10, E_0x6344e98c1860/11, E_0x6344e98c1860/12, E_0x6344e98c1860/13, E_0x6344e98c1860/14, E_0x6344e98c1860/15, E_0x6344e98c1860/16, E_0x6344e98c1860/17, E_0x6344e98c1860/18, E_0x6344e98c1860/19, E_0x6344e98c1860/20, E_0x6344e98c1860/21, E_0x6344e98c1860/22, E_0x6344e98c1860/23, E_0x6344e98c1860/24, E_0x6344e98c1860/25, E_0x6344e98c1860/26, E_0x6344e98c1860/27, E_0x6344e98c1860/28, E_0x6344e98c1860/29, E_0x6344e98c1860/30, E_0x6344e98c1860/31, E_0x6344e98c1860/32;
S_0x6344e98dd150 .scope module, "regFile" "registerFile" 2 108, 2 439 0, S_0x6344e98854c0;
 .timescale -9 -12;
    .port_info 0 /INPUT 1 "clk";
    .port_info 1 /INPUT 1 "writeEnable";
    .port_info 2 /INPUT 5 "writeReg";
    .port_info 3 /INPUT 32 "writeData";
    .port_info 4 /INPUT 5 "readReg1";
    .port_info 5 /INPUT 5 "readReg2";
    .port_info 6 /OUTPUT 32 "readData1";
    .port_info 7 /OUTPUT 32 "readData2";
L_0x6344e98bb990 .functor BUFZ 32, L_0x6344e98f66e0, C4<00000000000000000000000000000000>, C4<00000000000000000000000000000000>, C4<00000000000000000000000000000000>;
L_0x6344e9893f40 .functor BUFZ 32, L_0x6344e98f6950, C4<00000000000000000000000000000000>, C4<00000000000000000000000000000000>, C4<00000000000000000000000000000000>;
v0x6344e98dd400_0 .net *"_ivl_0", 31 0, L_0x6344e98f66e0;  1 drivers
v0x6344e98dd4e0_0 .net *"_ivl_10", 6 0, L_0x6344e98f69f0;  1 drivers
L_0x735ee1a3b0f0 .functor BUFT 1, C4<00>, C4<0>, C4<0>, C4<0>;
v0x6344e98dd5c0_0 .net *"_ivl_13", 1 0, L_0x735ee1a3b0f0;  1 drivers
v0x6344e98dd6b0_0 .net *"_ivl_2", 6 0, L_0x6344e98f6780;  1 drivers
L_0x735ee1a3b0a8 .functor BUFT 1, C4<00>, C4<0>, C4<0>, C4<0>;
v0x6344e98dd790_0 .net *"_ivl_5", 1 0, L_0x735ee1a3b0a8;  1 drivers
v0x6344e98dd8c0_0 .net *"_ivl_8", 31 0, L_0x6344e98f6950;  1 drivers
v0x6344e98dd9a0_0 .net "clk", 0 0, v0x6344e98e5a90_0;  alias, 1 drivers
v0x6344e98dda40_0 .var/i "i", 31 0;
v0x6344e98ddb20_0 .net "readData1", 31 0, L_0x6344e98bb990;  alias, 1 drivers
v0x6344e98ddc70_0 .net "readData2", 31 0, L_0x6344e9893f40;  alias, 1 drivers
v0x6344e98ddd40_0 .net "readReg1", 4 0, L_0x6344e98f6340;  alias, 1 drivers
v0x6344e98dde10_0 .net "readReg2", 4 0, L_0x6344e98f64b0;  alias, 1 drivers
v0x6344e98ddee0 .array "registers", 31 0, 31 0;
v0x6344e98ddf80_0 .net "writeData", 31 0, L_0x6344e98fab10;  alias, 1 drivers
v0x6344e98de060_0 .net "writeEnable", 0 0, L_0x6344e98faf80;  alias, 1 drivers
v0x6344e98de120_0 .net "writeReg", 4 0, L_0x6344e98facf0;  alias, 1 drivers
L_0x6344e98f66e0 .array/port v0x6344e98ddee0, L_0x6344e98f6780;
L_0x6344e98f6780 .concat [ 5 2 0 0], L_0x6344e98f6340, L_0x735ee1a3b0a8;
L_0x6344e98f6950 .array/port v0x6344e98ddee0, L_0x6344e98f69f0;
L_0x6344e98f69f0 .concat [ 5 2 0 0], L_0x6344e98f64b0, L_0x735ee1a3b0f0;
    .scope S_0x6344e98db7c0;
T_0 ;
    %pushi/vec4 0, 0, 32;
    %store/vec4 v0x6344e98dbe80_0, 0, 32;
    %pushi/vec4 537395204, 0, 32;
    %ix/load 4, 0, 0;
    %flag_set/imm 4, 0;
    %store/vec4a v0x6344e98dbf40, 4, 0;
    %pushi/vec4 537460751, 0, 32;
    %ix/load 4, 1, 0;
    %flag_set/imm 4, 0;
    %store/vec4a v0x6344e98dbf40, 4, 0;
    %pushi/vec4 537526292, 0, 32;
    %ix/load 4, 2, 0;
    %flag_set/imm 4, 0;
    %store/vec4a v0x6344e98dbf40, 4, 0;
    %pushi/vec4 537985032, 0, 32;
    %ix/load 4, 3, 0;
    %flag_set/imm 4, 0;
    %store/vec4a v0x6344e98dbf40, 4, 0;
    %pushi/vec4 2921857024, 0, 32;
    %ix/load 4, 4, 0;
    %flag_set/imm 4, 0;
    %store/vec4a v0x6344e98dbf40, 4, 0;
    %pushi/vec4 2921922568, 0, 32;
    %ix/load 4, 5, 0;
    %flag_set/imm 4, 0;
    %store/vec4a v0x6344e98dbf40, 4, 0;
    %pushi/vec4 2922053628, 0, 32;
    %ix/load 4, 6, 0;
    %flag_set/imm 4, 0;
    %store/vec4a v0x6344e98dbf40, 4, 0;
    %pushi/vec4 4227858432, 0, 32;
    %ix/load 4, 7, 0;
    %flag_set/imm 4, 0;
    %store/vec4a v0x6344e98dbf40, 4, 0;
    %pushi/vec4 537395208, 0, 32;
    %ix/load 4, 8, 0;
    %flag_set/imm 4, 0;
    %store/vec4a v0x6344e98dbf40, 4, 0;
    %pushi/vec4 537460751, 0, 32;
    %ix/load 4, 9, 0;
    %flag_set/imm 4, 0;
    %store/vec4a v0x6344e98dbf40, 4, 0;
    %pushi/vec4 2903048192, 0, 32;
    %ix/load 4, 10, 0;
    %flag_set/imm 4, 0;
    %store/vec4a v0x6344e98dbf40, 4, 0;
    %pushi/vec4 19419168, 0, 32;
    %ix/load 4, 11, 0;
    %flag_set/imm 4, 0;
    %store/vec4a v0x6344e98dbf40, 4, 0;
    %pushi/vec4 19421218, 0, 32;
    %ix/load 4, 12, 0;
    %flag_set/imm 4, 0;
    %store/vec4a v0x6344e98dbf40, 4, 0;
    %pushi/vec4 21727256, 0, 32;
    %ix/load 4, 13, 0;
    %flag_set/imm 4, 0;
    %store/vec4a v0x6344e98dbf40, 4, 0;
    %pushi/vec4 537395204, 0, 32;
    %ix/load 4, 14, 0;
    %flag_set/imm 4, 0;
    %store/vec4a v0x6344e98dbf40, 4, 0;
    %pushi/vec4 2366832636, 0, 32;
    %ix/load 4, 15, 0;
    %flag_set/imm 4, 0;
    %store/vec4a v0x6344e98dbf40, 4, 0;
    %pushi/vec4 36868130, 0, 32;
    %ix/load 4, 16, 0;
    %flag_set/imm 4, 0;
    %store/vec4a v0x6344e98dbf40, 4, 0;
    %pushi/vec4 1151104, 0, 32;
    %ix/load 4, 17, 0;
    %flag_set/imm 4, 0;
    %store/vec4a v0x6344e98dbf40, 4, 0;
    %pushi/vec4 2903638016, 0, 32;
    %ix/load 4, 18, 0;
    %flag_set/imm 4, 0;
    %store/vec4a v0x6344e98dbf40, 4, 0;
    %pushi/vec4 4227858432, 0, 32;
    %ix/load 4, 19, 0;
    %flag_set/imm 4, 0;
    %store/vec4a v0x6344e98dbf40, 4, 0;
    %pushi/vec4 537133062, 0, 32;
    %ix/load 4, 20, 0;
    %flag_set/imm 4, 0;
    %store/vec4a v0x6344e98dbf40, 4, 0;
    %pushi/vec4 201326616, 0, 32;
    %ix/load 4, 21, 0;
    %flag_set/imm 4, 0;
    %store/vec4a v0x6344e98dbf40, 4, 0;
    %pushi/vec4 2890006528, 0, 32;
    %ix/load 4, 22, 0;
    %flag_set/imm 4, 0;
    %store/vec4a v0x6344e98dbf40, 4, 0;
    %pushi/vec4 4227858432, 0, 32;
    %ix/load 4, 23, 0;
    %flag_set/imm 4, 0;
    %store/vec4a v0x6344e98dbf40, 4, 0;
    %pushi/vec4 599654392, 0, 32;
    %ix/load 4, 24, 0;
    %flag_set/imm 4, 0;
    %store/vec4a v0x6344e98dbf40, 4, 0;
    %pushi/vec4 2946760708, 0, 32;
    %ix/load 4, 25, 0;
    %flag_set/imm 4, 0;
    %store/vec4a v0x6344e98dbf40, 4, 0;
    %pushi/vec4 2948530176, 0, 32;
    %ix/load 4, 26, 0;
    %flag_set/imm 4, 0;
    %store/vec4a v0x6344e98dbf40, 4, 0;
    %pushi/vec4 537395202, 0, 32;
    %ix/load 4, 27, 0;
    %flag_set/imm 4, 0;
    %store/vec4a v0x6344e98dbf40, 4, 0;
    %pushi/vec4 8929322, 0, 32;
    %ix/load 4, 28, 0;
    %flag_set/imm 4, 0;
    %store/vec4a v0x6344e98dbf40, 4, 0;
    %pushi/vec4 285212675, 0, 32;
    %ix/load 4, 29, 0;
    %flag_set/imm 4, 0;
    %store/vec4a v0x6344e98dbf40, 4, 0;
    %pushi/vec4 537001985, 0, 32;
    %ix/load 4, 30, 0;
    %flag_set/imm 4, 0;
    %store/vec4a v0x6344e98dbf40, 4, 0;
    %pushi/vec4 599588872, 0, 32;
    %ix/load 4, 31, 0;
    %flag_set/imm 4, 0;
    %store/vec4a v0x6344e98dbf40, 4, 0;
    %pushi/vec4 65011720, 0, 32;
    %ix/load 4, 32, 0;
    %flag_set/imm 4, 0;
    %store/vec4a v0x6344e98dbf40, 4, 0;
    %pushi/vec4 545587199, 0, 32;
    %ix/load 4, 33, 0;
    %flag_set/imm 4, 0;
    %store/vec4a v0x6344e98dbf40, 4, 0;
    %pushi/vec4 201326616, 0, 32;
    %ix/load 4, 34, 0;
    %flag_set/imm 4, 0;
    %store/vec4a v0x6344e98dbf40, 4, 0;
    %pushi/vec4 2411659264, 0, 32;
    %ix/load 4, 35, 0;
    %flag_set/imm 4, 0;
    %store/vec4a v0x6344e98dbf40, 4, 0;
    %pushi/vec4 2409889796, 0, 32;
    %ix/load 4, 36, 0;
    %flag_set/imm 4, 0;
    %store/vec4a v0x6344e98dbf40, 4, 0;
    %pushi/vec4 599588872, 0, 32;
    %ix/load 4, 37, 0;
    %flag_set/imm 4, 0;
    %store/vec4a v0x6344e98dbf40, 4, 0;
    %pushi/vec4 8523800, 0, 32;
    %ix/load 4, 38, 0;
    %flag_set/imm 4, 0;
    %store/vec4a v0x6344e98dbf40, 4, 0;
    %pushi/vec4 65011720, 0, 32;
    %ix/load 4, 39, 0;
    %flag_set/imm 4, 0;
    %store/vec4a v0x6344e98dbf40, 4, 0;
    %pushi/vec4 537395208, 0, 32;
    %ix/load 4, 40, 0;
    %flag_set/imm 4, 0;
    %store/vec4a v0x6344e98dbf40, 4, 0;
    %pushi/vec4 537460751, 0, 32;
    %ix/load 4, 41, 0;
    %flag_set/imm 4, 0;
    %store/vec4a v0x6344e98dbf40, 4, 0;
    %pushi/vec4 2903048192, 0, 32;
    %ix/load 4, 42, 0;
    %flag_set/imm 4, 0;
    %store/vec4a v0x6344e98dbf40, 4, 0;
    %pushi/vec4 2366242816, 0, 32;
    %ix/load 4, 43, 0;
    %flag_set/imm 4, 0;
    %store/vec4a v0x6344e98dbf40, 4, 0;
    %pushi/vec4 19552288, 0, 32;
    %ix/load 4, 44, 0;
    %flag_set/imm 4, 0;
    %store/vec4a v0x6344e98dbf40, 4, 0;
    %pushi/vec4 292159490, 0, 32;
    %ix/load 4, 45, 0;
    %flag_set/imm 4, 0;
    %store/vec4a v0x6344e98dbf40, 4, 0;
    %pushi/vec4 23683106, 0, 32;
    %ix/load 4, 46, 0;
    %flag_set/imm 4, 0;
    %store/vec4a v0x6344e98dbf40, 4, 0;
    %pushi/vec4 25919520, 0, 32;
    %ix/load 4, 47, 0;
    %flag_set/imm 4, 0;
    %store/vec4a v0x6344e98dbf40, 4, 0;
    %pushi/vec4 4227858432, 0, 32;
    %ix/load 4, 48, 0;
    %flag_set/imm 4, 0;
    %store/vec4a v0x6344e98dbf40, 4, 0;
    %pushi/vec4 537395204, 0, 32;
    %ix/load 4, 49, 0;
    %flag_set/imm 4, 0;
    %store/vec4a v0x6344e98dbf40, 4, 0;
    %pushi/vec4 537460741, 0, 32;
    %ix/load 4, 50, 0;
    %flag_set/imm 4, 0;
    %store/vec4a v0x6344e98dbf40, 4, 0;
    %pushi/vec4 17387552, 0, 32;
    %ix/load 4, 51, 0;
    %flag_set/imm 4, 0;
    %store/vec4a v0x6344e98dbf40, 4, 0;
    %pushi/vec4 21583906, 0, 32;
    %ix/load 4, 52, 0;
    %flag_set/imm 4, 0;
    %store/vec4a v0x6344e98dbf40, 4, 0;
    %pushi/vec4 23748644, 0, 32;
    %ix/load 4, 53, 0;
    %flag_set/imm 4, 0;
    %store/vec4a v0x6344e98dbf40, 4, 0;
    %pushi/vec4 25716773, 0, 32;
    %ix/load 4, 54, 0;
    %flag_set/imm 4, 0;
    %store/vec4a v0x6344e98dbf40, 4, 0;
    %pushi/vec4 2903310336, 0, 32;
    %ix/load 4, 55, 0;
    %flag_set/imm 4, 0;
    %store/vec4a v0x6344e98dbf40, 4, 0;
    %pushi/vec4 4227858432, 0, 32;
    %ix/load 4, 56, 0;
    %flag_set/imm 4, 0;
    %store/vec4a v0x6344e98dbf40, 4, 0;
    %end;
    .thread T_0;
    .scope S_0x6344e98db7c0;
T_1 ;
    %wait E_0x6344e98c1860;
    %ix/getv 4, v0x6344e98dd010_0;
    %load/vec4a v0x6344e98dbf40, 4;
    %store/vec4 v0x6344e98dbe80_0, 0, 32;
    %jmp T_1;
    .thread T_1, $push;
    .scope S_0x6344e98d7b80;
T_2 ;
    %wait E_0x6344e981ff60;
    %load/vec4 v0x6344e98d8430_0;
    %flag_set/vec4 8;
    %jmp/0xz  T_2.0, 8;
    %pushi/vec4 0, 0, 32;
    %assign/vec4 v0x6344e98d8110_0, 0;
    %pushi/vec4 0, 0, 32;
    %assign/vec4 v0x6344e98d8320_0, 0;
    %jmp T_2.1;
T_2.0 ;
    %load/vec4 v0x6344e98d8520_0;
    %flag_set/vec4 8;
    %jmp/0xz  T_2.2, 8;
    %load/vec4 v0x6344e98d8110_0;
    %assign/vec4 v0x6344e98d8110_0, 0;
    %load/vec4 v0x6344e98d8320_0;
    %assign/vec4 v0x6344e98d8320_0, 0;
    %jmp T_2.3;
T_2.2 ;
    %load/vec4 v0x6344e98d7f90_0;
    %flag_set/vec4 8;
    %jmp/0xz  T_2.4, 8;
    %pushi/vec4 0, 0, 32;
    %assign/vec4 v0x6344e98d8110_0, 0;
    %pushi/vec4 0, 0, 32;
    %assign/vec4 v0x6344e98d8320_0, 0;
    %jmp T_2.5;
T_2.4 ;
    %load/vec4 v0x6344e98d8050_0;
    %assign/vec4 v0x6344e98d8110_0, 0;
    %load/vec4 v0x6344e98d81f0_0;
    %assign/vec4 v0x6344e98d8320_0, 0;
T_2.5 ;
T_2.3 ;
T_2.1 ;
    %jmp T_2;
    .thread T_2;
    .scope S_0x6344e98b2010;
T_3 ;
    %wait E_0x6344e9818c80;
    %pushi/vec4 0, 0, 1;
    %store/vec4 v0x6344e98d1ef0_0, 0, 1;
    %pushi/vec4 0, 0, 1;
    %store/vec4 v0x6344e98aa430_0, 0, 1;
    %pushi/vec4 0, 0, 1;
    %store/vec4 v0x6344e985e980_0, 0, 1;
    %pushi/vec4 0, 0, 1;
    %store/vec4 v0x6344e98aa530_0, 0, 1;
    %pushi/vec4 0, 0, 1;
    %store/vec4 v0x6344e98bbb50_0, 0, 1;
    %pushi/vec4 0, 0, 1;
    %store/vec4 v0x6344e98d1e30_0, 0, 1;
    %pushi/vec4 0, 0, 1;
    %store/vec4 v0x6344e98978a0_0, 0, 1;
    %pushi/vec4 15, 0, 4;
    %store/vec4 v0x6344e98bbab0_0, 0, 4;
    %pushi/vec4 0, 0, 1;
    %store/vec4 v0x6344e9897940_0, 0, 1;
    %load/vec4 v0x6344e98d2090_0;
    %dup/vec4;
    %pushi/vec4 0, 0, 6;
    %cmp/u;
    %jmp/1 T_3.0, 6;
    %dup/vec4;
    %pushi/vec4 8, 0, 6;
    %cmp/u;
    %jmp/1 T_3.1, 6;
    %dup/vec4;
    %pushi/vec4 35, 0, 6;
    %cmp/u;
    %jmp/1 T_3.2, 6;
    %dup/vec4;
    %pushi/vec4 43, 0, 6;
    %cmp/u;
    %jmp/1 T_3.3, 6;
    %dup/vec4;
    %pushi/vec4 4, 0, 6;
    %cmp/u;
    %jmp/1 T_3.4, 6;
    %dup/vec4;
    %pushi/vec4 12, 0, 6;
    %cmp/u;
    %jmp/1 T_3.5, 6;
    %dup/vec4;
    %pushi/vec4 13, 0, 6;
    %cmp/u;
    %jmp/1 T_3.6, 6;
    %jmp T_3.8;
T_3.0 ;
    %pushi/vec4 1, 0, 1;
    %store/vec4 v0x6344e98d1ef0_0, 0, 1;
    %pushi/vec4 0, 0, 1;
    %store/vec4 v0x6344e98bbb50_0, 0, 1;
    %pushi/vec4 1, 0, 1;
    %store/vec4 v0x6344e98d1e30_0, 0, 1;
    %load/vec4 v0x6344e98d1fb0_0;
    %dup/vec4;
    %pushi/vec4 32, 0, 6;
    %cmp/u;
    %jmp/1 T_3.9, 6;
    %dup/vec4;
    %pushi/vec4 24, 0, 6;
    %cmp/u;
    %jmp/1 T_3.10, 6;
    %dup/vec4;
    %pushi/vec4 36, 0, 6;
    %cmp/u;
    %jmp/1 T_3.11, 6;
    %dup/vec4;
    %pushi/vec4 37, 0, 6;
    %cmp/u;
    %jmp/1 T_3.12, 6;
    %dup/vec4;
    %pushi/vec4 39, 0, 6;
    %cmp/u;
    %jmp/1 T_3.13, 6;
    %dup/vec4;
    %pushi/vec4 0, 0, 6;
    %cmp/u;
    %jmp/1 T_3.14, 6;
    %dup/vec4;
    %pushi/vec4 2, 0, 6;
    %cmp/u;
    %jmp/1 T_3.15, 6;
    %dup/vec4;
    %pushi/vec4 34, 0, 6;
    %cmp/u;
    %jmp/1 T_3.16, 6;
    %dup/vec4;
    %pushi/vec4 42, 0, 6;
    %cmp/u;
    %jmp/1 T_3.17, 6;
    %pushi/vec4 15, 0, 4;
    %store/vec4 v0x6344e98bbab0_0, 0, 4;
    %jmp T_3.19;
T_3.9 ;
    %pushi/vec4 0, 0, 4;
    %store/vec4 v0x6344e98bbab0_0, 0, 4;
    %jmp T_3.19;
T_3.10 ;
    %pushi/vec4 1, 0, 4;
    %store/vec4 v0x6344e98bbab0_0, 0, 4;
    %jmp T_3.19;
T_3.11 ;
    %pushi/vec4 2, 0, 4;
    %store/vec4 v0x6344e98bbab0_0, 0, 4;
    %jmp T_3.19;
T_3.12 ;
    %pushi/vec4 3, 0, 4;
    %store/vec4 v0x6344e98bbab0_0, 0, 4;
    %jmp T_3.19;
T_3.13 ;
    %pushi/vec4 5, 0, 4;
    %store/vec4 v0x6344e98bbab0_0, 0, 4;
    %jmp T_3.19;
T_3.14 ;
    %pushi/vec4 6, 0, 4;
    %store/vec4 v0x6344e98bbab0_0, 0, 4;
    %pushi/vec4 1, 0, 1;
    %store/vec4 v0x6344e98bbb50_0, 0, 1;
    %jmp T_3.19;
T_3.15 ;
    %pushi/vec4 7, 0, 4;
    %store/vec4 v0x6344e98bbab0_0, 0, 4;
    %pushi/vec4 1, 0, 1;
    %store/vec4 v0x6344e98bbb50_0, 0, 1;
    %jmp T_3.19;
T_3.16 ;
    %pushi/vec4 8, 0, 4;
    %store/vec4 v0x6344e98bbab0_0, 0, 4;
    %jmp T_3.19;
T_3.17 ;
    %pushi/vec4 10, 0, 4;
    %store/vec4 v0x6344e98bbab0_0, 0, 4;
    %jmp T_3.19;
T_3.19 ;
    %pop/vec4 1;
    %jmp T_3.8;
T_3.1 ;
    %pushi/vec4 1, 0, 1;
    %store/vec4 v0x6344e98d1ef0_0, 0, 1;
    %pushi/vec4 1, 0, 1;
    %store/vec4 v0x6344e98bbb50_0, 0, 1;
    %pushi/vec4 0, 0, 1;
    %store/vec4 v0x6344e98d1e30_0, 0, 1;
    %pushi/vec4 0, 0, 4;
    %store/vec4 v0x6344e98bbab0_0, 0, 4;
    %pushi/vec4 0, 0, 1;
    %store/vec4 v0x6344e9897940_0, 0, 1;
    %jmp T_3.8;
T_3.2 ;
    %pushi/vec4 1, 0, 1;
    %store/vec4 v0x6344e98d1ef0_0, 0, 1;
    %pushi/vec4 1, 0, 1;
    %store/vec4 v0x6344e98aa430_0, 0, 1;
    %pushi/vec4 1, 0, 1;
    %store/vec4 v0x6344e98aa530_0, 0, 1;
    %pushi/vec4 1, 0, 1;
    %store/vec4 v0x6344e98bbb50_0, 0, 1;
    %pushi/vec4 0, 0, 1;
    %store/vec4 v0x6344e98d1e30_0, 0, 1;
    %pushi/vec4 0, 0, 4;
    %store/vec4 v0x6344e98bbab0_0, 0, 4;
    %jmp T_3.8;
T_3.3 ;
    %pushi/vec4 1, 0, 1;
    %store/vec4 v0x6344e985e980_0, 0, 1;
    %pushi/vec4 1, 0, 1;
    %store/vec4 v0x6344e98bbb50_0, 0, 1;
    %pushi/vec4 0, 0, 4;
    %store/vec4 v0x6344e98bbab0_0, 0, 4;
    %jmp T_3.8;
T_3.4 ;
    %pushi/vec4 1, 0, 1;
    %store/vec4 v0x6344e98978a0_0, 0, 1;
    %pushi/vec4 0, 0, 1;
    %store/vec4 v0x6344e98bbb50_0, 0, 1;
    %pushi/vec4 9, 0, 4;
    %store/vec4 v0x6344e98bbab0_0, 0, 4;
    %jmp T_3.8;
T_3.5 ;
    %pushi/vec4 1, 0, 1;
    %store/vec4 v0x6344e98d1ef0_0, 0, 1;
    %pushi/vec4 1, 0, 1;
    %store/vec4 v0x6344e98bbb50_0, 0, 1;
    %pushi/vec4 0, 0, 1;
    %store/vec4 v0x6344e98d1e30_0, 0, 1;
    %pushi/vec4 2, 0, 4;
    %store/vec4 v0x6344e98bbab0_0, 0, 4;
    %pushi/vec4 1, 0, 1;
    %store/vec4 v0x6344e9897940_0, 0, 1;
    %jmp T_3.8;
T_3.6 ;
    %pushi/vec4 1, 0, 1;
    %store/vec4 v0x6344e98d1ef0_0, 0, 1;
    %pushi/vec4 1, 0, 1;
    %store/vec4 v0x6344e98bbb50_0, 0, 1;
    %pushi/vec4 0, 0, 1;
    %store/vec4 v0x6344e98d1e30_0, 0, 1;
    %pushi/vec4 3, 0, 4;
    %store/vec4 v0x6344e98bbab0_0, 0, 4;
    %pushi/vec4 1, 0, 1;
    %store/vec4 v0x6344e9897940_0, 0, 1;
    %jmp T_3.8;
T_3.8 ;
    %pop/vec4 1;
    %jmp T_3;
    .thread T_3, $push;
    .scope S_0x6344e98dd150;
T_4 ;
    %pushi/vec4 0, 0, 32;
    %store/vec4 v0x6344e98dda40_0, 0, 32;
T_4.0 ;
    %load/vec4 v0x6344e98dda40_0;
    %cmpi/s 32, 0, 32;
    %jmp/0xz T_4.1, 5;
    %pushi/vec4 0, 0, 32;
    %ix/getv/s 4, v0x6344e98dda40_0;
    %store/vec4a v0x6344e98ddee0, 4, 0;
    %load/vec4 v0x6344e98dda40_0;
    %addi 1, 0, 32;
    %store/vec4 v0x6344e98dda40_0, 0, 32;
    %jmp T_4.0;
T_4.1 ;
    %end;
    .thread T_4;
    .scope S_0x6344e98dd150;
T_5 ;
    %wait E_0x6344e98c1420;
    %load/vec4 v0x6344e98de060_0;
    %flag_set/vec4 9;
    %flag_get/vec4 9;
    %jmp/0 T_5.2, 9;
    %load/vec4 v0x6344e98de120_0;
    %pushi/vec4 0, 0, 5;
    %cmp/ne;
    %flag_get/vec4 4;
    %and;
T_5.2;
    %flag_set/vec4 8;
    %jmp/0xz  T_5.0, 8;
    %load/vec4 v0x6344e98ddf80_0;
    %load/vec4 v0x6344e98de120_0;
    %pad/u 7;
    %ix/vec4 3;
    %ix/load 4, 0, 0; Constant delay
    %assign/vec4/a/d v0x6344e98ddee0, 0, 4;
T_5.0 ;
    %pushi/vec4 0, 0, 32;
    %ix/load 3, 0, 0;
    %flag_set/imm 4, 0;
    %ix/load 4, 0, 0; Constant delay
    %assign/vec4/a/d v0x6344e98ddee0, 0, 4;
    %jmp T_5;
    .thread T_5;
    .scope S_0x6344e98d4f70;
T_6 ;
    %wait E_0x6344e981ff60;
    %load/vec4 v0x6344e98d71f0_0;
    %flag_set/vec4 8;
    %jmp/0xz  T_6.0, 8;
    %pushi/vec4 0, 0, 32;
    %assign/vec4 v0x6344e98d69d0_0, 0;
    %pushi/vec4 0, 0, 32;
    %assign/vec4 v0x6344e98d6d30_0, 0;
    %pushi/vec4 0, 0, 32;
    %assign/vec4 v0x6344e98d6ef0_0, 0;
    %pushi/vec4 0, 0, 32;
    %assign/vec4 v0x6344e98d66f0_0, 0;
    %pushi/vec4 0, 0, 5;
    %assign/vec4 v0x6344e98d7360_0, 0;
    %pushi/vec4 0, 0, 5;
    %assign/vec4 v0x6344e98d7510_0, 0;
    %pushi/vec4 0, 0, 5;
    %assign/vec4 v0x6344e98d6b70_0, 0;
    %pushi/vec4 0, 0, 1;
    %assign/vec4 v0x6344e98d64b0_0, 0;
    %pushi/vec4 0, 0, 1;
    %assign/vec4 v0x6344e98d5de0_0, 0;
    %pushi/vec4 0, 0, 1;
    %assign/vec4 v0x6344e98d60c0_0, 0;
    %pushi/vec4 0, 0, 1;
    %assign/vec4 v0x6344e98d5f20_0, 0;
    %pushi/vec4 0, 0, 1;
    %assign/vec4 v0x6344e98d6370_0, 0;
    %pushi/vec4 0, 0, 1;
    %assign/vec4 v0x6344e98d5900_0, 0;
    %pushi/vec4 0, 0, 1;
    %assign/vec4 v0x6344e98d5770_0, 0;
    %pushi/vec4 0, 0, 4;
    %assign/vec4 v0x6344e98d55e0_0, 0;
    %pushi/vec4 0, 0, 1;
    %assign/vec4 v0x6344e98d5a40_0, 0;
    %pushi/vec4 0, 0, 1;
    %assign/vec4 v0x6344e98d5c40_0, 0;
    %pushi/vec4 0, 0, 32;
    %assign/vec4 v0x6344e98d6830_0, 0;
    %jmp T_6.1;
T_6.0 ;
    %load/vec4 v0x6344e98d7620_0;
    %flag_set/vec4 8;
    %jmp/0xz  T_6.2, 8;
    %pushi/vec4 0, 0, 1;
    %assign/vec4 v0x6344e98d64b0_0, 0;
    %pushi/vec4 0, 0, 1;
    %assign/vec4 v0x6344e98d5de0_0, 0;
    %pushi/vec4 0, 0, 1;
    %assign/vec4 v0x6344e98d60c0_0, 0;
    %pushi/vec4 0, 0, 1;
    %assign/vec4 v0x6344e98d5f20_0, 0;
    %pushi/vec4 0, 0, 1;
    %assign/vec4 v0x6344e98d6370_0, 0;
    %pushi/vec4 0, 0, 1;
    %assign/vec4 v0x6344e98d5900_0, 0;
    %pushi/vec4 0, 0, 1;
    %assign/vec4 v0x6344e98d5770_0, 0;
    %pushi/vec4 0, 0, 4;
    %assign/vec4 v0x6344e98d55e0_0, 0;
    %pushi/vec4 0, 0, 1;
    %assign/vec4 v0x6344e98d5a40_0, 0;
    %pushi/vec4 0, 0, 1;
    %assign/vec4 v0x6344e98d5c40_0, 0;
    %pushi/vec4 0, 0, 32;
    %assign/vec4 v0x6344e98d6830_0, 0;
    %jmp T_6.3;
T_6.2 ;
    %load/vec4 v0x6344e98d6900_0;
    %assign/vec4 v0x6344e98d69d0_0, 0;
    %load/vec4 v0x6344e98d6c50_0;
    %assign/vec4 v0x6344e98d6d30_0, 0;
    %load/vec4 v0x6344e98d6e10_0;
    %assign/vec4 v0x6344e98d6ef0_0, 0;
    %load/vec4 v0x6344e98d6650_0;
    %assign/vec4 v0x6344e98d66f0_0, 0;
    %load/vec4 v0x6344e98d72c0_0;
    %assign/vec4 v0x6344e98d7360_0, 0;
    %load/vec4 v0x6344e98d7450_0;
    %assign/vec4 v0x6344e98d7510_0, 0;
    %load/vec4 v0x6344e98d6a90_0;
    %assign/vec4 v0x6344e98d6b70_0, 0;
    %load/vec4 v0x6344e98d6410_0;
    %assign/vec4 v0x6344e98d64b0_0, 0;
    %load/vec4 v0x6344e98d5d10_0;
    %assign/vec4 v0x6344e98d5de0_0, 0;
    %load/vec4 v0x6344e98d5ff0_0;
    %assign/vec4 v0x6344e98d60c0_0, 0;
    %load/vec4 v0x6344e98d5e80_0;
    %assign/vec4 v0x6344e98d5f20_0, 0;
    %load/vec4 v0x6344e98d6190_0;
    %assign/vec4 v0x6344e98d6370_0, 0;
    %load/vec4 v0x6344e98d5810_0;
    %assign/vec4 v0x6344e98d5900_0, 0;
    %load/vec4 v0x6344e98d56a0_0;
    %assign/vec4 v0x6344e98d5770_0, 0;
    %load/vec4 v0x6344e98d5500_0;
    %assign/vec4 v0x6344e98d55e0_0, 0;
    %load/vec4 v0x6344e98d59a0_0;
    %assign/vec4 v0x6344e98d5a40_0, 0;
    %load/vec4 v0x6344e98d5b10_0;
    %assign/vec4 v0x6344e98d5c40_0, 0;
    %load/vec4 v0x6344e98d6790_0;
    %assign/vec4 v0x6344e98d6830_0, 0;
T_6.3 ;
T_6.1 ;
    %jmp T_6;
    .thread T_6;
    .scope S_0x6344e98bd700;
T_7 ;
    %wait E_0x6344e9855fe0;
    %pushi/vec4 0, 0, 2;
    %store/vec4 v0x6344e98d3d00_0, 0, 2;
    %pushi/vec4 0, 0, 2;
    %store/vec4 v0x6344e98d3da0_0, 0, 2;
    %load/vec4 v0x6344e98d3c60_0;
    %flag_set/vec4 10;
    %flag_get/vec4 10;
    %jmp/0 T_7.3, 10;
    %load/vec4 v0x6344e98d3b80_0;
    %pushi/vec4 0, 0, 5;
    %cmp/ne;
    %flag_get/vec4 4;
    %and;
T_7.3;
    %flag_set/vec4 9;
    %flag_get/vec4 9;
    %jmp/0 T_7.2, 9;
    %load/vec4 v0x6344e98d3b80_0;
    %load/vec4 v0x6344e98d3e60_0;
    %cmp/e;
    %flag_get/vec4 4;
    %and;
T_7.2;
    %flag_set/vec4 8;
    %jmp/0xz  T_7.0, 8;
    %pushi/vec4 2, 0, 2;
    %store/vec4 v0x6344e98d3d00_0, 0, 2;
    %jmp T_7.1;
T_7.0 ;
    %load/vec4 v0x6344e98d4150_0;
    %flag_set/vec4 10;
    %flag_get/vec4 10;
    %jmp/0 T_7.7, 10;
    %load/vec4 v0x6344e98d4070_0;
    %pushi/vec4 0, 0, 5;
    %cmp/ne;
    %flag_get/vec4 4;
    %and;
T_7.7;
    %flag_set/vec4 9;
    %flag_get/vec4 9;
    %jmp/0 T_7.6, 9;
    %load/vec4 v0x6344e98d4070_0;
    %load/vec4 v0x6344e98d3e60_0;
    %cmp/e;
    %flag_get/vec4 4;
    %and;
T_7.6;
    %flag_set/vec4 8;
    %jmp/0xz  T_7.4, 8;
    %pushi/vec4 1, 0, 2;
    %store/vec4 v0x6344e98d3d00_0, 0, 2;
T_7.4 ;
T_7.1 ;
    %load/vec4 v0x6344e98d3c60_0;
    %flag_set/vec4 10;
    %flag_get/vec4 10;
    %jmp/0 T_7.11, 10;
    %load/vec4 v0x6344e98d3b80_0;
    %pushi/vec4 0, 0, 5;
    %cmp/ne;
    %flag_get/vec4 4;
    %and;
T_7.11;
    %flag_set/vec4 9;
    %flag_get/vec4 9;
    %jmp/0 T_7.10, 9;
    %load/vec4 v0x6344e98d3b80_0;
    %load/vec4 v0x6344e98d3f90_0;
    %cmp/e;
    %flag_get/vec4 4;
    %and;
T_7.10;
    %flag_set/vec4 8;
    %jmp/0xz  T_7.8, 8;
    %pushi/vec4 2, 0, 2;
    %store/vec4 v0x6344e98d3da0_0, 0, 2;
    %jmp T_7.9;
T_7.8 ;
    %load/vec4 v0x6344e98d4150_0;
    %flag_set/vec4 10;
    %flag_get/vec4 10;
    %jmp/0 T_7.15, 10;
    %load/vec4 v0x6344e98d4070_0;
    %pushi/vec4 0, 0, 5;
    %cmp/ne;
    %flag_get/vec4 4;
    %and;
T_7.15;
    %flag_set/vec4 9;
    %flag_get/vec4 9;
    %jmp/0 T_7.14, 9;
    %load/vec4 v0x6344e98d4070_0;
    %load/vec4 v0x6344e98d3f90_0;
    %cmp/e;
    %flag_get/vec4 4;
    %and;
T_7.14;
    %flag_set/vec4 8;
    %jmp/0xz  T_7.12, 8;
    %pushi/vec4 1, 0, 2;
    %store/vec4 v0x6344e98d3da0_0, 0, 2;
T_7.12 ;
T_7.9 ;
    %jmp T_7;
    .thread T_7, $push;
    .scope S_0x6344e98d9b40;
T_8 ;
    %wait E_0x6344e97eb4f0;
    %load/vec4 v0x6344e98da5d0_0;
    %dup/vec4;
    %pushi/vec4 0, 0, 4;
    %cmp/u;
    %jmp/1 T_8.0, 6;
    %dup/vec4;
    %pushi/vec4 1, 0, 4;
    %cmp/u;
    %jmp/1 T_8.1, 6;
    %dup/vec4;
    %pushi/vec4 2, 0, 4;
    %cmp/u;
    %jmp/1 T_8.2, 6;
    %dup/vec4;
    %pushi/vec4 3, 0, 4;
    %cmp/u;
    %jmp/1 T_8.3, 6;
    %dup/vec4;
    %pushi/vec4 4, 0, 4;
    %cmp/u;
    %jmp/1 T_8.4, 6;
    %dup/vec4;
    %pushi/vec4 5, 0, 4;
    %cmp/u;
    %jmp/1 T_8.5, 6;
    %dup/vec4;
    %pushi/vec4 6, 0, 4;
    %cmp/u;
    %jmp/1 T_8.6, 6;
    %dup/vec4;
    %pushi/vec4 7, 0, 4;
    %cmp/u;
    %jmp/1 T_8.7, 6;
    %dup/vec4;
    %pushi/vec4 8, 0, 4;
    %cmp/u;
    %jmp/1 T_8.8, 6;
    %dup/vec4;
    %pushi/vec4 10, 0, 4;
    %cmp/u;
    %jmp/1 T_8.9, 6;
    %dup/vec4;
    %pushi/vec4 9, 0, 4;
    %cmp/u;
    %jmp/1 T_8.10, 6;
    %pushi/vec4 0, 0, 32;
    %store/vec4 v0x6344e98da4e0_0, 0, 32;
    %jmp T_8.12;
T_8.0 ;
    %load/vec4 v0x6344e98d88f0_0;
    %load/vec4 v0x6344e98da6d0_0;
    %add;
    %store/vec4 v0x6344e98da4e0_0, 0, 32;
    %jmp T_8.12;
T_8.1 ;
    %load/vec4 v0x6344e98d88f0_0;
    %load/vec4 v0x6344e98da6d0_0;
    %mul;
    %store/vec4 v0x6344e98da4e0_0, 0, 32;
    %jmp T_8.12;
T_8.2 ;
    %load/vec4 v0x6344e98d88f0_0;
    %load/vec4 v0x6344e98da6d0_0;
    %and;
    %store/vec4 v0x6344e98da4e0_0, 0, 32;
    %jmp T_8.12;
T_8.3 ;
    %load/vec4 v0x6344e98d88f0_0;
    %load/vec4 v0x6344e98da6d0_0;
    %or;
    %store/vec4 v0x6344e98da4e0_0, 0, 32;
    %jmp T_8.12;
T_8.4 ;
    %load/vec4 v0x6344e98d88f0_0;
    %load/vec4 v0x6344e98da6d0_0;
    %xor;
    %store/vec4 v0x6344e98da4e0_0, 0, 32;
    %jmp T_8.12;
T_8.5 ;
    %load/vec4 v0x6344e98d88f0_0;
    %load/vec4 v0x6344e98da6d0_0;
    %or;
    %inv;
    %store/vec4 v0x6344e98da4e0_0, 0, 32;
    %jmp T_8.12;
T_8.6 ;
    %load/vec4 v0x6344e98d88f0_0;
    %load/vec4 v0x6344e98da6d0_0;
    %parti/s 5, 0, 2;
    %ix/vec4 4;
    %shiftl 4;
    %store/vec4 v0x6344e98da4e0_0, 0, 32;
    %jmp T_8.12;
T_8.7 ;
    %load/vec4 v0x6344e98d88f0_0;
    %load/vec4 v0x6344e98da6d0_0;
    %parti/s 5, 0, 2;
    %ix/vec4 4;
    %shiftr 4;
    %store/vec4 v0x6344e98da4e0_0, 0, 32;
    %jmp T_8.12;
T_8.8 ;
    %load/vec4 v0x6344e98d88f0_0;
    %load/vec4 v0x6344e98da6d0_0;
    %sub;
    %store/vec4 v0x6344e98da4e0_0, 0, 32;
    %jmp T_8.12;
T_8.9 ;
    %load/vec4 v0x6344e98d88f0_0;
    %load/vec4 v0x6344e98da6d0_0;
    %cmp/u;
    %flag_mov 8, 5;
    %jmp/0 T_8.13, 8;
    %pushi/vec4 1, 0, 32;
    %jmp/1 T_8.14, 8;
T_8.13 ; End of true expr.
    %pushi/vec4 0, 0, 32;
    %jmp/0 T_8.14, 8;
 ; End of false expr.
    %blend;
T_8.14;
    %store/vec4 v0x6344e98da4e0_0, 0, 32;
    %jmp T_8.12;
T_8.10 ;
    %load/vec4 v0x6344e98d88f0_0;
    %load/vec4 v0x6344e98da6d0_0;
    %cmp/e;
    %flag_mov 8, 4;
    %jmp/0 T_8.15, 8;
    %pushi/vec4 1, 0, 32;
    %jmp/1 T_8.16, 8;
T_8.15 ; End of true expr.
    %pushi/vec4 0, 0, 32;
    %jmp/0 T_8.16, 8;
 ; End of false expr.
    %blend;
T_8.16;
    %store/vec4 v0x6344e98da4e0_0, 0, 32;
    %jmp T_8.12;
T_8.12 ;
    %pop/vec4 1;
    %jmp T_8;
    .thread T_8, $push;
    .scope S_0x6344e98bd380;
T_9 ;
    %wait E_0x6344e981ff60;
    %load/vec4 v0x6344e98d3320_0;
    %flag_set/vec4 8;
    %jmp/0xz  T_9.0, 8;
    %pushi/vec4 0, 0, 32;
    %assign/vec4 v0x6344e98d2fc0_0, 0;
    %pushi/vec4 0, 0, 32;
    %assign/vec4 v0x6344e98d34c0_0, 0;
    %pushi/vec4 0, 0, 5;
    %assign/vec4 v0x6344e98d3680_0, 0;
    %pushi/vec4 0, 0, 1;
    %assign/vec4 v0x6344e98d2e20_0, 0;
    %pushi/vec4 0, 0, 1;
    %assign/vec4 v0x6344e98d29a0_0, 0;
    %pushi/vec4 0, 0, 1;
    %assign/vec4 v0x6344e98d2ca0_0, 0;
    %pushi/vec4 0, 0, 1;
    %assign/vec4 v0x6344e98d2b20_0, 0;
    %pushi/vec4 0, 0, 1;
    %assign/vec4 v0x6344e98d2670_0, 0;
    %pushi/vec4 0, 0, 1;
    %assign/vec4 v0x6344e98d27d0_0, 0;
    %pushi/vec4 0, 0, 32;
    %assign/vec4 v0x6344e98d3240_0, 0;
    %jmp T_9.1;
T_9.0 ;
    %load/vec4 v0x6344e98d2ee0_0;
    %assign/vec4 v0x6344e98d2fc0_0, 0;
    %load/vec4 v0x6344e98d33e0_0;
    %assign/vec4 v0x6344e98d34c0_0, 0;
    %load/vec4 v0x6344e98d35a0_0;
    %assign/vec4 v0x6344e98d3680_0, 0;
    %load/vec4 v0x6344e98d2d60_0;
    %assign/vec4 v0x6344e98d2e20_0, 0;
    %load/vec4 v0x6344e98d2890_0;
    %assign/vec4 v0x6344e98d29a0_0, 0;
    %load/vec4 v0x6344e98d2be0_0;
    %assign/vec4 v0x6344e98d2ca0_0, 0;
    %load/vec4 v0x6344e98d2a60_0;
    %assign/vec4 v0x6344e98d2b20_0, 0;
    %load/vec4 v0x6344e98d2590_0;
    %assign/vec4 v0x6344e98d2670_0, 0;
    %load/vec4 v0x6344e98d2730_0;
    %assign/vec4 v0x6344e98d27d0_0, 0;
    %load/vec4 v0x6344e98d3160_0;
    %assign/vec4 v0x6344e98d3240_0, 0;
T_9.1 ;
    %jmp T_9;
    .thread T_9;
    .scope S_0x6344e98da820;
T_10 ;
    %pushi/vec4 0, 0, 32;
    %store/vec4 v0x6344e98db360_0, 0, 32;
T_10.0 ;
    %load/vec4 v0x6344e98db360_0;
    %cmpi/s 256, 0, 32;
    %jmp/0xz T_10.1, 5;
    %pushi/vec4 0, 0, 32;
    %ix/getv/s 4, v0x6344e98db360_0;
    %store/vec4a v0x6344e98db440, 4, 0;
    %load/vec4 v0x6344e98db360_0;
    %addi 1, 0, 32;
    %store/vec4 v0x6344e98db360_0, 0, 32;
    %jmp T_10.0;
T_10.1 ;
    %end;
    .thread T_10;
    .scope S_0x6344e98da820;
T_11 ;
    %wait E_0x6344e98c1420;
    %load/vec4 v0x6344e98db660_0;
    %flag_set/vec4 8;
    %jmp/0xz  T_11.0, 8;
    %load/vec4 v0x6344e98db5c0_0;
    %load/vec4 v0x6344e98db090_0;
    %parti/s 8, 0, 2;
    %ix/load 4, 2, 0;
    %flag_set/imm 4, 0;
    %shiftr 4;
    %pad/u 10;
    %ix/vec4 3;
    %ix/load 4, 0, 0; Constant delay
    %assign/vec4/a/d v0x6344e98db440, 0, 4;
T_11.0 ;
    %jmp T_11;
    .thread T_11;
    .scope S_0x6344e98d8760;
T_12 ;
    %wait E_0x6344e981ff60;
    %load/vec4 v0x6344e98d9660_0;
    %flag_set/vec4 8;
    %jmp/0xz  T_12.0, 8;
    %pushi/vec4 0, 0, 32;
    %assign/vec4 v0x6344e98d9580_0, 0;
    %pushi/vec4 0, 0, 32;
    %assign/vec4 v0x6344e98d91b0_0, 0;
    %pushi/vec4 0, 0, 5;
    %assign/vec4 v0x6344e98d97c0_0, 0;
    %pushi/vec4 0, 0, 1;
    %assign/vec4 v0x6344e98d9070_0, 0;
    %pushi/vec4 0, 0, 1;
    %assign/vec4 v0x6344e98d8ee0_0, 0;
    %pushi/vec4 0, 0, 1;
    %assign/vec4 v0x6344e98d8c10_0, 0;
    %pushi/vec4 0, 0, 1;
    %assign/vec4 v0x6344e98d8d50_0, 0;
    %pushi/vec4 0, 0, 32;
    %assign/vec4 v0x6344e98d93e0_0, 0;
    %jmp T_12.1;
T_12.0 ;
    %load/vec4 v0x6344e98d94a0_0;
    %assign/vec4 v0x6344e98d9580_0, 0;
    %load/vec4 v0x6344e98d9110_0;
    %assign/vec4 v0x6344e98d91b0_0, 0;
    %load/vec4 v0x6344e98d9700_0;
    %assign/vec4 v0x6344e98d97c0_0, 0;
    %load/vec4 v0x6344e98d8f80_0;
    %assign/vec4 v0x6344e98d9070_0, 0;
    %load/vec4 v0x6344e98d8df0_0;
    %assign/vec4 v0x6344e98d8ee0_0, 0;
    %load/vec4 v0x6344e98d8b50_0;
    %assign/vec4 v0x6344e98d8c10_0, 0;
    %load/vec4 v0x6344e98d8cb0_0;
    %assign/vec4 v0x6344e98d8d50_0, 0;
    %load/vec4 v0x6344e98d92f0_0;
    %assign/vec4 v0x6344e98d93e0_0, 0;
T_12.1 ;
    %jmp T_12;
    .thread T_12;
    .scope S_0x6344e98854c0;
T_13 ;
    %wait E_0x6344e98548c0;
    %load/vec4 v0x6344e98de680_0;
    %dup/vec4;
    %pushi/vec4 2, 0, 2;
    %cmp/u;
    %jmp/1 T_13.0, 6;
    %dup/vec4;
    %pushi/vec4 1, 0, 2;
    %cmp/u;
    %jmp/1 T_13.1, 6;
    %load/vec4 v0x6344e98e3660_0;
    %store/vec4 v0x6344e98e0db0_0, 0, 32;
    %jmp T_13.3;
T_13.0 ;
    %load/vec4 v0x6344e98e2050_0;
    %store/vec4 v0x6344e98e0db0_0, 0, 32;
    %jmp T_13.3;
T_13.1 ;
    %load/vec4 v0x6344e98e2470_0;
    %store/vec4 v0x6344e98e0db0_0, 0, 32;
    %jmp T_13.3;
T_13.3 ;
    %pop/vec4 1;
    %load/vec4 v0x6344e98de770_0;
    %dup/vec4;
    %pushi/vec4 2, 0, 2;
    %cmp/u;
    %jmp/1 T_13.4, 6;
    %dup/vec4;
    %pushi/vec4 1, 0, 2;
    %cmp/u;
    %jmp/1 T_13.5, 6;
    %load/vec4 v0x6344e98e3700_0;
    %store/vec4 v0x6344e98e0ff0_0, 0, 32;
    %jmp T_13.7;
T_13.4 ;
    %load/vec4 v0x6344e98e2050_0;
    %store/vec4 v0x6344e98e0ff0_0, 0, 32;
    %jmp T_13.7;
T_13.5 ;
    %load/vec4 v0x6344e98e2470_0;
    %store/vec4 v0x6344e98e0ff0_0, 0, 32;
    %jmp T_13.7;
T_13.7 ;
    %pop/vec4 1;
    %jmp T_13;
    .thread T_13, $push;
    .scope S_0x6344e98854c0;
T_14 ;
    %wait E_0x6344e981ff60;
    %load/vec4 v0x6344e98e4dc0_0;
    %flag_set/vec4 8;
    %jmp/0xz  T_14.0, 8;
    %load/vec4 v0x6344e98e3d40_0;
    %assign/vec4 v0x6344e98e4b10_0, 0;
    %jmp T_14.1;
T_14.0 ;
    %load/vec4 v0x6344e98e25d0_0;
    %flag_set/vec4 8;
    %jmp/0xz  T_14.2, 8;
    %load/vec4 v0x6344e98e4b10_0;
    %assign/vec4 v0x6344e98e4b10_0, 0;
    %jmp T_14.3;
T_14.2 ;
    %load/vec4 v0x6344e98e1360_0;
    %flag_set/vec4 8;
    %jmp/0xz  T_14.4, 8;
    %load/vec4 v0x6344e98e1500_0;
    %assign/vec4 v0x6344e98e4b10_0, 0;
    %jmp T_14.5;
T_14.4 ;
    %load/vec4 v0x6344e98e3f10_0;
    %flag_set/vec4 8;
    %jmp/0xz  T_14.6, 8;
    %load/vec4 v0x6344e98e41d0_0;
    %assign/vec4 v0x6344e98e4b10_0, 0;
    %jmp T_14.7;
T_14.6 ;
    %load/vec4 v0x6344e98e3fb0_0;
    %flag_set/vec4 8;
    %jmp/0xz  T_14.8, 8;
    %load/vec4 v0x6344e98e42b0_0;
    %assign/vec4 v0x6344e98e4b10_0, 0;
    %jmp T_14.9;
T_14.8 ;
    %load/vec4 v0x6344e98e4f40_0;
    %flag_set/vec4 8;
    %jmp/0xz  T_14.10, 8;
    %load/vec4 v0x6344e98e4b10_0;
    %assign/vec4 v0x6344e98e4b10_0, 0;
    %jmp T_14.11;
T_14.10 ;
    %load/vec4 v0x6344e98e4b10_0;
    %addi 1, 0, 32;
    %assign/vec4 v0x6344e98e4b10_0, 0;
T_14.11 ;
T_14.9 ;
T_14.7 ;
T_14.5 ;
T_14.3 ;
T_14.1 ;
    %jmp T_14;
    .thread T_14;
    .scope S_0x6344e98be280;
T_15 ;
    %pushi/vec4 1, 0, 1;
    %store/vec4 v0x6344e98e5a90_0, 0, 1;
T_15.0 ;
    %delay 5000, 0;
    %load/vec4 v0x6344e98e5a90_0;
    %inv;
    %store/vec4 v0x6344e98e5a90_0, 0, 1;
    %jmp T_15.0;
    %end;
    .thread T_15;
    .scope S_0x6344e98be280;
T_16 ;
    %vpi_call 2 1120 "$dumpfile", "hw_pipeline.vcd" {0 0 0};
    %vpi_call 2 1121 "$dumpvars", 32'sb00000000000000000000000000000000, S_0x6344e98be280 {0 0 0};
    %pushi/vec4 1, 0, 1;
    %store/vec4 v0x6344e98e5c10_0, 0, 1;
    %delay 9000, 0;
    %pushi/vec4 0, 0, 1;
    %store/vec4 v0x6344e98e5c10_0, 0, 1;
    %delay 5000000, 0;
    %vpi_call 2 1128 "$finish" {0 0 0};
    %end;
    .thread T_16;
    .scope S_0x6344e98be280;
T_17 ;
    %wait E_0x6344e98c1420;
    %load/vec4 v0x6344e98e5b50_0;
    %flag_set/vec4 8;
    %jmp/0xz  T_17.0, 8;
    %delay 1000, 0;
    %vpi_call 2 1134 "$finish" {0 0 0};
T_17.0 ;
    %jmp T_17;
    .thread T_17;
# The file index is used to find the file name in the following table.
:file_names 3;
    "N/A";
    "<interactive>";
    "pipeline_processor.v";
