#! /usr/local/bin/vvp
:ivl_version "11.0 (stable)" "(v11_0-132-gb2f2414f4)";
:ivl_delay_selection "TYPICAL";
:vpi_time_precision - 12;
:vpi_module "/usr/local/lib/ivl/system.vpi";
:vpi_module "/usr/local/lib/ivl/vhdl_sys.vpi";
:vpi_module "/usr/local/lib/ivl/vhdl_textio.vpi";
:vpi_module "/usr/local/lib/ivl/v2005_math.vpi";
:vpi_module "/usr/local/lib/ivl/va_math.vpi";
S_0x6025432c5e10 .scope module, "processor_tb" "processor_tb" 2 426;
 .timescale -9 -12;
S_0x6025432c6ba0 .scope module, "myProcessor" "processor" 2 436, 2 2 0, S_0x6025432c5e10;
 .timescale -9 -12;
    .port_info 0 /INPUT 32 "initial_pc";
L_0x60254330f880 .functor BUFZ 32, v0x6025432fc790_0, C4<00000000000000000000000000000000>, C4<00000000000000000000000000000000>, C4<00000000000000000000000000000000>;
L_0x60254330f8f0 .functor BUFZ 32, v0x6025432fca70_0, C4<00000000000000000000000000000000>, C4<00000000000000000000000000000000>, C4<00000000000000000000000000000000>;
L_0x60254330f960 .functor BUFZ 32, v0x6025432fc330_0, C4<00000000000000000000000000000000>, C4<00000000000000000000000000000000>, C4<00000000000000000000000000000000>;
L_0x60254330fa70 .functor BUFZ 1, v0x6025432fe0e0_0, C4<0>, C4<0>, C4<0>;
v0x6025432fc330_0 .var "ADDI_in", 31 0;
v0x6025432fc430_0 .net "ADDI_in_wire", 31 0, L_0x60254330f960;  1 drivers
v0x6025432fc4f0_0 .net "ADDI_out_wire", 31 0, v0x6025432f6830_0;  1 drivers
v0x6025432fc5e0_0 .var "ALU_Sel", 2 0;
v0x6025432fc6a0_0 .net "ALU_out_wire", 31 0, v0x6025432f7770_0;  1 drivers
v0x6025432fc790_0 .var "ANDI_in", 31 0;
v0x6025432fc850_0 .net "ANDI_in_wire", 31 0, L_0x60254330f880;  1 drivers
v0x6025432fc960_0 .net "ANDI_out_wire", 31 0, v0x6025432f8660_0;  1 drivers
v0x6025432fca70_0 .var "ORI_in", 31 0;
v0x6025432fcb50_0 .net "ORI_in_wire", 31 0, L_0x60254330f8f0;  1 drivers
v0x6025432fcc10_0 .net "ORI_out_wire", 31 0, v0x6025432f9d50_0;  1 drivers
v0x6025432fcd20_0 .var "a", 31 0;
v0x6025432fcde0_0 .var "b", 31 0;
v0x6025432fce80_0 .var "base", 4 0;
v0x6025432fcf40_0 .net "clk", 0 0, v0x6025432f90d0_0;  1 drivers
v0x6025432fcfe0_0 .var "funct", 5 0;
v0x6025432fd0c0_0 .net "immediate_wire", 15 0, L_0x60254330f9d0;  1 drivers
L_0x73dbc15552a0 .functor BUFT 1, C4<00000000000000000000000000000000>, C4<0>, C4<0>, C4<0>;
v0x6025432fd180_0 .net "initial_pc", 31 0, L_0x73dbc15552a0;  1 drivers
v0x6025432fd260_0 .net "instruction", 31 0, v0x6025432faa10_0;  1 drivers
v0x6025432fd320_0 .var "mem_address", 31 0;
v0x6025432fd3c0_0 .var "mem_data", 31 0;
v0x6025432fd460_0 .var "opcode", 5 0;
v0x6025432fd520_0 .var "pc", 31 0;
v0x6025432fd5e0_0 .var "rd", 4 0;
v0x6025432fd6a0_0 .net "read_data_wire", 31 0, L_0x6025432fe9a0;  1 drivers
v0x6025432fd790_0 .var "read_reg1", 4 0;
v0x6025432fd860_0 .var "read_reg2", 4 0;
v0x6025432fd930_0 .net "reg_data1", 31 0, L_0x6025432fece0;  1 drivers
v0x6025432fda00_0 .net "reg_data2", 31 0, L_0x6025432ff050;  1 drivers
v0x6025432fdad0_0 .var "rs", 4 0;
v0x6025432fdb90_0 .var "rt", 4 0;
v0x6025432fdc70_0 .var "write_data", 31 0;
v0x6025432fdd60_0 .net "write_enable", 0 0, L_0x60254330fa70;  1 drivers
v0x6025432fe010_0 .var "write_enable_mem", 0 0;
v0x6025432fe0e0_0 .var "write_enable_reg", 0 0;
v0x6025432fe1b0_0 .var "write_reg", 4 0;
E_0x6025432b9b70/0 .event edge, v0x6025432fa910_0, v0x6025432fd460_0, v0x6025432fdad0_0, v0x6025432fdb90_0;
E_0x6025432b9b70/1 .event edge, v0x6025432fbb70_0, v0x6025432fbc50_0, v0x6025432fd5e0_0, v0x6025432fcfe0_0;
E_0x6025432b9b70/2 .event edge, v0x6025432f7670_0, v0x6025432f7940_0, v0x6025432f7770_0, v0x6025432f6830_0;
E_0x6025432b9b70/3 .event edge, v0x6025432fce80_0, v0x6025432f5c50_0, v0x6025432f8660_0, v0x6025432f9d50_0;
E_0x6025432b9b70/4 .event edge, v0x6025432fafc0_0;
E_0x6025432b9b70 .event/or E_0x6025432b9b70/0, E_0x6025432b9b70/1, E_0x6025432b9b70/2, E_0x6025432b9b70/3, E_0x6025432b9b70/4;
L_0x60254330f9d0 .part v0x6025432faa10_0, 0, 16;
S_0x6025432db270 .scope module, "mem" "memoryFile" 2 27, 2 262 0, S_0x6025432c6ba0;
 .timescale -9 -12;
    .port_info 0 /INPUT 1 "clk";
    .port_info 1 /INPUT 32 "addr";
    .port_info 2 /INPUT 1 "writeEnable";
    .port_info 3 /INPUT 32 "writeData";
    .port_info 4 /OUTPUT 32 "readData";
L_0x6025432fe9a0 .functor BUFZ 32, L_0x6025432fe340, C4<00000000000000000000000000000000>, C4<00000000000000000000000000000000>, C4<00000000000000000000000000000000>;
v0x6025432d2430_0 .net *"_ivl_0", 31 0, L_0x6025432fe340;  1 drivers
v0x6025432c8000_0 .net *"_ivl_10", 9 0, L_0x6025432fe810;  1 drivers
L_0x73dbc1555060 .functor BUFT 1, C4<00>, C4<0>, C4<0>, C4<0>;
v0x6025432f5480_0 .net *"_ivl_13", 1 0, L_0x73dbc1555060;  1 drivers
v0x6025432f5540_0 .net *"_ivl_3", 7 0, L_0x6025432fe460;  1 drivers
v0x6025432f5620_0 .net *"_ivl_4", 7 0, L_0x6025432fe670;  1 drivers
v0x6025432f5750_0 .net *"_ivl_6", 5 0, L_0x6025432fe580;  1 drivers
L_0x73dbc1555018 .functor BUFT 1, C4<00>, C4<0>, C4<0>, C4<0>;
v0x6025432f5830_0 .net *"_ivl_8", 1 0, L_0x73dbc1555018;  1 drivers
v0x6025432f5910_0 .net "addr", 31 0, v0x6025432fd320_0;  1 drivers
v0x6025432f59f0_0 .net "clk", 0 0, v0x6025432f90d0_0;  alias, 1 drivers
v0x6025432f5ab0_0 .var/i "i", 31 0;
v0x6025432f5b90 .array "mem", 255 0, 31 0;
v0x6025432f5c50_0 .net "readData", 31 0, L_0x6025432fe9a0;  alias, 1 drivers
v0x6025432f5d30_0 .net "writeData", 31 0, v0x6025432fd3c0_0;  1 drivers
v0x6025432f5e10_0 .net "writeEnable", 0 0, v0x6025432fe010_0;  1 drivers
E_0x6025432b9ff0 .event posedge, v0x6025432f59f0_0;
L_0x6025432fe340 .array/port v0x6025432f5b90, L_0x6025432fe810;
L_0x6025432fe460 .part v0x6025432fd320_0, 0, 8;
L_0x6025432fe580 .part L_0x6025432fe460, 2, 6;
L_0x6025432fe670 .concat [ 6 2 0 0], L_0x6025432fe580, L_0x73dbc1555018;
L_0x6025432fe810 .concat [ 8 2 0 0], L_0x6025432fe670, L_0x73dbc1555060;
S_0x6025432f5f70 .scope module, "myADDI" "addi" 2 33, 2 401 0, S_0x6025432c6ba0;
 .timescale -9 -12;
    .port_info 0 /INPUT 32 "reg_in";
    .port_info 1 /OUTPUT 32 "reg_out";
    .port_info 2 /INPUT 16 "immediate";
v0x6025432f6b30_0 .net *"_ivl_1", 0 0, L_0x60254330f2b0;  1 drivers
v0x6025432f6c30_0 .net *"_ivl_2", 15 0, L_0x60254330f350;  1 drivers
v0x6025432f6d10_0 .net "immediate", 15 0, L_0x60254330f9d0;  alias, 1 drivers
v0x6025432f6dd0_0 .net "reg_in", 31 0, L_0x60254330f960;  alias, 1 drivers
v0x6025432f6e90_0 .net "reg_out", 31 0, v0x6025432f6830_0;  alias, 1 drivers
v0x6025432f6f80_0 .net "sign_extended_value", 31 0, L_0x60254330f650;  1 drivers
L_0x60254330f2b0 .part L_0x60254330f9d0, 15, 1;
LS_0x60254330f350_0_0 .concat [ 1 1 1 1], L_0x60254330f2b0, L_0x60254330f2b0, L_0x60254330f2b0, L_0x60254330f2b0;
LS_0x60254330f350_0_4 .concat [ 1 1 1 1], L_0x60254330f2b0, L_0x60254330f2b0, L_0x60254330f2b0, L_0x60254330f2b0;
LS_0x60254330f350_0_8 .concat [ 1 1 1 1], L_0x60254330f2b0, L_0x60254330f2b0, L_0x60254330f2b0, L_0x60254330f2b0;
LS_0x60254330f350_0_12 .concat [ 1 1 1 1], L_0x60254330f2b0, L_0x60254330f2b0, L_0x60254330f2b0, L_0x60254330f2b0;
L_0x60254330f350 .concat [ 4 4 4 4], LS_0x60254330f350_0_0, LS_0x60254330f350_0_4, LS_0x60254330f350_0_8, LS_0x60254330f350_0_12;
L_0x60254330f650 .concat [ 16 16 0 0], L_0x60254330f9d0, L_0x60254330f350;
S_0x6025432f6170 .scope module, "myADDI_ALU" "alu" 2 407, 2 204 0, S_0x6025432f5f70;
 .timescale -9 -12;
    .port_info 0 /INPUT 32 "A";
    .port_info 1 /INPUT 32 "B";
    .port_info 2 /INPUT 3 "ALU_Sel";
    .port_info 3 /OUTPUT 32 "ALU_Out";
P_0x6025432c2850 .param/l "ADD" 0 2 205, C4<000>;
P_0x6025432c2890 .param/l "AND" 0 2 207, C4<010>;
P_0x6025432c28d0 .param/l "MUL" 0 2 206, C4<001>;
P_0x6025432c2910 .param/l "NOR" 0 2 210, C4<101>;
P_0x6025432c2950 .param/l "OR" 0 2 208, C4<011>;
P_0x6025432c2990 .param/l "SLL" 0 2 211, C4<110>;
P_0x6025432c29d0 .param/l "SRL" 0 2 212, C4<111>;
P_0x6025432c2a10 .param/l "XOR" 0 2 209, C4<100>;
v0x6025432f6730_0 .net "A", 31 0, L_0x60254330f960;  alias, 1 drivers
v0x6025432f6830_0 .var "ALU_Out", 31 0;
L_0x73dbc15551c8 .functor BUFT 1, C4<000>, C4<0>, C4<0>, C4<0>;
v0x6025432f6910_0 .net "ALU_Sel", 2 0, L_0x73dbc15551c8;  1 drivers
v0x6025432f69d0_0 .net "B", 31 0, L_0x60254330f650;  alias, 1 drivers
E_0x6025432ba730 .event edge, v0x6025432f6910_0, v0x6025432f6730_0, v0x6025432f69d0_0;
S_0x6025432f70b0 .scope module, "myALU" "alu" 2 31, 2 204 0, S_0x6025432c6ba0;
 .timescale -9 -12;
    .port_info 0 /INPUT 32 "A";
    .port_info 1 /INPUT 32 "B";
    .port_info 2 /INPUT 3 "ALU_Sel";
    .port_info 3 /OUTPUT 32 "ALU_Out";
P_0x6025432c2010 .param/l "ADD" 0 2 205, C4<000>;
P_0x6025432c2050 .param/l "AND" 0 2 207, C4<010>;
P_0x6025432c2090 .param/l "MUL" 0 2 206, C4<001>;
P_0x6025432c20d0 .param/l "NOR" 0 2 210, C4<101>;
P_0x6025432c2110 .param/l "OR" 0 2 208, C4<011>;
P_0x6025432c2150 .param/l "SLL" 0 2 211, C4<110>;
P_0x6025432c2190 .param/l "SRL" 0 2 212, C4<111>;
P_0x6025432c21d0 .param/l "XOR" 0 2 209, C4<100>;
v0x6025432f7670_0 .net "A", 31 0, v0x6025432fcd20_0;  1 drivers
v0x6025432f7770_0 .var "ALU_Out", 31 0;
v0x6025432f7850_0 .net "ALU_Sel", 2 0, v0x6025432fc5e0_0;  1 drivers
v0x6025432f7940_0 .net "B", 31 0, v0x6025432fcde0_0;  1 drivers
E_0x602543275f90 .event edge, v0x6025432f7850_0, v0x6025432f7670_0, v0x6025432f7940_0;
S_0x6025432f7ad0 .scope module, "myANDI" "andi" 2 32, 2 410 0, S_0x6025432c6ba0;
 .timescale -9 -12;
    .port_info 0 /INPUT 32 "reg_in";
    .port_info 1 /OUTPUT 32 "reg_out";
    .port_info 2 /INPUT 16 "immediate";
L_0x73dbc1555138 .functor BUFT 1, C4<0000000000000000>, C4<0>, C4<0>, C4<0>;
v0x6025432f89c0_0 .net/2u *"_ivl_0", 15 0, L_0x73dbc1555138;  1 drivers
v0x6025432f8ac0_0 .net "immediate", 15 0, L_0x60254330f9d0;  alias, 1 drivers
v0x6025432f8b80_0 .net "reg_in", 31 0, L_0x60254330f880;  alias, 1 drivers
v0x6025432f8c80_0 .net "reg_out", 31 0, v0x6025432f8660_0;  alias, 1 drivers
v0x6025432f8d50_0 .net "zero_extended_value", 31 0, L_0x60254330f1c0;  1 drivers
L_0x60254330f1c0 .concat [ 16 16 0 0], L_0x60254330f9d0, L_0x73dbc1555138;
S_0x6025432f7d20 .scope module, "myALU" "alu" 2 415, 2 204 0, S_0x6025432f7ad0;
 .timescale -9 -12;
    .port_info 0 /INPUT 32 "A";
    .port_info 1 /INPUT 32 "B";
    .port_info 2 /INPUT 3 "ALU_Sel";
    .port_info 3 /OUTPUT 32 "ALU_Out";
P_0x6025432f7f20 .param/l "ADD" 0 2 205, C4<000>;
P_0x6025432f7f60 .param/l "AND" 0 2 207, C4<010>;
P_0x6025432f7fa0 .param/l "MUL" 0 2 206, C4<001>;
P_0x6025432f7fe0 .param/l "NOR" 0 2 210, C4<101>;
P_0x6025432f8020 .param/l "OR" 0 2 208, C4<011>;
P_0x6025432f8060 .param/l "SLL" 0 2 211, C4<110>;
P_0x6025432f80a0 .param/l "SRL" 0 2 212, C4<111>;
P_0x6025432f80e0 .param/l "XOR" 0 2 209, C4<100>;
v0x6025432f8560_0 .net "A", 31 0, L_0x60254330f880;  alias, 1 drivers
v0x6025432f8660_0 .var "ALU_Out", 31 0;
L_0x73dbc1555180 .functor BUFT 1, C4<010>, C4<0>, C4<0>, C4<0>;
v0x6025432f8740_0 .net "ALU_Sel", 2 0, L_0x73dbc1555180;  1 drivers
v0x6025432f8830_0 .net "B", 31 0, L_0x60254330f1c0;  alias, 1 drivers
E_0x6025432dbe40 .event edge, v0x6025432f8740_0, v0x6025432f8560_0, v0x6025432f8830_0;
S_0x6025432f8e80 .scope module, "myClock" "clock" 2 18, 2 391 0, S_0x6025432c6ba0;
 .timescale -9 -12;
    .port_info 0 /OUTPUT 1 "clk";
v0x6025432f90d0_0 .var "clk", 0 0;
S_0x6025432f91b0 .scope module, "myORI" "ori" 2 34, 2 418 0, S_0x6025432c6ba0;
 .timescale -9 -12;
    .port_info 0 /INPUT 32 "reg_in";
    .port_info 1 /OUTPUT 32 "reg_out";
    .port_info 2 /INPUT 16 "immediate";
L_0x73dbc1555210 .functor BUFT 1, C4<0000000000000000>, C4<0>, C4<0>, C4<0>;
v0x6025432fa0b0_0 .net/2u *"_ivl_0", 15 0, L_0x73dbc1555210;  1 drivers
v0x6025432fa1b0_0 .net "immediate", 15 0, L_0x60254330f9d0;  alias, 1 drivers
v0x6025432fa2c0_0 .net "reg_in", 31 0, L_0x60254330f8f0;  alias, 1 drivers
v0x6025432fa360_0 .net "reg_out", 31 0, v0x6025432f9d50_0;  alias, 1 drivers
v0x6025432fa430_0 .net "zero_extended_immediate", 31 0, L_0x60254330f740;  1 drivers
L_0x60254330f740 .concat [ 16 16 0 0], L_0x60254330f9d0, L_0x73dbc1555210;
S_0x6025432f93e0 .scope module, "myALU" "alu" 2 423, 2 204 0, S_0x6025432f91b0;
 .timescale -9 -12;
    .port_info 0 /INPUT 32 "A";
    .port_info 1 /INPUT 32 "B";
    .port_info 2 /INPUT 3 "ALU_Sel";
    .port_info 3 /OUTPUT 32 "ALU_Out";
P_0x6025432f95e0 .param/l "ADD" 0 2 205, C4<000>;
P_0x6025432f9620 .param/l "AND" 0 2 207, C4<010>;
P_0x6025432f9660 .param/l "MUL" 0 2 206, C4<001>;
P_0x6025432f96a0 .param/l "NOR" 0 2 210, C4<101>;
P_0x6025432f96e0 .param/l "OR" 0 2 208, C4<011>;
P_0x6025432f9720 .param/l "SLL" 0 2 211, C4<110>;
P_0x6025432f9760 .param/l "SRL" 0 2 212, C4<111>;
P_0x6025432f97a0 .param/l "XOR" 0 2 209, C4<100>;
v0x6025432f9c50_0 .net "A", 31 0, L_0x60254330f8f0;  alias, 1 drivers
v0x6025432f9d50_0 .var "ALU_Out", 31 0;
L_0x73dbc1555258 .functor BUFT 1, C4<011>, C4<0>, C4<0>, C4<0>;
v0x6025432f9e30_0 .net "ALU_Sel", 2 0, L_0x73dbc1555258;  1 drivers
v0x6025432f9f20_0 .net "B", 31 0, L_0x60254330f740;  alias, 1 drivers
E_0x6025432dbe00 .event edge, v0x6025432f9e30_0, v0x6025432f9c50_0, v0x6025432f9f20_0;
S_0x6025432fa580 .scope module, "prog_mem" "programMem" 2 25, 2 285 0, S_0x6025432c6ba0;
 .timescale -9 -12;
    .port_info 0 /INPUT 32 "pc";
    .port_info 1 /OUTPUT 32 "instruction";
v0x6025432fa910_0 .net "instruction", 31 0, v0x6025432faa10_0;  alias, 1 drivers
v0x6025432faa10_0 .var "instruction_reg", 31 0;
v0x6025432faaf0 .array "instructions", 0 31, 31 0;
v0x6025432fafc0_0 .net "pc", 31 0, v0x6025432fd520_0;  1 drivers
v0x6025432faaf0_0 .array/port v0x6025432faaf0, 0;
v0x6025432faaf0_1 .array/port v0x6025432faaf0, 1;
v0x6025432faaf0_2 .array/port v0x6025432faaf0, 2;
E_0x6025432fa7a0/0 .event edge, v0x6025432fafc0_0, v0x6025432faaf0_0, v0x6025432faaf0_1, v0x6025432faaf0_2;
v0x6025432faaf0_3 .array/port v0x6025432faaf0, 3;
v0x6025432faaf0_4 .array/port v0x6025432faaf0, 4;
v0x6025432faaf0_5 .array/port v0x6025432faaf0, 5;
v0x6025432faaf0_6 .array/port v0x6025432faaf0, 6;
E_0x6025432fa7a0/1 .event edge, v0x6025432faaf0_3, v0x6025432faaf0_4, v0x6025432faaf0_5, v0x6025432faaf0_6;
v0x6025432faaf0_7 .array/port v0x6025432faaf0, 7;
v0x6025432faaf0_8 .array/port v0x6025432faaf0, 8;
v0x6025432faaf0_9 .array/port v0x6025432faaf0, 9;
v0x6025432faaf0_10 .array/port v0x6025432faaf0, 10;
E_0x6025432fa7a0/2 .event edge, v0x6025432faaf0_7, v0x6025432faaf0_8, v0x6025432faaf0_9, v0x6025432faaf0_10;
v0x6025432faaf0_11 .array/port v0x6025432faaf0, 11;
v0x6025432faaf0_12 .array/port v0x6025432faaf0, 12;
v0x6025432faaf0_13 .array/port v0x6025432faaf0, 13;
v0x6025432faaf0_14 .array/port v0x6025432faaf0, 14;
E_0x6025432fa7a0/3 .event edge, v0x6025432faaf0_11, v0x6025432faaf0_12, v0x6025432faaf0_13, v0x6025432faaf0_14;
v0x6025432faaf0_15 .array/port v0x6025432faaf0, 15;
v0x6025432faaf0_16 .array/port v0x6025432faaf0, 16;
v0x6025432faaf0_17 .array/port v0x6025432faaf0, 17;
v0x6025432faaf0_18 .array/port v0x6025432faaf0, 18;
E_0x6025432fa7a0/4 .event edge, v0x6025432faaf0_15, v0x6025432faaf0_16, v0x6025432faaf0_17, v0x6025432faaf0_18;
v0x6025432faaf0_19 .array/port v0x6025432faaf0, 19;
v0x6025432faaf0_20 .array/port v0x6025432faaf0, 20;
v0x6025432faaf0_21 .array/port v0x6025432faaf0, 21;
v0x6025432faaf0_22 .array/port v0x6025432faaf0, 22;
E_0x6025432fa7a0/5 .event edge, v0x6025432faaf0_19, v0x6025432faaf0_20, v0x6025432faaf0_21, v0x6025432faaf0_22;
v0x6025432faaf0_23 .array/port v0x6025432faaf0, 23;
v0x6025432faaf0_24 .array/port v0x6025432faaf0, 24;
v0x6025432faaf0_25 .array/port v0x6025432faaf0, 25;
v0x6025432faaf0_26 .array/port v0x6025432faaf0, 26;
E_0x6025432fa7a0/6 .event edge, v0x6025432faaf0_23, v0x6025432faaf0_24, v0x6025432faaf0_25, v0x6025432faaf0_26;
v0x6025432faaf0_27 .array/port v0x6025432faaf0, 27;
v0x6025432faaf0_28 .array/port v0x6025432faaf0, 28;
v0x6025432faaf0_29 .array/port v0x6025432faaf0, 29;
v0x6025432faaf0_30 .array/port v0x6025432faaf0, 30;
E_0x6025432fa7a0/7 .event edge, v0x6025432faaf0_27, v0x6025432faaf0_28, v0x6025432faaf0_29, v0x6025432faaf0_30;
v0x6025432faaf0_31 .array/port v0x6025432faaf0, 31;
E_0x6025432fa7a0/8 .event edge, v0x6025432faaf0_31;
E_0x6025432fa7a0 .event/or E_0x6025432fa7a0/0, E_0x6025432fa7a0/1, E_0x6025432fa7a0/2, E_0x6025432fa7a0/3, E_0x6025432fa7a0/4, E_0x6025432fa7a0/5, E_0x6025432fa7a0/6, E_0x6025432fa7a0/7, E_0x6025432fa7a0/8;
S_0x6025432fb100 .scope module, "regFile" "registerFile" 2 29, 2 229 0, S_0x6025432c6ba0;
 .timescale -9 -12;
    .port_info 0 /INPUT 1 "clk";
    .port_info 1 /INPUT 1 "writeEnable";
    .port_info 2 /INPUT 5 "writeReg";
    .port_info 3 /INPUT 32 "writeData";
    .port_info 4 /INPUT 5 "readReg1";
    .port_info 5 /INPUT 5 "readReg2";
    .port_info 6 /OUTPUT 32 "readData1";
    .port_info 7 /OUTPUT 32 "readData2";
L_0x6025432fece0 .functor BUFZ 32, L_0x6025432feab0, C4<00000000000000000000000000000000>, C4<00000000000000000000000000000000>, C4<00000000000000000000000000000000>;
L_0x6025432ff050 .functor BUFZ 32, L_0x6025432fedf0, C4<00000000000000000000000000000000>, C4<00000000000000000000000000000000>, C4<00000000000000000000000000000000>;
v0x6025432fb400_0 .net *"_ivl_0", 31 0, L_0x6025432feab0;  1 drivers
v0x6025432fb4e0_0 .net *"_ivl_10", 6 0, L_0x6025432fee90;  1 drivers
L_0x73dbc15550f0 .functor BUFT 1, C4<00>, C4<0>, C4<0>, C4<0>;
v0x6025432fb5c0_0 .net *"_ivl_13", 1 0, L_0x73dbc15550f0;  1 drivers
v0x6025432fb6b0_0 .net *"_ivl_2", 6 0, L_0x6025432feb50;  1 drivers
L_0x73dbc15550a8 .functor BUFT 1, C4<00>, C4<0>, C4<0>, C4<0>;
v0x6025432fb790_0 .net *"_ivl_5", 1 0, L_0x73dbc15550a8;  1 drivers
v0x6025432fb8c0_0 .net *"_ivl_8", 31 0, L_0x6025432fedf0;  1 drivers
v0x6025432fb9a0_0 .net "clk", 0 0, v0x6025432f90d0_0;  alias, 1 drivers
v0x6025432fba90_0 .var/i "i", 31 0;
v0x6025432fbb70_0 .net "readData1", 31 0, L_0x6025432fece0;  alias, 1 drivers
v0x6025432fbc50_0 .net "readData2", 31 0, L_0x6025432ff050;  alias, 1 drivers
v0x6025432fbd30_0 .net "readReg1", 4 0, v0x6025432fd790_0;  1 drivers
v0x6025432fbe10_0 .net "readReg2", 4 0, v0x6025432fd860_0;  1 drivers
v0x6025432fbef0 .array "registers", 31 0, 31 0;
v0x6025432fbfb0_0 .net "writeData", 31 0, v0x6025432fdc70_0;  1 drivers
v0x6025432fc090_0 .net "writeEnable", 0 0, v0x6025432fe0e0_0;  1 drivers
v0x6025432fc150_0 .net "writeReg", 4 0, v0x6025432fe1b0_0;  1 drivers
L_0x6025432feab0 .array/port v0x6025432fbef0, L_0x6025432feb50;
L_0x6025432feb50 .concat [ 5 2 0 0], v0x6025432fd790_0, L_0x73dbc15550a8;
L_0x6025432fedf0 .array/port v0x6025432fbef0, L_0x6025432fee90;
L_0x6025432fee90 .concat [ 5 2 0 0], v0x6025432fd860_0, L_0x73dbc15550f0;
    .scope S_0x6025432f8e80;
T_0 ;
    %pushi/vec4 1, 0, 1;
    %store/vec4 v0x6025432f90d0_0, 0, 1;
T_0.0 ;
    %delay 5000, 0;
    %load/vec4 v0x6025432f90d0_0;
    %inv;
    %store/vec4 v0x6025432f90d0_0, 0, 1;
    %jmp T_0.0;
    %end;
    .thread T_0;
    .scope S_0x6025432fa580;
T_1 ;
    %pushi/vec4 0, 0, 32;
    %store/vec4 v0x6025432faa10_0, 0, 32;
    %pushi/vec4 537395204, 0, 32;
    %ix/load 4, 0, 0;
    %flag_set/imm 4, 0;
    %store/vec4a v0x6025432faaf0, 4, 0;
    %pushi/vec4 537460751, 0, 32;
    %ix/load 4, 1, 0;
    %flag_set/imm 4, 0;
    %store/vec4a v0x6025432faaf0, 4, 0;
    %pushi/vec4 537526292, 0, 32;
    %ix/load 4, 2, 0;
    %flag_set/imm 4, 0;
    %store/vec4a v0x6025432faaf0, 4, 0;
    %pushi/vec4 537985032, 0, 32;
    %ix/load 4, 3, 0;
    %flag_set/imm 4, 0;
    %store/vec4a v0x6025432faaf0, 4, 0;
    %pushi/vec4 2921857024, 0, 32;
    %ix/load 4, 4, 0;
    %flag_set/imm 4, 0;
    %store/vec4a v0x6025432faaf0, 4, 0;
    %pushi/vec4 2921922568, 0, 32;
    %ix/load 4, 5, 0;
    %flag_set/imm 4, 0;
    %store/vec4a v0x6025432faaf0, 4, 0;
    %pushi/vec4 2922053628, 0, 32;
    %ix/load 4, 6, 0;
    %flag_set/imm 4, 0;
    %store/vec4a v0x6025432faaf0, 4, 0;
    %pushi/vec4 4227858432, 0, 32;
    %ix/load 4, 7, 0;
    %flag_set/imm 4, 0;
    %store/vec4a v0x6025432faaf0, 4, 0;
    %pushi/vec4 537395208, 0, 32;
    %ix/load 4, 8, 0;
    %flag_set/imm 4, 0;
    %store/vec4a v0x6025432faaf0, 4, 0;
    %pushi/vec4 537460751, 0, 32;
    %ix/load 4, 9, 0;
    %flag_set/imm 4, 0;
    %store/vec4a v0x6025432faaf0, 4, 0;
    %pushi/vec4 2903048192, 0, 32;
    %ix/load 4, 10, 0;
    %flag_set/imm 4, 0;
    %store/vec4a v0x6025432faaf0, 4, 0;
    %pushi/vec4 19419168, 0, 32;
    %ix/load 4, 11, 0;
    %flag_set/imm 4, 0;
    %store/vec4a v0x6025432faaf0, 4, 0;
    %pushi/vec4 19421218, 0, 32;
    %ix/load 4, 12, 0;
    %flag_set/imm 4, 0;
    %store/vec4a v0x6025432faaf0, 4, 0;
    %pushi/vec4 21727234, 0, 32;
    %ix/load 4, 13, 0;
    %flag_set/imm 4, 0;
    %store/vec4a v0x6025432faaf0, 4, 0;
    %pushi/vec4 537395204, 0, 32;
    %ix/load 4, 14, 0;
    %flag_set/imm 4, 0;
    %store/vec4a v0x6025432faaf0, 4, 0;
    %pushi/vec4 2366832636, 0, 32;
    %ix/load 4, 15, 0;
    %flag_set/imm 4, 0;
    %store/vec4a v0x6025432faaf0, 4, 0;
    %pushi/vec4 36868130, 0, 32;
    %ix/load 4, 16, 0;
    %flag_set/imm 4, 0;
    %store/vec4a v0x6025432faaf0, 4, 0;
    %pushi/vec4 35688448, 0, 32;
    %ix/load 4, 17, 0;
    %flag_set/imm 4, 0;
    %store/vec4a v0x6025432faaf0, 4, 0;
    %pushi/vec4 2903638016, 0, 32;
    %ix/load 4, 18, 0;
    %flag_set/imm 4, 0;
    %store/vec4a v0x6025432faaf0, 4, 0;
    %pushi/vec4 4227858432, 0, 32;
    %ix/load 4, 19, 0;
    %flag_set/imm 4, 0;
    %store/vec4a v0x6025432faaf0, 4, 0;
    %end;
    .thread T_1;
    .scope S_0x6025432fa580;
T_2 ;
    %wait E_0x6025432fa7a0;
    %ix/getv 4, v0x6025432fafc0_0;
    %load/vec4a v0x6025432faaf0, 4;
    %store/vec4 v0x6025432faa10_0, 0, 32;
    %jmp T_2;
    .thread T_2, $push;
    .scope S_0x6025432db270;
T_3 ;
    %pushi/vec4 0, 0, 32;
    %store/vec4 v0x6025432f5ab0_0, 0, 32;
T_3.0 ;
    %load/vec4 v0x6025432f5ab0_0;
    %cmpi/s 256, 0, 32;
    %jmp/0xz T_3.1, 5;
    %pushi/vec4 0, 0, 32;
    %ix/getv/s 4, v0x6025432f5ab0_0;
    %store/vec4a v0x6025432f5b90, 4, 0;
    %load/vec4 v0x6025432f5ab0_0;
    %addi 1, 0, 32;
    %store/vec4 v0x6025432f5ab0_0, 0, 32;
    %jmp T_3.0;
T_3.1 ;
    %end;
    .thread T_3;
    .scope S_0x6025432db270;
T_4 ;
    %wait E_0x6025432b9ff0;
    %load/vec4 v0x6025432f5e10_0;
    %flag_set/vec4 8;
    %jmp/0xz  T_4.0, 8;
    %load/vec4 v0x6025432f5d30_0;
    %load/vec4 v0x6025432f5910_0;
    %parti/s 8, 0, 2;
    %ix/load 4, 2, 0;
    %flag_set/imm 4, 0;
    %shiftr 4;
    %pad/u 10;
    %ix/vec4 3;
    %ix/load 4, 0, 0; Constant delay
    %assign/vec4/a/d v0x6025432f5b90, 0, 4;
T_4.0 ;
    %jmp T_4;
    .thread T_4;
    .scope S_0x6025432fb100;
T_5 ;
    %pushi/vec4 0, 0, 32;
    %store/vec4 v0x6025432fba90_0, 0, 32;
T_5.0 ;
    %load/vec4 v0x6025432fba90_0;
    %cmpi/s 32, 0, 32;
    %jmp/0xz T_5.1, 5;
    %pushi/vec4 0, 0, 32;
    %ix/getv/s 4, v0x6025432fba90_0;
    %store/vec4a v0x6025432fbef0, 4, 0;
    %load/vec4 v0x6025432fba90_0;
    %addi 1, 0, 32;
    %store/vec4 v0x6025432fba90_0, 0, 32;
    %jmp T_5.0;
T_5.1 ;
    %end;
    .thread T_5;
    .scope S_0x6025432fb100;
T_6 ;
    %wait E_0x6025432b9ff0;
    %load/vec4 v0x6025432fc090_0;
    %flag_set/vec4 9;
    %flag_get/vec4 9;
    %jmp/0 T_6.2, 9;
    %load/vec4 v0x6025432fc150_0;
    %pushi/vec4 0, 0, 5;
    %cmp/ne;
    %flag_get/vec4 4;
    %and;
T_6.2;
    %flag_set/vec4 8;
    %jmp/0xz  T_6.0, 8;
    %load/vec4 v0x6025432fbfb0_0;
    %load/vec4 v0x6025432fc150_0;
    %pad/u 7;
    %ix/vec4 3;
    %ix/load 4, 0, 0; Constant delay
    %assign/vec4/a/d v0x6025432fbef0, 0, 4;
T_6.0 ;
    %pushi/vec4 0, 0, 32;
    %ix/load 3, 0, 0;
    %flag_set/imm 4, 0;
    %ix/load 4, 0, 0; Constant delay
    %assign/vec4/a/d v0x6025432fbef0, 0, 4;
    %jmp T_6;
    .thread T_6;
    .scope S_0x6025432f70b0;
T_7 ;
    %wait E_0x602543275f90;
    %load/vec4 v0x6025432f7850_0;
    %dup/vec4;
    %pushi/vec4 0, 0, 3;
    %cmp/u;
    %jmp/1 T_7.0, 6;
    %dup/vec4;
    %pushi/vec4 1, 0, 3;
    %cmp/u;
    %jmp/1 T_7.1, 6;
    %dup/vec4;
    %pushi/vec4 2, 0, 3;
    %cmp/u;
    %jmp/1 T_7.2, 6;
    %dup/vec4;
    %pushi/vec4 3, 0, 3;
    %cmp/u;
    %jmp/1 T_7.3, 6;
    %dup/vec4;
    %pushi/vec4 4, 0, 3;
    %cmp/u;
    %jmp/1 T_7.4, 6;
    %dup/vec4;
    %pushi/vec4 5, 0, 3;
    %cmp/u;
    %jmp/1 T_7.5, 6;
    %dup/vec4;
    %pushi/vec4 6, 0, 3;
    %cmp/u;
    %jmp/1 T_7.6, 6;
    %dup/vec4;
    %pushi/vec4 7, 0, 3;
    %cmp/u;
    %jmp/1 T_7.7, 6;
    %pushi/vec4 0, 0, 32;
    %store/vec4 v0x6025432f7770_0, 0, 32;
    %jmp T_7.9;
T_7.0 ;
    %load/vec4 v0x6025432f7670_0;
    %load/vec4 v0x6025432f7940_0;
    %add;
    %store/vec4 v0x6025432f7770_0, 0, 32;
    %jmp T_7.9;
T_7.1 ;
    %load/vec4 v0x6025432f7670_0;
    %load/vec4 v0x6025432f7940_0;
    %mul;
    %store/vec4 v0x6025432f7770_0, 0, 32;
    %jmp T_7.9;
T_7.2 ;
    %load/vec4 v0x6025432f7670_0;
    %load/vec4 v0x6025432f7940_0;
    %and;
    %store/vec4 v0x6025432f7770_0, 0, 32;
    %jmp T_7.9;
T_7.3 ;
    %load/vec4 v0x6025432f7670_0;
    %load/vec4 v0x6025432f7940_0;
    %or;
    %store/vec4 v0x6025432f7770_0, 0, 32;
    %jmp T_7.9;
T_7.4 ;
    %load/vec4 v0x6025432f7670_0;
    %load/vec4 v0x6025432f7940_0;
    %xor;
    %store/vec4 v0x6025432f7770_0, 0, 32;
    %jmp T_7.9;
T_7.5 ;
    %load/vec4 v0x6025432f7670_0;
    %load/vec4 v0x6025432f7940_0;
    %or;
    %inv;
    %store/vec4 v0x6025432f7770_0, 0, 32;
    %jmp T_7.9;
T_7.6 ;
    %load/vec4 v0x6025432f7670_0;
    %load/vec4 v0x6025432f7940_0;
    %parti/s 5, 0, 2;
    %ix/vec4 4;
    %shiftl 4;
    %store/vec4 v0x6025432f7770_0, 0, 32;
    %jmp T_7.9;
T_7.7 ;
    %load/vec4 v0x6025432f7670_0;
    %load/vec4 v0x6025432f7940_0;
    %parti/s 5, 0, 2;
    %ix/vec4 4;
    %shiftr 4;
    %store/vec4 v0x6025432f7770_0, 0, 32;
    %jmp T_7.9;
T_7.9 ;
    %pop/vec4 1;
    %jmp T_7;
    .thread T_7, $push;
    .scope S_0x6025432f7d20;
T_8 ;
    %wait E_0x6025432dbe40;
    %load/vec4 v0x6025432f8740_0;
    %dup/vec4;
    %pushi/vec4 0, 0, 3;
    %cmp/u;
    %jmp/1 T_8.0, 6;
    %dup/vec4;
    %pushi/vec4 1, 0, 3;
    %cmp/u;
    %jmp/1 T_8.1, 6;
    %dup/vec4;
    %pushi/vec4 2, 0, 3;
    %cmp/u;
    %jmp/1 T_8.2, 6;
    %dup/vec4;
    %pushi/vec4 3, 0, 3;
    %cmp/u;
    %jmp/1 T_8.3, 6;
    %dup/vec4;
    %pushi/vec4 4, 0, 3;
    %cmp/u;
    %jmp/1 T_8.4, 6;
    %dup/vec4;
    %pushi/vec4 5, 0, 3;
    %cmp/u;
    %jmp/1 T_8.5, 6;
    %dup/vec4;
    %pushi/vec4 6, 0, 3;
    %cmp/u;
    %jmp/1 T_8.6, 6;
    %dup/vec4;
    %pushi/vec4 7, 0, 3;
    %cmp/u;
    %jmp/1 T_8.7, 6;
    %pushi/vec4 0, 0, 32;
    %store/vec4 v0x6025432f8660_0, 0, 32;
    %jmp T_8.9;
T_8.0 ;
    %load/vec4 v0x6025432f8560_0;
    %load/vec4 v0x6025432f8830_0;
    %add;
    %store/vec4 v0x6025432f8660_0, 0, 32;
    %jmp T_8.9;
T_8.1 ;
    %load/vec4 v0x6025432f8560_0;
    %load/vec4 v0x6025432f8830_0;
    %mul;
    %store/vec4 v0x6025432f8660_0, 0, 32;
    %jmp T_8.9;
T_8.2 ;
    %load/vec4 v0x6025432f8560_0;
    %load/vec4 v0x6025432f8830_0;
    %and;
    %store/vec4 v0x6025432f8660_0, 0, 32;
    %jmp T_8.9;
T_8.3 ;
    %load/vec4 v0x6025432f8560_0;
    %load/vec4 v0x6025432f8830_0;
    %or;
    %store/vec4 v0x6025432f8660_0, 0, 32;
    %jmp T_8.9;
T_8.4 ;
    %load/vec4 v0x6025432f8560_0;
    %load/vec4 v0x6025432f8830_0;
    %xor;
    %store/vec4 v0x6025432f8660_0, 0, 32;
    %jmp T_8.9;
T_8.5 ;
    %load/vec4 v0x6025432f8560_0;
    %load/vec4 v0x6025432f8830_0;
    %or;
    %inv;
    %store/vec4 v0x6025432f8660_0, 0, 32;
    %jmp T_8.9;
T_8.6 ;
    %load/vec4 v0x6025432f8560_0;
    %load/vec4 v0x6025432f8830_0;
    %parti/s 5, 0, 2;
    %ix/vec4 4;
    %shiftl 4;
    %store/vec4 v0x6025432f8660_0, 0, 32;
    %jmp T_8.9;
T_8.7 ;
    %load/vec4 v0x6025432f8560_0;
    %load/vec4 v0x6025432f8830_0;
    %parti/s 5, 0, 2;
    %ix/vec4 4;
    %shiftr 4;
    %store/vec4 v0x6025432f8660_0, 0, 32;
    %jmp T_8.9;
T_8.9 ;
    %pop/vec4 1;
    %jmp T_8;
    .thread T_8, $push;
    .scope S_0x6025432f6170;
T_9 ;
    %wait E_0x6025432ba730;
    %load/vec4 v0x6025432f6910_0;
    %dup/vec4;
    %pushi/vec4 0, 0, 3;
    %cmp/u;
    %jmp/1 T_9.0, 6;
    %dup/vec4;
    %pushi/vec4 1, 0, 3;
    %cmp/u;
    %jmp/1 T_9.1, 6;
    %dup/vec4;
    %pushi/vec4 2, 0, 3;
    %cmp/u;
    %jmp/1 T_9.2, 6;
    %dup/vec4;
    %pushi/vec4 3, 0, 3;
    %cmp/u;
    %jmp/1 T_9.3, 6;
    %dup/vec4;
    %pushi/vec4 4, 0, 3;
    %cmp/u;
    %jmp/1 T_9.4, 6;
    %dup/vec4;
    %pushi/vec4 5, 0, 3;
    %cmp/u;
    %jmp/1 T_9.5, 6;
    %dup/vec4;
    %pushi/vec4 6, 0, 3;
    %cmp/u;
    %jmp/1 T_9.6, 6;
    %dup/vec4;
    %pushi/vec4 7, 0, 3;
    %cmp/u;
    %jmp/1 T_9.7, 6;
    %pushi/vec4 0, 0, 32;
    %store/vec4 v0x6025432f6830_0, 0, 32;
    %jmp T_9.9;
T_9.0 ;
    %load/vec4 v0x6025432f6730_0;
    %load/vec4 v0x6025432f69d0_0;
    %add;
    %store/vec4 v0x6025432f6830_0, 0, 32;
    %jmp T_9.9;
T_9.1 ;
    %load/vec4 v0x6025432f6730_0;
    %load/vec4 v0x6025432f69d0_0;
    %mul;
    %store/vec4 v0x6025432f6830_0, 0, 32;
    %jmp T_9.9;
T_9.2 ;
    %load/vec4 v0x6025432f6730_0;
    %load/vec4 v0x6025432f69d0_0;
    %and;
    %store/vec4 v0x6025432f6830_0, 0, 32;
    %jmp T_9.9;
T_9.3 ;
    %load/vec4 v0x6025432f6730_0;
    %load/vec4 v0x6025432f69d0_0;
    %or;
    %store/vec4 v0x6025432f6830_0, 0, 32;
    %jmp T_9.9;
T_9.4 ;
    %load/vec4 v0x6025432f6730_0;
    %load/vec4 v0x6025432f69d0_0;
    %xor;
    %store/vec4 v0x6025432f6830_0, 0, 32;
    %jmp T_9.9;
T_9.5 ;
    %load/vec4 v0x6025432f6730_0;
    %load/vec4 v0x6025432f69d0_0;
    %or;
    %inv;
    %store/vec4 v0x6025432f6830_0, 0, 32;
    %jmp T_9.9;
T_9.6 ;
    %load/vec4 v0x6025432f6730_0;
    %load/vec4 v0x6025432f69d0_0;
    %parti/s 5, 0, 2;
    %ix/vec4 4;
    %shiftl 4;
    %store/vec4 v0x6025432f6830_0, 0, 32;
    %jmp T_9.9;
T_9.7 ;
    %load/vec4 v0x6025432f6730_0;
    %load/vec4 v0x6025432f69d0_0;
    %parti/s 5, 0, 2;
    %ix/vec4 4;
    %shiftr 4;
    %store/vec4 v0x6025432f6830_0, 0, 32;
    %jmp T_9.9;
T_9.9 ;
    %pop/vec4 1;
    %jmp T_9;
    .thread T_9, $push;
    .scope S_0x6025432f93e0;
T_10 ;
    %wait E_0x6025432dbe00;
    %load/vec4 v0x6025432f9e30_0;
    %dup/vec4;
    %pushi/vec4 0, 0, 3;
    %cmp/u;
    %jmp/1 T_10.0, 6;
    %dup/vec4;
    %pushi/vec4 1, 0, 3;
    %cmp/u;
    %jmp/1 T_10.1, 6;
    %dup/vec4;
    %pushi/vec4 2, 0, 3;
    %cmp/u;
    %jmp/1 T_10.2, 6;
    %dup/vec4;
    %pushi/vec4 3, 0, 3;
    %cmp/u;
    %jmp/1 T_10.3, 6;
    %dup/vec4;
    %pushi/vec4 4, 0, 3;
    %cmp/u;
    %jmp/1 T_10.4, 6;
    %dup/vec4;
    %pushi/vec4 5, 0, 3;
    %cmp/u;
    %jmp/1 T_10.5, 6;
    %dup/vec4;
    %pushi/vec4 6, 0, 3;
    %cmp/u;
    %jmp/1 T_10.6, 6;
    %dup/vec4;
    %pushi/vec4 7, 0, 3;
    %cmp/u;
    %jmp/1 T_10.7, 6;
    %pushi/vec4 0, 0, 32;
    %store/vec4 v0x6025432f9d50_0, 0, 32;
    %jmp T_10.9;
T_10.0 ;
    %load/vec4 v0x6025432f9c50_0;
    %load/vec4 v0x6025432f9f20_0;
    %add;
    %store/vec4 v0x6025432f9d50_0, 0, 32;
    %jmp T_10.9;
T_10.1 ;
    %load/vec4 v0x6025432f9c50_0;
    %load/vec4 v0x6025432f9f20_0;
    %mul;
    %store/vec4 v0x6025432f9d50_0, 0, 32;
    %jmp T_10.9;
T_10.2 ;
    %load/vec4 v0x6025432f9c50_0;
    %load/vec4 v0x6025432f9f20_0;
    %and;
    %store/vec4 v0x6025432f9d50_0, 0, 32;
    %jmp T_10.9;
T_10.3 ;
    %load/vec4 v0x6025432f9c50_0;
    %load/vec4 v0x6025432f9f20_0;
    %or;
    %store/vec4 v0x6025432f9d50_0, 0, 32;
    %jmp T_10.9;
T_10.4 ;
    %load/vec4 v0x6025432f9c50_0;
    %load/vec4 v0x6025432f9f20_0;
    %xor;
    %store/vec4 v0x6025432f9d50_0, 0, 32;
    %jmp T_10.9;
T_10.5 ;
    %load/vec4 v0x6025432f9c50_0;
    %load/vec4 v0x6025432f9f20_0;
    %or;
    %inv;
    %store/vec4 v0x6025432f9d50_0, 0, 32;
    %jmp T_10.9;
T_10.6 ;
    %load/vec4 v0x6025432f9c50_0;
    %load/vec4 v0x6025432f9f20_0;
    %parti/s 5, 0, 2;
    %ix/vec4 4;
    %shiftl 4;
    %store/vec4 v0x6025432f9d50_0, 0, 32;
    %jmp T_10.9;
T_10.7 ;
    %load/vec4 v0x6025432f9c50_0;
    %load/vec4 v0x6025432f9f20_0;
    %parti/s 5, 0, 2;
    %ix/vec4 4;
    %shiftr 4;
    %store/vec4 v0x6025432f9d50_0, 0, 32;
    %jmp T_10.9;
T_10.9 ;
    %pop/vec4 1;
    %jmp T_10;
    .thread T_10, $push;
    .scope S_0x6025432c6ba0;
T_11 ;
    %load/vec4 v0x6025432fd180_0;
    %store/vec4 v0x6025432fd520_0, 0, 32;
    %end;
    .thread T_11;
    .scope S_0x6025432c6ba0;
T_12 ;
    %wait E_0x6025432b9ff0;
    %load/vec4 v0x6025432fd520_0;
    %addi 1, 0, 32;
    %assign/vec4 v0x6025432fd520_0, 0;
    %jmp T_12;
    .thread T_12;
    .scope S_0x6025432c6ba0;
T_13 ;
    %wait E_0x6025432b9b70;
    %pushi/vec4 0, 0, 1;
    %store/vec4 v0x6025432fe010_0, 0, 1;
    %pushi/vec4 0, 0, 1;
    %store/vec4 v0x6025432fe0e0_0, 0, 1;
    %load/vec4 v0x6025432fd260_0;
    %parti/s 6, 26, 6;
    %store/vec4 v0x6025432fd460_0, 0, 6;
    %load/vec4 v0x6025432fd460_0;
    %dup/vec4;
    %pushi/vec4 0, 0, 6;
    %cmp/u;
    %jmp/1 T_13.0, 6;
    %dup/vec4;
    %pushi/vec4 8, 0, 6;
    %cmp/u;
    %jmp/1 T_13.1, 6;
    %dup/vec4;
    %pushi/vec4 43, 0, 6;
    %cmp/u;
    %jmp/1 T_13.2, 6;
    %dup/vec4;
    %pushi/vec4 35, 0, 6;
    %cmp/u;
    %jmp/1 T_13.3, 6;
    %dup/vec4;
    %pushi/vec4 36, 0, 6;
    %cmp/u;
    %jmp/1 T_13.4, 6;
    %dup/vec4;
    %pushi/vec4 13, 0, 6;
    %cmp/u;
    %jmp/1 T_13.5, 6;
    %dup/vec4;
    %pushi/vec4 2, 0, 6;
    %cmp/u;
    %jmp/1 T_13.6, 6;
    %dup/vec4;
    %pushi/vec4 4, 0, 6;
    %cmp/u;
    %jmp/1 T_13.7, 6;
    %dup/vec4;
    %pushi/vec4 5, 0, 6;
    %cmp/u;
    %jmp/1 T_13.8, 6;
    %dup/vec4;
    %pushi/vec4 3, 0, 6;
    %cmp/u;
    %jmp/1 T_13.9, 6;
    %dup/vec4;
    %pushi/vec4 63, 0, 6;
    %cmp/u;
    %jmp/1 T_13.10, 6;
    %jmp T_13.12;
T_13.0 ;
    %load/vec4 v0x6025432fd260_0;
    %parti/s 5, 21, 6;
    %store/vec4 v0x6025432fdad0_0, 0, 5;
    %load/vec4 v0x6025432fd260_0;
    %parti/s 5, 16, 6;
    %store/vec4 v0x6025432fdb90_0, 0, 5;
    %load/vec4 v0x6025432fd260_0;
    %parti/s 5, 11, 5;
    %store/vec4 v0x6025432fd5e0_0, 0, 5;
    %load/vec4 v0x6025432fd260_0;
    %parti/s 6, 0, 2;
    %store/vec4 v0x6025432fcfe0_0, 0, 6;
    %load/vec4 v0x6025432fdad0_0;
    %store/vec4 v0x6025432fd790_0, 0, 5;
    %load/vec4 v0x6025432fdb90_0;
    %store/vec4 v0x6025432fd860_0, 0, 5;
    %load/vec4 v0x6025432fd930_0;
    %store/vec4 v0x6025432fcd20_0, 0, 32;
    %load/vec4 v0x6025432fda00_0;
    %store/vec4 v0x6025432fcde0_0, 0, 32;
    %load/vec4 v0x6025432fd5e0_0;
    %store/vec4 v0x6025432fe1b0_0, 0, 5;
    %pushi/vec4 1, 0, 1;
    %store/vec4 v0x6025432fe0e0_0, 0, 1;
    %load/vec4 v0x6025432fcfe0_0;
    %dup/vec4;
    %pushi/vec4 32, 0, 6;
    %cmp/u;
    %jmp/1 T_13.13, 6;
    %dup/vec4;
    %pushi/vec4 36, 0, 6;
    %cmp/u;
    %jmp/1 T_13.14, 6;
    %dup/vec4;
    %pushi/vec4 24, 0, 6;
    %cmp/u;
    %jmp/1 T_13.15, 6;
    %dup/vec4;
    %pushi/vec4 37, 0, 6;
    %cmp/u;
    %jmp/1 T_13.16, 6;
    %dup/vec4;
    %pushi/vec4 39, 0, 6;
    %cmp/u;
    %jmp/1 T_13.17, 6;
    %dup/vec4;
    %pushi/vec4 0, 0, 6;
    %cmp/u;
    %jmp/1 T_13.18, 6;
    %dup/vec4;
    %pushi/vec4 2, 0, 6;
    %cmp/u;
    %jmp/1 T_13.19, 6;
    %dup/vec4;
    %pushi/vec4 8, 0, 6;
    %cmp/u;
    %jmp/1 T_13.20, 6;
    %dup/vec4;
    %pushi/vec4 42, 0, 6;
    %cmp/u;
    %jmp/1 T_13.21, 6;
    %jmp T_13.22;
T_13.13 ;
    %pushi/vec4 0, 0, 3;
    %store/vec4 v0x6025432fc5e0_0, 0, 3;
    %jmp T_13.22;
T_13.14 ;
    %pushi/vec4 2, 0, 3;
    %store/vec4 v0x6025432fc5e0_0, 0, 3;
    %jmp T_13.22;
T_13.15 ;
    %pushi/vec4 1, 0, 3;
    %store/vec4 v0x6025432fc5e0_0, 0, 3;
    %jmp T_13.22;
T_13.16 ;
    %pushi/vec4 3, 0, 3;
    %store/vec4 v0x6025432fc5e0_0, 0, 3;
    %jmp T_13.22;
T_13.17 ;
    %pushi/vec4 5, 0, 3;
    %store/vec4 v0x6025432fc5e0_0, 0, 3;
    %jmp T_13.22;
T_13.18 ;
    %pushi/vec4 6, 0, 3;
    %store/vec4 v0x6025432fc5e0_0, 0, 3;
    %jmp T_13.22;
T_13.19 ;
    %pushi/vec4 7, 0, 3;
    %store/vec4 v0x6025432fc5e0_0, 0, 3;
    %jmp T_13.22;
T_13.20 ;
    %load/vec4 v0x6025432fd930_0;
    %subi 1, 0, 32;
    %store/vec4 v0x6025432fd520_0, 0, 32;
    %jmp T_13.22;
T_13.21 ;
    %load/vec4 v0x6025432fcd20_0;
    %load/vec4 v0x6025432fcde0_0;
    %cmp/u;
    %jmp/0xz  T_13.23, 5;
    %pushi/vec4 1, 0, 32;
    %store/vec4 v0x6025432fdc70_0, 0, 32;
    %jmp T_13.24;
T_13.23 ;
    %pushi/vec4 0, 0, 32;
    %store/vec4 v0x6025432fdc70_0, 0, 32;
T_13.24 ;
    %jmp T_13.22;
T_13.22 ;
    %pop/vec4 1;
    %load/vec4 v0x6025432fc6a0_0;
    %store/vec4 v0x6025432fdc70_0, 0, 32;
    %jmp T_13.12;
T_13.1 ;
    %load/vec4 v0x6025432fd260_0;
    %parti/s 5, 21, 6;
    %store/vec4 v0x6025432fdad0_0, 0, 5;
    %load/vec4 v0x6025432fd260_0;
    %parti/s 5, 16, 6;
    %store/vec4 v0x6025432fdb90_0, 0, 5;
    %load/vec4 v0x6025432fdad0_0;
    %store/vec4 v0x6025432fd790_0, 0, 5;
    %load/vec4 v0x6025432fdb90_0;
    %store/vec4 v0x6025432fe1b0_0, 0, 5;
    %load/vec4 v0x6025432fd930_0;
    %store/vec4 v0x6025432fc330_0, 0, 32;
    %pushi/vec4 1, 0, 1;
    %store/vec4 v0x6025432fe0e0_0, 0, 1;
    %load/vec4 v0x6025432fc4f0_0;
    %store/vec4 v0x6025432fdc70_0, 0, 32;
    %jmp T_13.12;
T_13.2 ;
    %load/vec4 v0x6025432fd260_0;
    %parti/s 5, 21, 6;
    %store/vec4 v0x6025432fdad0_0, 0, 5;
    %load/vec4 v0x6025432fd260_0;
    %parti/s 5, 16, 6;
    %store/vec4 v0x6025432fdb90_0, 0, 5;
    %load/vec4 v0x6025432fce80_0;
    %store/vec4 v0x6025432fd790_0, 0, 5;
    %load/vec4 v0x6025432fdb90_0;
    %store/vec4 v0x6025432fd860_0, 0, 5;
    %load/vec4 v0x6025432fd930_0;
    %store/vec4 v0x6025432fc330_0, 0, 32;
    %load/vec4 v0x6025432fc4f0_0;
    %store/vec4 v0x6025432fd320_0, 0, 32;
    %pushi/vec4 1, 0, 1;
    %store/vec4 v0x6025432fe010_0, 0, 1;
    %load/vec4 v0x6025432fda00_0;
    %store/vec4 v0x6025432fd3c0_0, 0, 32;
    %jmp T_13.12;
T_13.3 ;
    %load/vec4 v0x6025432fd260_0;
    %parti/s 5, 21, 6;
    %store/vec4 v0x6025432fce80_0, 0, 5;
    %load/vec4 v0x6025432fd260_0;
    %parti/s 5, 16, 6;
    %store/vec4 v0x6025432fdb90_0, 0, 5;
    %load/vec4 v0x6025432fce80_0;
    %store/vec4 v0x6025432fd790_0, 0, 5;
    %load/vec4 v0x6025432fd930_0;
    %store/vec4 v0x6025432fc330_0, 0, 32;
    %load/vec4 v0x6025432fc4f0_0;
    %store/vec4 v0x6025432fd320_0, 0, 32;
    %load/vec4 v0x6025432fdb90_0;
    %store/vec4 v0x6025432fe1b0_0, 0, 5;
    %pushi/vec4 1, 0, 1;
    %store/vec4 v0x6025432fe0e0_0, 0, 1;
    %load/vec4 v0x6025432fd6a0_0;
    %store/vec4 v0x6025432fdc70_0, 0, 32;
    %jmp T_13.12;
T_13.4 ;
    %load/vec4 v0x6025432fd260_0;
    %parti/s 5, 21, 6;
    %store/vec4 v0x6025432fdad0_0, 0, 5;
    %load/vec4 v0x6025432fd260_0;
    %parti/s 5, 16, 6;
    %store/vec4 v0x6025432fdb90_0, 0, 5;
    %load/vec4 v0x6025432fdad0_0;
    %store/vec4 v0x6025432fd790_0, 0, 5;
    %load/vec4 v0x6025432fd930_0;
    %store/vec4 v0x6025432fc790_0, 0, 32;
    %load/vec4 v0x6025432fdb90_0;
    %store/vec4 v0x6025432fe1b0_0, 0, 5;
    %pushi/vec4 1, 0, 1;
    %store/vec4 v0x6025432fe0e0_0, 0, 1;
    %load/vec4 v0x6025432fc960_0;
    %store/vec4 v0x6025432fdc70_0, 0, 32;
    %jmp T_13.12;
T_13.5 ;
    %load/vec4 v0x6025432fd260_0;
    %parti/s 5, 21, 6;
    %store/vec4 v0x6025432fdad0_0, 0, 5;
    %load/vec4 v0x6025432fd260_0;
    %parti/s 5, 16, 6;
    %store/vec4 v0x6025432fdb90_0, 0, 5;
    %load/vec4 v0x6025432fdad0_0;
    %store/vec4 v0x6025432fd790_0, 0, 5;
    %load/vec4 v0x6025432fdb90_0;
    %store/vec4 v0x6025432fe1b0_0, 0, 5;
    %load/vec4 v0x6025432fd930_0;
    %store/vec4 v0x6025432fca70_0, 0, 32;
    %pushi/vec4 1, 0, 1;
    %store/vec4 v0x6025432fe0e0_0, 0, 1;
    %load/vec4 v0x6025432fcc10_0;
    %store/vec4 v0x6025432fdc70_0, 0, 32;
    %jmp T_13.12;
T_13.6 ;
    %load/vec4 v0x6025432fd520_0;
    %parti/s 6, 26, 6;
    %load/vec4 v0x6025432fd260_0;
    %parti/s 26, 0, 2;
    %concat/vec4; draw_concat_vec4
    %subi 1, 0, 32;
    %store/vec4 v0x6025432fd520_0, 0, 32;
    %jmp T_13.12;
T_13.7 ;
    %load/vec4 v0x6025432fd260_0;
    %parti/s 5, 21, 6;
    %store/vec4 v0x6025432fdad0_0, 0, 5;
    %load/vec4 v0x6025432fd260_0;
    %parti/s 5, 16, 6;
    %store/vec4 v0x6025432fdb90_0, 0, 5;
    %load/vec4 v0x6025432fdad0_0;
    %store/vec4 v0x6025432fd790_0, 0, 5;
    %load/vec4 v0x6025432fdb90_0;
    %store/vec4 v0x6025432fd860_0, 0, 5;
    %load/vec4 v0x6025432fd930_0;
    %load/vec4 v0x6025432fda00_0;
    %cmp/e;
    %jmp/0xz  T_13.25, 4;
    %load/vec4 v0x6025432fd520_0;
    %load/vec4 v0x6025432fd260_0;
    %parti/s 1, 15, 5;
    %replicate 14;
    %load/vec4 v0x6025432fd260_0;
    %parti/s 16, 0, 2;
    %concat/vec4; draw_concat_vec4
    %pad/u 32;
    %add;
    %subi 1, 0, 32;
    %store/vec4 v0x6025432fd520_0, 0, 32;
T_13.25 ;
    %jmp T_13.12;
T_13.8 ;
    %load/vec4 v0x6025432fd260_0;
    %parti/s 5, 21, 6;
    %store/vec4 v0x6025432fdad0_0, 0, 5;
    %load/vec4 v0x6025432fd260_0;
    %parti/s 5, 16, 6;
    %store/vec4 v0x6025432fdb90_0, 0, 5;
    %load/vec4 v0x6025432fdad0_0;
    %store/vec4 v0x6025432fd790_0, 0, 5;
    %load/vec4 v0x6025432fdb90_0;
    %store/vec4 v0x6025432fd860_0, 0, 5;
    %load/vec4 v0x6025432fd930_0;
    %load/vec4 v0x6025432fda00_0;
    %cmp/ne;
    %jmp/0xz  T_13.27, 4;
    %load/vec4 v0x6025432fd520_0;
    %load/vec4 v0x6025432fd260_0;
    %parti/s 1, 15, 5;
    %replicate 14;
    %load/vec4 v0x6025432fd260_0;
    %parti/s 16, 0, 2;
    %concat/vec4; draw_concat_vec4
    %pad/u 32;
    %add;
    %subi 1, 0, 32;
    %store/vec4 v0x6025432fd520_0, 0, 32;
T_13.27 ;
    %jmp T_13.12;
T_13.9 ;
    %pushi/vec4 31, 0, 5;
    %store/vec4 v0x6025432fe1b0_0, 0, 5;
    %pushi/vec4 1, 0, 1;
    %store/vec4 v0x6025432fe0e0_0, 0, 1;
    %load/vec4 v0x6025432fd520_0;
    %addi 1, 0, 32;
    %store/vec4 v0x6025432fdc70_0, 0, 32;
    %delay 1000, 0;
    %pushi/vec4 0, 0, 1;
    %store/vec4 v0x6025432fe0e0_0, 0, 1;
    %load/vec4 v0x6025432fd520_0;
    %parti/s 6, 26, 6;
    %load/vec4 v0x6025432fd260_0;
    %parti/s 26, 0, 2;
    %concat/vec4; draw_concat_vec4
    %subi 1, 0, 32;
    %store/vec4 v0x6025432fd520_0, 0, 32;
    %jmp T_13.12;
T_13.10 ;
    %vpi_call 2 196 "$finish" {0 0 0};
    %jmp T_13.12;
T_13.12 ;
    %pop/vec4 1;
    %jmp T_13;
    .thread T_13, $push;
    .scope S_0x6025432c5e10;
T_14 ;
    %vpi_call 2 430 "$dumpfile", "hw2.vcd" {0 0 0};
    %vpi_call 2 431 "$dumpvars", 32'sb00000000000000000000000000000000, S_0x6025432c5e10 {0 0 0};
    %delay 200000, 0;
    %end;
    .thread T_14;
# The file index is used to find the file name in the following table.
:file_names 3;
    "N/A";
    "<interactive>";
    "masterFile.v";
