#! /usr/bin/vvp
:ivl_version "11.0 (stable)";
:ivl_delay_selection "TYPICAL";
:vpi_time_precision + 0;
:vpi_module "/usr/lib/x86_64-linux-gnu/ivl/system.vpi";
:vpi_module "/usr/lib/x86_64-linux-gnu/ivl/vhdl_sys.vpi";
:vpi_module "/usr/lib/x86_64-linux-gnu/ivl/vhdl_textio.vpi";
:vpi_module "/usr/lib/x86_64-linux-gnu/ivl/v2005_math.vpi";
:vpi_module "/usr/lib/x86_64-linux-gnu/ivl/va_math.vpi";
S_0x5f23d523dba0 .scope module, "SevenSegment" "SevenSegment" 2 1;
 .timescale 0 0;
    .port_info 0 /INPUT 4 "a";
    .port_info 1 /INPUT 4 "b";
    .port_info 2 /OUTPUT 7 "d";
    .port_info 3 /OUTPUT 1 "overflow";
o0x79cbd67cfb58 .functor BUFZ 4, C4<zzzz>; HiZ drive
v0x5f23d526b6f0_0 .net "a", 3 0, o0x79cbd67cfb58;  0 drivers
o0x79cbd67cfb88 .functor BUFZ 4, C4<zzzz>; HiZ drive
v0x5f23d526b7e0_0 .net "b", 3 0, o0x79cbd67cfb88;  0 drivers
v0x5f23d526b8b0_0 .var "d", 6 0;
o0x79cbd67cfcd8 .functor BUFZ 1, C4<z>; HiZ drive
v0x5f23d526b980_0 .net "overflow", 0 0, o0x79cbd67cfcd8;  0 drivers
v0x5f23d526ba40_0 .net "s", 4 0, L_0x5f23d526dfa0;  1 drivers
E_0x5f23d5247f90 .event edge, v0x5f23d526b590_0;
S_0x5f23d523c170 .scope module, "add" "FourBitAdder" 2 5, 3 1 0, S_0x5f23d523dba0;
 .timescale 0 0;
    .port_info 0 /INPUT 4 "a";
    .port_info 1 /INPUT 4 "b";
    .port_info 2 /OUTPUT 5 "s";
v0x5f23d526b2f0_0 .net "a", 3 0, o0x79cbd67cfb58;  alias, 0 drivers
v0x5f23d526b3f0_0 .net "b", 3 0, o0x79cbd67cfb88;  alias, 0 drivers
v0x5f23d526b4d0_0 .net "c", 2 0, L_0x5f23d526d490;  1 drivers
v0x5f23d526b590_0 .net "s", 4 0, L_0x5f23d526dfa0;  alias, 1 drivers
L_0x5f23d526bf60 .part o0x79cbd67cfb58, 0, 1;
L_0x5f23d526c000 .part o0x79cbd67cfb88, 0, 1;
L_0x5f23d526c650 .part o0x79cbd67cfb58, 1, 1;
L_0x5f23d526c780 .part o0x79cbd67cfb88, 1, 1;
L_0x5f23d526c8e0 .part L_0x5f23d526d490, 0, 1;
L_0x5f23d526cf50 .part o0x79cbd67cfb58, 2, 1;
L_0x5f23d526d150 .part o0x79cbd67cfb88, 2, 1;
L_0x5f23d526d310 .part L_0x5f23d526d490, 1, 1;
L_0x5f23d526d490 .concat8 [ 1 1 1 0], L_0x5f23d5238470, L_0x5f23d526c540, L_0x5f23d526ce40;
L_0x5f23d526dab0 .part o0x79cbd67cfb58, 3, 1;
L_0x5f23d526dc40 .part o0x79cbd67cfb88, 3, 1;
L_0x5f23d526dd70 .part L_0x5f23d526d490, 2, 1;
LS_0x5f23d526dfa0_0_0 .concat8 [ 1 1 1 1], L_0x5f23d523bb40, L_0x5f23d526c110, L_0x5f23d526ca80, L_0x5f23d526d5a0;
LS_0x5f23d526dfa0_0_4 .concat8 [ 1 0 0 0], L_0x5f23d526d9a0;
L_0x5f23d526dfa0 .concat8 [ 4 1 0 0], LS_0x5f23d526dfa0_0_0, LS_0x5f23d526dfa0_0_4;
S_0x5f23d523a590 .scope module, "first" "FullAdder" 3 6, 4 1 0, S_0x5f23d523c170;
 .timescale 0 0;
    .port_info 0 /INPUT 1 "a";
    .port_info 1 /INPUT 1 "b";
    .port_info 2 /INPUT 1 "ci";
    .port_info 3 /OUTPUT 1 "s";
    .port_info 4 /OUTPUT 1 "co";
L_0x5f23d523a9d0 .functor XOR 1, L_0x5f23d526bf60, L_0x5f23d526c000, C4<0>, C4<0>;
L_0x79cbd6786018 .functor BUFT 1, C4<0>, C4<0>, C4<0>, C4<0>;
L_0x5f23d523bb40 .functor XOR 1, L_0x5f23d523a9d0, L_0x79cbd6786018, C4<0>, C4<0>;
L_0x5f23d523bf50 .functor AND 1, L_0x5f23d526bf60, L_0x5f23d526c000, C4<1>, C4<1>;
L_0x5f23d523c5b0 .functor AND 1, L_0x5f23d526c000, L_0x79cbd6786018, C4<1>, C4<1>;
L_0x5f23d523d570 .functor AND 1, L_0x5f23d526bf60, L_0x79cbd6786018, C4<1>, C4<1>;
L_0x5f23d523d980 .functor OR 1, L_0x5f23d523bf50, L_0x5f23d523c5b0, C4<0>, C4<0>;
L_0x5f23d5238470 .functor OR 1, L_0x5f23d523d570, L_0x5f23d523d980, C4<0>, C4<0>;
v0x5f23d523df40_0 .net "a", 0 0, L_0x5f23d526bf60;  1 drivers
v0x5f23d523c510_0 .net "b", 0 0, L_0x5f23d526c000;  1 drivers
v0x5f23d523a930_0 .net "bar", 0 0, L_0x5f23d523c5b0;  1 drivers
v0x5f23d5238d70_0 .net "baz", 0 0, L_0x5f23d523d570;  1 drivers
v0x5f23d5268f40_0 .net "ci", 0 0, L_0x79cbd6786018;  1 drivers
v0x5f23d5269050_0 .net "co", 0 0, L_0x5f23d5238470;  1 drivers
v0x5f23d5269110_0 .net "foo", 0 0, L_0x5f23d523bf50;  1 drivers
v0x5f23d52691d0_0 .net "quux", 0 0, L_0x5f23d523d980;  1 drivers
v0x5f23d5269290_0 .net "s", 0 0, L_0x5f23d523bb40;  1 drivers
v0x5f23d5269350_0 .net "temp", 0 0, L_0x5f23d523a9d0;  1 drivers
S_0x5f23d52694b0 .scope module, "fourth" "FullAdder" 3 9, 4 1 0, S_0x5f23d523c170;
 .timescale 0 0;
    .port_info 0 /INPUT 1 "a";
    .port_info 1 /INPUT 1 "b";
    .port_info 2 /INPUT 1 "ci";
    .port_info 3 /OUTPUT 1 "s";
    .port_info 4 /OUTPUT 1 "co";
L_0x5f23d526d530 .functor XOR 1, L_0x5f23d526dab0, L_0x5f23d526dc40, C4<0>, C4<0>;
L_0x5f23d526d5a0 .functor XOR 1, L_0x5f23d526d530, L_0x5f23d526dd70, C4<0>, C4<0>;
L_0x5f23d526d610 .functor AND 1, L_0x5f23d526dab0, L_0x5f23d526dc40, C4<1>, C4<1>;
L_0x5f23d526d720 .functor AND 1, L_0x5f23d526dc40, L_0x5f23d526dd70, C4<1>, C4<1>;
L_0x5f23d526d7e0 .functor AND 1, L_0x5f23d526dab0, L_0x5f23d526dd70, C4<1>, C4<1>;
L_0x5f23d526d850 .functor OR 1, L_0x5f23d526d610, L_0x5f23d526d720, C4<0>, C4<0>;
L_0x5f23d526d9a0 .functor OR 1, L_0x5f23d526d7e0, L_0x5f23d526d850, C4<0>, C4<0>;
v0x5f23d5269660_0 .net "a", 0 0, L_0x5f23d526dab0;  1 drivers
v0x5f23d5269720_0 .net "b", 0 0, L_0x5f23d526dc40;  1 drivers
v0x5f23d52697e0_0 .net "bar", 0 0, L_0x5f23d526d720;  1 drivers
v0x5f23d5269880_0 .net "baz", 0 0, L_0x5f23d526d7e0;  1 drivers
v0x5f23d5269940_0 .net "ci", 0 0, L_0x5f23d526dd70;  1 drivers
v0x5f23d5269a50_0 .net "co", 0 0, L_0x5f23d526d9a0;  1 drivers
v0x5f23d5269b10_0 .net "foo", 0 0, L_0x5f23d526d610;  1 drivers
v0x5f23d5269bd0_0 .net "quux", 0 0, L_0x5f23d526d850;  1 drivers
v0x5f23d5269c90_0 .net "s", 0 0, L_0x5f23d526d5a0;  1 drivers
v0x5f23d5269d50_0 .net "temp", 0 0, L_0x5f23d526d530;  1 drivers
S_0x5f23d5269eb0 .scope module, "second" "FullAdder" 3 7, 4 1 0, S_0x5f23d523c170;
 .timescale 0 0;
    .port_info 0 /INPUT 1 "a";
    .port_info 1 /INPUT 1 "b";
    .port_info 2 /INPUT 1 "ci";
    .port_info 3 /OUTPUT 1 "s";
    .port_info 4 /OUTPUT 1 "co";
L_0x5f23d526c0a0 .functor XOR 1, L_0x5f23d526c650, L_0x5f23d526c780, C4<0>, C4<0>;
L_0x5f23d526c110 .functor XOR 1, L_0x5f23d526c0a0, L_0x5f23d526c8e0, C4<0>, C4<0>;
L_0x5f23d526c180 .functor AND 1, L_0x5f23d526c650, L_0x5f23d526c780, C4<1>, C4<1>;
L_0x5f23d526c290 .functor AND 1, L_0x5f23d526c780, L_0x5f23d526c8e0, C4<1>, C4<1>;
L_0x5f23d526c380 .functor AND 1, L_0x5f23d526c650, L_0x5f23d526c8e0, C4<1>, C4<1>;
L_0x5f23d526c3f0 .functor OR 1, L_0x5f23d526c180, L_0x5f23d526c290, C4<0>, C4<0>;
L_0x5f23d526c540 .functor OR 1, L_0x5f23d526c380, L_0x5f23d526c3f0, C4<0>, C4<0>;
v0x5f23d526a040_0 .net "a", 0 0, L_0x5f23d526c650;  1 drivers
v0x5f23d526a100_0 .net "b", 0 0, L_0x5f23d526c780;  1 drivers
v0x5f23d526a1c0_0 .net "bar", 0 0, L_0x5f23d526c290;  1 drivers
v0x5f23d526a290_0 .net "baz", 0 0, L_0x5f23d526c380;  1 drivers
v0x5f23d526a350_0 .net "ci", 0 0, L_0x5f23d526c8e0;  1 drivers
v0x5f23d526a460_0 .net "co", 0 0, L_0x5f23d526c540;  1 drivers
v0x5f23d526a520_0 .net "foo", 0 0, L_0x5f23d526c180;  1 drivers
v0x5f23d526a5e0_0 .net "quux", 0 0, L_0x5f23d526c3f0;  1 drivers
v0x5f23d526a6a0_0 .net "s", 0 0, L_0x5f23d526c110;  1 drivers
v0x5f23d526a760_0 .net "temp", 0 0, L_0x5f23d526c0a0;  1 drivers
S_0x5f23d526a8c0 .scope module, "third" "FullAdder" 3 8, 4 1 0, S_0x5f23d523c170;
 .timescale 0 0;
    .port_info 0 /INPUT 1 "a";
    .port_info 1 /INPUT 1 "b";
    .port_info 2 /INPUT 1 "ci";
    .port_info 3 /OUTPUT 1 "s";
    .port_info 4 /OUTPUT 1 "co";
L_0x5f23d526ca10 .functor XOR 1, L_0x5f23d526cf50, L_0x5f23d526d150, C4<0>, C4<0>;
L_0x5f23d526ca80 .functor XOR 1, L_0x5f23d526ca10, L_0x5f23d526d310, C4<0>, C4<0>;
L_0x5f23d526caf0 .functor AND 1, L_0x5f23d526cf50, L_0x5f23d526d150, C4<1>, C4<1>;
L_0x5f23d526cb90 .functor AND 1, L_0x5f23d526d150, L_0x5f23d526d310, C4<1>, C4<1>;
L_0x5f23d526cc80 .functor AND 1, L_0x5f23d526cf50, L_0x5f23d526d310, C4<1>, C4<1>;
L_0x5f23d526ccf0 .functor OR 1, L_0x5f23d526caf0, L_0x5f23d526cb90, C4<0>, C4<0>;
L_0x5f23d526ce40 .functor OR 1, L_0x5f23d526cc80, L_0x5f23d526ccf0, C4<0>, C4<0>;
v0x5f23d526aa50_0 .net "a", 0 0, L_0x5f23d526cf50;  1 drivers
v0x5f23d526ab30_0 .net "b", 0 0, L_0x5f23d526d150;  1 drivers
v0x5f23d526abf0_0 .net "bar", 0 0, L_0x5f23d526cb90;  1 drivers
v0x5f23d526acc0_0 .net "baz", 0 0, L_0x5f23d526cc80;  1 drivers
v0x5f23d526ad80_0 .net "ci", 0 0, L_0x5f23d526d310;  1 drivers
v0x5f23d526ae90_0 .net "co", 0 0, L_0x5f23d526ce40;  1 drivers
v0x5f23d526af50_0 .net "foo", 0 0, L_0x5f23d526caf0;  1 drivers
v0x5f23d526b010_0 .net "quux", 0 0, L_0x5f23d526ccf0;  1 drivers
v0x5f23d526b0d0_0 .net "s", 0 0, L_0x5f23d526ca80;  1 drivers
v0x5f23d526b190_0 .net "temp", 0 0, L_0x5f23d526ca10;  1 drivers
    .scope S_0x5f23d523dba0;
T_0 ;
    %wait E_0x5f23d5247f90;
    %load/vec4 v0x5f23d526ba40_0;
    %dup/vec4;
    %pushi/vec4 0, 0, 5;
    %cmp/u;
    %jmp/1 T_0.0, 6;
    %dup/vec4;
    %pushi/vec4 1, 0, 5;
    %cmp/u;
    %jmp/1 T_0.1, 6;
    %dup/vec4;
    %pushi/vec4 2, 0, 5;
    %cmp/u;
    %jmp/1 T_0.2, 6;
    %dup/vec4;
    %pushi/vec4 3, 0, 5;
    %cmp/u;
    %jmp/1 T_0.3, 6;
    %dup/vec4;
    %pushi/vec4 4, 0, 5;
    %cmp/u;
    %jmp/1 T_0.4, 6;
    %dup/vec4;
    %pushi/vec4 5, 0, 5;
    %cmp/u;
    %jmp/1 T_0.5, 6;
    %dup/vec4;
    %pushi/vec4 6, 0, 5;
    %cmp/u;
    %jmp/1 T_0.6, 6;
    %dup/vec4;
    %pushi/vec4 7, 0, 5;
    %cmp/u;
    %jmp/1 T_0.7, 6;
    %dup/vec4;
    %pushi/vec4 8, 0, 5;
    %cmp/u;
    %jmp/1 T_0.8, 6;
    %dup/vec4;
    %pushi/vec4 9, 0, 5;
    %cmp/u;
    %jmp/1 T_0.9, 6;
    %dup/vec4;
    %pushi/vec4 10, 0, 5;
    %cmp/u;
    %jmp/1 T_0.10, 6;
    %dup/vec4;
    %pushi/vec4 11, 0, 5;
    %cmp/u;
    %jmp/1 T_0.11, 6;
    %dup/vec4;
    %pushi/vec4 12, 0, 5;
    %cmp/u;
    %jmp/1 T_0.12, 6;
    %dup/vec4;
    %pushi/vec4 13, 0, 5;
    %cmp/u;
    %jmp/1 T_0.13, 6;
    %dup/vec4;
    %pushi/vec4 14, 0, 5;
    %cmp/u;
    %jmp/1 T_0.14, 6;
    %dup/vec4;
    %pushi/vec4 15, 0, 5;
    %cmp/u;
    %jmp/1 T_0.15, 6;
    %jmp T_0.16;
T_0.0 ;
    %pushi/vec4 1, 0, 7;
    %store/vec4 v0x5f23d526b8b0_0, 0, 7;
    %jmp T_0.16;
T_0.1 ;
    %pushi/vec4 78, 0, 7;
    %store/vec4 v0x5f23d526b8b0_0, 0, 7;
    %jmp T_0.16;
T_0.2 ;
    %pushi/vec4 18, 0, 7;
    %store/vec4 v0x5f23d526b8b0_0, 0, 7;
    %jmp T_0.16;
T_0.3 ;
    %pushi/vec4 6, 0, 7;
    %store/vec4 v0x5f23d526b8b0_0, 0, 7;
    %jmp T_0.16;
T_0.4 ;
    %pushi/vec4 76, 0, 7;
    %store/vec4 v0x5f23d526b8b0_0, 0, 7;
    %jmp T_0.16;
T_0.5 ;
    %pushi/vec4 36, 0, 7;
    %store/vec4 v0x5f23d526b8b0_0, 0, 7;
    %jmp T_0.16;
T_0.6 ;
    %pushi/vec4 32, 0, 7;
    %store/vec4 v0x5f23d526b8b0_0, 0, 7;
    %jmp T_0.16;
T_0.7 ;
    %pushi/vec4 15, 0, 7;
    %store/vec4 v0x5f23d526b8b0_0, 0, 7;
    %jmp T_0.16;
T_0.8 ;
    %pushi/vec4 0, 0, 7;
    %store/vec4 v0x5f23d526b8b0_0, 0, 7;
    %jmp T_0.16;
T_0.9 ;
    %pushi/vec4 4, 0, 7;
    %store/vec4 v0x5f23d526b8b0_0, 0, 7;
    %jmp T_0.16;
T_0.10 ;
    %pushi/vec4 8, 0, 7;
    %store/vec4 v0x5f23d526b8b0_0, 0, 7;
    %jmp T_0.16;
T_0.11 ;
    %pushi/vec4 96, 0, 7;
    %store/vec4 v0x5f23d526b8b0_0, 0, 7;
    %jmp T_0.16;
T_0.12 ;
    %pushi/vec4 49, 0, 7;
    %store/vec4 v0x5f23d526b8b0_0, 0, 7;
    %jmp T_0.16;
T_0.13 ;
    %pushi/vec4 66, 0, 7;
    %store/vec4 v0x5f23d526b8b0_0, 0, 7;
    %jmp T_0.16;
T_0.14 ;
    %pushi/vec4 48, 0, 7;
    %store/vec4 v0x5f23d526b8b0_0, 0, 7;
    %jmp T_0.16;
T_0.15 ;
    %pushi/vec4 56, 0, 7;
    %store/vec4 v0x5f23d526b8b0_0, 0, 7;
    %jmp T_0.16;
T_0.16 ;
    %pop/vec4 1;
    %jmp T_0;
    .thread T_0, $push;
# The file index is used to find the file name in the following table.
:file_names 5;
    "N/A";
    "<interactive>";
    "SevenSegment.v";
    "FourBitAdder.v";
    "FullAdder.v";
