#! /usr/bin/vvp
:ivl_version "11.0 (stable)";
:ivl_delay_selection "TYPICAL";
:vpi_time_precision - 12;
:vpi_module "/usr/lib/x86_64-linux-gnu/ivl/system.vpi";
:vpi_module "/usr/lib/x86_64-linux-gnu/ivl/vhdl_sys.vpi";
:vpi_module "/usr/lib/x86_64-linux-gnu/ivl/vhdl_textio.vpi";
:vpi_module "/usr/lib/x86_64-linux-gnu/ivl/v2005_math.vpi";
:vpi_module "/usr/lib/x86_64-linux-gnu/ivl/va_math.vpi";
S_0x5a21233450b0 .scope module, "TailLight_tb" "TailLight_tb" 2 3;
 .timescale -9 -12;
v0x5a2123365a50_0 .var "clock", 0 0;
v0x5a2123365b10_0 .net "la", 0 0, v0x5a21233650c0_0;  1 drivers
v0x5a2123365be0_0 .net "lb", 0 0, v0x5a2123365160_0;  1 drivers
v0x5a2123365ce0_0 .net "lc", 0 0, v0x5a2123365220_0;  1 drivers
v0x5a2123365db0_0 .var "left", 0 0;
v0x5a2123365e50_0 .net "ra", 0 0, v0x5a21233654d0_0;  1 drivers
v0x5a2123365f20_0 .net "rb", 0 0, v0x5a2123365590_0;  1 drivers
v0x5a2123365ff0_0 .net "rc", 0 0, v0x5a2123365650_0;  1 drivers
v0x5a21233660c0_0 .var "reset", 0 0;
v0x5a2123366190_0 .var "right", 0 0;
S_0x5a2123345240 .scope module, "tail" "TailLight" 2 16, 3 1 0, S_0x5a21233450b0;
 .timescale 0 0;
    .port_info 0 /INPUT 1 "rst";
    .port_info 1 /INPUT 1 "clk";
    .port_info 2 /INPUT 1 "l";
    .port_info 3 /INPUT 1 "r";
    .port_info 4 /OUTPUT 1 "lc";
    .port_info 5 /OUTPUT 1 "lb";
    .port_info 6 /OUTPUT 1 "la";
    .port_info 7 /OUTPUT 1 "ra";
    .port_info 8 /OUTPUT 1 "rb";
    .port_info 9 /OUTPUT 1 "rc";
P_0x5a21233019d0 .param/l "INIT" 0 3 8, C4<0000>;
P_0x5a2123301a10 .param/l "LA" 0 3 12, C4<1000>;
P_0x5a2123301a50 .param/l "LAB" 0 3 13, C4<1100>;
P_0x5a2123301a90 .param/l "LABC" 0 3 14, C4<1110>;
P_0x5a2123301ad0 .param/l "RA" 0 3 9, C4<0001>;
P_0x5a2123301b10 .param/l "RAB" 0 3 10, C4<0011>;
P_0x5a2123301b50 .param/l "RABC" 0 3 11, C4<0111>;
v0x5a2123330450_0 .net "clk", 0 0, v0x5a2123365a50_0;  1 drivers
v0x5a2123365000_0 .net "l", 0 0, v0x5a2123365db0_0;  1 drivers
v0x5a21233650c0_0 .var "la", 0 0;
v0x5a2123365160_0 .var "lb", 0 0;
v0x5a2123365220_0 .var "lc", 0 0;
v0x5a2123365330_0 .var "nextState", 3 0;
v0x5a2123365410_0 .net "r", 0 0, v0x5a2123366190_0;  1 drivers
v0x5a21233654d0_0 .var "ra", 0 0;
v0x5a2123365590_0 .var "rb", 0 0;
v0x5a2123365650_0 .var "rc", 0 0;
v0x5a2123365710_0 .net "rst", 0 0, v0x5a21233660c0_0;  1 drivers
v0x5a21233657d0_0 .var "state", 3 0;
E_0x5a2123339aa0 .event edge, v0x5a21233657d0_0;
E_0x5a21233001f0 .event edge, v0x5a21233657d0_0, v0x5a2123365000_0, v0x5a2123365410_0;
E_0x5a2123339e00 .event posedge, v0x5a2123330450_0;
    .scope S_0x5a2123345240;
T_0 ;
    %wait E_0x5a2123339e00;
    %load/vec4 v0x5a2123365710_0;
    %flag_set/vec4 8;
    %jmp/0xz  T_0.0, 8;
    %pushi/vec4 0, 0, 4;
    %assign/vec4 v0x5a21233657d0_0, 0;
    %jmp T_0.1;
T_0.0 ;
    %load/vec4 v0x5a2123365330_0;
    %assign/vec4 v0x5a21233657d0_0, 0;
T_0.1 ;
    %jmp T_0;
    .thread T_0;
    .scope S_0x5a2123345240;
T_1 ;
    %wait E_0x5a21233001f0;
    %load/vec4 v0x5a21233657d0_0;
    %dup/vec4;
    %pushi/vec4 0, 0, 4;
    %cmp/u;
    %jmp/1 T_1.0, 6;
    %dup/vec4;
    %pushi/vec4 1, 0, 4;
    %cmp/u;
    %jmp/1 T_1.1, 6;
    %dup/vec4;
    %pushi/vec4 3, 0, 4;
    %cmp/u;
    %jmp/1 T_1.2, 6;
    %dup/vec4;
    %pushi/vec4 7, 0, 4;
    %cmp/u;
    %jmp/1 T_1.3, 6;
    %dup/vec4;
    %pushi/vec4 8, 0, 4;
    %cmp/u;
    %jmp/1 T_1.4, 6;
    %dup/vec4;
    %pushi/vec4 12, 0, 4;
    %cmp/u;
    %jmp/1 T_1.5, 6;
    %dup/vec4;
    %pushi/vec4 14, 0, 4;
    %cmp/u;
    %jmp/1 T_1.6, 6;
    %pushi/vec4 0, 0, 4;
    %store/vec4 v0x5a2123365330_0, 0, 4;
    %jmp T_1.8;
T_1.0 ;
    %load/vec4 v0x5a2123365000_0;
    %flag_set/vec4 8;
    %jmp/0 T_1.9, 8;
    %pushi/vec4 8, 0, 4;
    %jmp/1 T_1.10, 8;
T_1.9 ; End of true expr.
    %load/vec4 v0x5a2123365410_0;
    %flag_set/vec4 9;
    %jmp/0 T_1.11, 9;
    %pushi/vec4 1, 0, 4;
    %jmp/1 T_1.12, 9;
T_1.11 ; End of true expr.
    %pushi/vec4 0, 0, 4;
    %jmp/0 T_1.12, 9;
 ; End of false expr.
    %blend;
T_1.12;
    %jmp/0 T_1.10, 8;
 ; End of false expr.
    %blend;
T_1.10;
    %store/vec4 v0x5a2123365330_0, 0, 4;
    %jmp T_1.8;
T_1.1 ;
    %pushi/vec4 3, 0, 4;
    %store/vec4 v0x5a2123365330_0, 0, 4;
    %jmp T_1.8;
T_1.2 ;
    %pushi/vec4 7, 0, 4;
    %store/vec4 v0x5a2123365330_0, 0, 4;
    %jmp T_1.8;
T_1.3 ;
    %load/vec4 v0x5a2123365000_0;
    %flag_set/vec4 8;
    %jmp/0 T_1.13, 8;
    %pushi/vec4 8, 0, 4;
    %jmp/1 T_1.14, 8;
T_1.13 ; End of true expr.
    %load/vec4 v0x5a2123365410_0;
    %flag_set/vec4 9;
    %jmp/0 T_1.15, 9;
    %pushi/vec4 1, 0, 4;
    %jmp/1 T_1.16, 9;
T_1.15 ; End of true expr.
    %pushi/vec4 0, 0, 4;
    %jmp/0 T_1.16, 9;
 ; End of false expr.
    %blend;
T_1.16;
    %jmp/0 T_1.14, 8;
 ; End of false expr.
    %blend;
T_1.14;
    %store/vec4 v0x5a2123365330_0, 0, 4;
    %jmp T_1.8;
T_1.4 ;
    %pushi/vec4 12, 0, 4;
    %store/vec4 v0x5a2123365330_0, 0, 4;
    %jmp T_1.8;
T_1.5 ;
    %pushi/vec4 14, 0, 4;
    %store/vec4 v0x5a2123365330_0, 0, 4;
    %jmp T_1.8;
T_1.6 ;
    %load/vec4 v0x5a2123365000_0;
    %flag_set/vec4 8;
    %jmp/0 T_1.17, 8;
    %pushi/vec4 8, 0, 4;
    %jmp/1 T_1.18, 8;
T_1.17 ; End of true expr.
    %load/vec4 v0x5a2123365410_0;
    %flag_set/vec4 9;
    %jmp/0 T_1.19, 9;
    %pushi/vec4 1, 0, 4;
    %jmp/1 T_1.20, 9;
T_1.19 ; End of true expr.
    %pushi/vec4 0, 0, 4;
    %jmp/0 T_1.20, 9;
 ; End of false expr.
    %blend;
T_1.20;
    %jmp/0 T_1.18, 8;
 ; End of false expr.
    %blend;
T_1.18;
    %store/vec4 v0x5a2123365330_0, 0, 4;
    %jmp T_1.8;
T_1.8 ;
    %pop/vec4 1;
    %jmp T_1;
    .thread T_1, $push;
    .scope S_0x5a2123345240;
T_2 ;
    %wait E_0x5a2123339aa0;
    %load/vec4 v0x5a21233657d0_0;
    %dup/vec4;
    %pushi/vec4 0, 0, 4;
    %cmp/u;
    %jmp/1 T_2.0, 6;
    %dup/vec4;
    %pushi/vec4 1, 0, 4;
    %cmp/u;
    %jmp/1 T_2.1, 6;
    %dup/vec4;
    %pushi/vec4 3, 0, 4;
    %cmp/u;
    %jmp/1 T_2.2, 6;
    %dup/vec4;
    %pushi/vec4 7, 0, 4;
    %cmp/u;
    %jmp/1 T_2.3, 6;
    %dup/vec4;
    %pushi/vec4 8, 0, 4;
    %cmp/u;
    %jmp/1 T_2.4, 6;
    %dup/vec4;
    %pushi/vec4 12, 0, 4;
    %cmp/u;
    %jmp/1 T_2.5, 6;
    %dup/vec4;
    %pushi/vec4 14, 0, 4;
    %cmp/u;
    %jmp/1 T_2.6, 6;
    %pushi/vec4 0, 0, 1;
    %assign/vec4 v0x5a2123365220_0, 0;
    %pushi/vec4 0, 0, 1;
    %assign/vec4 v0x5a2123365160_0, 0;
    %pushi/vec4 0, 0, 1;
    %assign/vec4 v0x5a21233650c0_0, 0;
    %pushi/vec4 0, 0, 1;
    %assign/vec4 v0x5a21233654d0_0, 0;
    %pushi/vec4 0, 0, 1;
    %assign/vec4 v0x5a2123365590_0, 0;
    %pushi/vec4 0, 0, 1;
    %assign/vec4 v0x5a2123365650_0, 0;
    %jmp T_2.8;
T_2.0 ;
    %pushi/vec4 0, 0, 1;
    %assign/vec4 v0x5a2123365220_0, 0;
    %pushi/vec4 0, 0, 1;
    %assign/vec4 v0x5a2123365160_0, 0;
    %pushi/vec4 0, 0, 1;
    %assign/vec4 v0x5a21233650c0_0, 0;
    %pushi/vec4 0, 0, 1;
    %assign/vec4 v0x5a21233654d0_0, 0;
    %pushi/vec4 0, 0, 1;
    %assign/vec4 v0x5a2123365590_0, 0;
    %pushi/vec4 0, 0, 1;
    %assign/vec4 v0x5a2123365650_0, 0;
    %jmp T_2.8;
T_2.1 ;
    %pushi/vec4 0, 0, 1;
    %assign/vec4 v0x5a2123365220_0, 0;
    %pushi/vec4 0, 0, 1;
    %assign/vec4 v0x5a2123365160_0, 0;
    %pushi/vec4 0, 0, 1;
    %assign/vec4 v0x5a21233650c0_0, 0;
    %pushi/vec4 1, 0, 1;
    %assign/vec4 v0x5a21233654d0_0, 0;
    %pushi/vec4 0, 0, 1;
    %assign/vec4 v0x5a2123365590_0, 0;
    %pushi/vec4 0, 0, 1;
    %assign/vec4 v0x5a2123365650_0, 0;
    %jmp T_2.8;
T_2.2 ;
    %pushi/vec4 0, 0, 1;
    %assign/vec4 v0x5a2123365220_0, 0;
    %pushi/vec4 0, 0, 1;
    %assign/vec4 v0x5a2123365160_0, 0;
    %pushi/vec4 0, 0, 1;
    %assign/vec4 v0x5a21233650c0_0, 0;
    %pushi/vec4 1, 0, 1;
    %assign/vec4 v0x5a21233654d0_0, 0;
    %pushi/vec4 1, 0, 1;
    %assign/vec4 v0x5a2123365590_0, 0;
    %pushi/vec4 0, 0, 1;
    %assign/vec4 v0x5a2123365650_0, 0;
    %jmp T_2.8;
T_2.3 ;
    %pushi/vec4 0, 0, 1;
    %assign/vec4 v0x5a2123365220_0, 0;
    %pushi/vec4 0, 0, 1;
    %assign/vec4 v0x5a2123365160_0, 0;
    %pushi/vec4 0, 0, 1;
    %assign/vec4 v0x5a21233650c0_0, 0;
    %pushi/vec4 1, 0, 1;
    %assign/vec4 v0x5a21233654d0_0, 0;
    %pushi/vec4 1, 0, 1;
    %assign/vec4 v0x5a2123365590_0, 0;
    %pushi/vec4 1, 0, 1;
    %assign/vec4 v0x5a2123365650_0, 0;
    %jmp T_2.8;
T_2.4 ;
    %pushi/vec4 0, 0, 1;
    %assign/vec4 v0x5a2123365220_0, 0;
    %pushi/vec4 0, 0, 1;
    %assign/vec4 v0x5a2123365160_0, 0;
    %pushi/vec4 1, 0, 1;
    %assign/vec4 v0x5a21233650c0_0, 0;
    %pushi/vec4 0, 0, 1;
    %assign/vec4 v0x5a21233654d0_0, 0;
    %pushi/vec4 0, 0, 1;
    %assign/vec4 v0x5a2123365590_0, 0;
    %pushi/vec4 0, 0, 1;
    %assign/vec4 v0x5a2123365650_0, 0;
    %jmp T_2.8;
T_2.5 ;
    %pushi/vec4 0, 0, 1;
    %assign/vec4 v0x5a2123365220_0, 0;
    %pushi/vec4 1, 0, 1;
    %assign/vec4 v0x5a2123365160_0, 0;
    %pushi/vec4 1, 0, 1;
    %assign/vec4 v0x5a21233650c0_0, 0;
    %pushi/vec4 0, 0, 1;
    %assign/vec4 v0x5a21233654d0_0, 0;
    %pushi/vec4 0, 0, 1;
    %assign/vec4 v0x5a2123365590_0, 0;
    %pushi/vec4 0, 0, 1;
    %assign/vec4 v0x5a2123365650_0, 0;
    %jmp T_2.8;
T_2.6 ;
    %pushi/vec4 1, 0, 1;
    %assign/vec4 v0x5a2123365220_0, 0;
    %pushi/vec4 1, 0, 1;
    %assign/vec4 v0x5a2123365160_0, 0;
    %pushi/vec4 1, 0, 1;
    %assign/vec4 v0x5a21233650c0_0, 0;
    %pushi/vec4 0, 0, 1;
    %assign/vec4 v0x5a21233654d0_0, 0;
    %pushi/vec4 0, 0, 1;
    %assign/vec4 v0x5a2123365590_0, 0;
    %pushi/vec4 0, 0, 1;
    %assign/vec4 v0x5a2123365650_0, 0;
    %jmp T_2.8;
T_2.8 ;
    %pop/vec4 1;
    %jmp T_2;
    .thread T_2, $push;
    .scope S_0x5a21233450b0;
T_3 ;
    %vpi_call 2 19 "$dumpfile", "test_tail.vcd" {0 0 0};
    %vpi_call 2 20 "$dumpvars", 32'sb00000000000000000000000000000000, S_0x5a21233450b0 {0 0 0};
    %pushi/vec4 0, 0, 1;
    %store/vec4 v0x5a2123365a50_0, 0, 1;
T_3.0 ;
    %delay 5000, 0;
    %load/vec4 v0x5a2123365a50_0;
    %inv;
    %store/vec4 v0x5a2123365a50_0, 0, 1;
    %jmp T_3.0;
    %end;
    .thread T_3;
    .scope S_0x5a21233450b0;
T_4 ;
    %pushi/vec4 1, 0, 1;
    %store/vec4 v0x5a21233660c0_0, 0, 1;
    %pushi/vec4 0, 0, 1;
    %store/vec4 v0x5a2123365db0_0, 0, 1;
    %pushi/vec4 0, 0, 1;
    %store/vec4 v0x5a2123366190_0, 0, 1;
    %delay 10000, 0;
    %pushi/vec4 0, 0, 1;
    %store/vec4 v0x5a21233660c0_0, 0, 1;
    %delay 10000, 0;
    %pushi/vec4 1, 0, 1;
    %store/vec4 v0x5a2123365db0_0, 0, 1;
    %delay 10000, 0;
    %pushi/vec4 0, 0, 1;
    %store/vec4 v0x5a2123365db0_0, 0, 1;
    %delay 30000, 0;
    %pushi/vec4 1, 0, 1;
    %store/vec4 v0x5a2123366190_0, 0, 1;
    %delay 10000, 0;
    %pushi/vec4 0, 0, 1;
    %store/vec4 v0x5a2123366190_0, 0, 1;
    %delay 30000, 0;
    %pushi/vec4 1, 0, 1;
    %store/vec4 v0x5a2123365db0_0, 0, 1;
    %delay 10000, 0;
    %pushi/vec4 0, 0, 1;
    %store/vec4 v0x5a2123365db0_0, 0, 1;
    %delay 10000, 0;
    %pushi/vec4 1, 0, 1;
    %store/vec4 v0x5a21233660c0_0, 0, 1;
    %delay 10000, 0;
    %pushi/vec4 0, 0, 1;
    %store/vec4 v0x5a21233660c0_0, 0, 1;
    %delay 10000, 0;
    %pushi/vec4 1, 0, 1;
    %store/vec4 v0x5a2123366190_0, 0, 1;
    %delay 10000, 0;
    %pushi/vec4 0, 0, 1;
    %store/vec4 v0x5a2123366190_0, 0, 1;
    %delay 10000, 0;
    %pushi/vec4 1, 0, 1;
    %store/vec4 v0x5a21233660c0_0, 0, 1;
    %delay 10000, 0;
    %pushi/vec4 0, 0, 1;
    %store/vec4 v0x5a21233660c0_0, 0, 1;
    %delay 10000, 0;
    %pushi/vec4 1, 0, 1;
    %store/vec4 v0x5a2123365db0_0, 0, 1;
    %pushi/vec4 1, 0, 1;
    %store/vec4 v0x5a2123366190_0, 0, 1;
    %pushi/vec4 1, 0, 1;
    %store/vec4 v0x5a21233660c0_0, 0, 1;
    %delay 10000, 0;
    %pushi/vec4 0, 0, 1;
    %store/vec4 v0x5a21233660c0_0, 0, 1;
    %delay 10000, 0;
    %pushi/vec4 0, 0, 1;
    %store/vec4 v0x5a2123365db0_0, 0, 1;
    %pushi/vec4 0, 0, 1;
    %store/vec4 v0x5a2123366190_0, 0, 1;
    %delay 30000, 0;
    %pushi/vec4 1, 0, 1;
    %store/vec4 v0x5a2123365db0_0, 0, 1;
    %delay 40000, 0;
    %pushi/vec4 0, 0, 1;
    %store/vec4 v0x5a2123365db0_0, 0, 1;
    %delay 20000, 0;
    %pushi/vec4 1, 0, 1;
    %store/vec4 v0x5a2123365db0_0, 0, 1;
    %delay 10000, 0;
    %pushi/vec4 0, 0, 1;
    %store/vec4 v0x5a2123365db0_0, 0, 1;
    %pushi/vec4 1, 0, 1;
    %store/vec4 v0x5a2123366190_0, 0, 1;
    %delay 40000, 0;
    %pushi/vec4 0, 0, 1;
    %store/vec4 v0x5a2123366190_0, 0, 1;
    %pushi/vec4 1, 0, 1;
    %store/vec4 v0x5a2123365db0_0, 0, 1;
    %delay 30000, 0;
    %pushi/vec4 0, 0, 1;
    %store/vec4 v0x5a2123365db0_0, 0, 1;
    %delay 30000, 0;
    %pushi/vec4 1, 0, 1;
    %store/vec4 v0x5a21233660c0_0, 0, 1;
    %delay 10000, 0;
    %pushi/vec4 0, 0, 1;
    %store/vec4 v0x5a21233660c0_0, 0, 1;
    %vpi_call 2 82 "$finish" {0 0 0};
    %end;
    .thread T_4;
# The file index is used to find the file name in the following table.
:file_names 4;
    "N/A";
    "<interactive>";
    "TailLight_tb.v";
    "TailLight.v";
